<?xml version="1.0" encoding="UTF-8"?>
<!-- Generated by org.testng.reporters.JUnitXMLReporter -->
<testsuite hostname="LAPTOP-MC2FHNDC" ignored="0" name="Surefire test" tests="5" failures="0" timestamp="2021-01-18T18:23:24 EST" time="72.976" errors="0">
  <testcase name="test1UsingPOM" time="0.003" classname="tests.Test_Expl"/>
  <testcase name="test2UsingPOM" time="0.0" classname="tests.Test_Expl"/>
  <testcase name="test3UsingPOM" time="0.001" classname="tests.Test_Expl"/>
  <testcase name="test4UsingPOM" time="0.0" classname="tests.Test_Expl"/>
  <testcase name="test5UsingPOM" time="0.0" classname="tests.Test_Expl"/>
</testsuite> <!-- Surefire test -->
