<?xml version="1.0" encoding="UTF-8"?>
<!-- Generated by org.testng.reporters.JUnitXMLReporter -->
<testsuite hostname="LAPTOP-MC2FHNDC" ignored="7" name="Default test" tests="1" failures="0" timestamp="2021-01-23T20:38:54 EST" time="24.271" errors="0">
  <testcase name="test3WebsiteFooter" time="7.796" classname="tests.KatyaSprint2"/>
  <testcase name="test7WebsiteFooter" time="0.0" classname="tests.KatyaSprint2">
    <ignored/>
  </testcase> <!-- test7WebsiteFooter -->
  <testcase name="test5WebsiteFooter" time="0.0" classname="tests.KatyaSprint2">
    <ignored/>
  </testcase> <!-- test5WebsiteFooter -->
  <testcase name="test6WebsiteFooter" time="0.0" classname="tests.KatyaSprint2">
    <ignored/>
  </testcase> <!-- test6WebsiteFooter -->
  <testcase name="test1WebsiteFooter" time="0.0" classname="tests.KatyaSprint2">
    <ignored/>
  </testcase> <!-- test1WebsiteFooter -->
  <testcase name="test2WebsiteFooter" time="0.0" classname="tests.KatyaSprint2">
    <ignored/>
  </testcase> <!-- test2WebsiteFooter -->
  <testcase name="test4WebsiteFooter" time="0.0" classname="tests.KatyaSprint2">
    <ignored/>
  </testcase> <!-- test4WebsiteFooter -->
  <testcase name="test8WebsiteFooter" time="0.0" classname="tests.KatyaSprint2">
    <ignored/>
  </testcase> <!-- test8WebsiteFooter -->
</testsuite> <!-- Default test -->
