<?xml version="1.0" encoding="UTF-8"?>
<!-- Generated by org.testng.reporters.JUnitXMLReporter -->
<testsuite hostname="LAPTOP-MC2FHNDC" ignored="0" name=" Running multiple classes" tests="31" failures="1" timestamp="2021-01-18T18:33:10 EST" time="1241.2" errors="0">
  <testcase name="test1UsingPOM" time="185.005" classname="tests.Katya"/>
  <testcase name="test2UsingPOM" time="105.262" classname="tests.Katya"/>
  <testcase name="test3UsingPOM" time="170.152" classname="tests.Katya"/>
  <testcase name="test4UsingPOM" time="31.849" classname="tests.Katya"/>
  <testcase name="test5UsingPOM" time="121.028" classname="tests.Katya"/>
  <testcase name="negativeLoginNonEng" time="5.248" classname="tests.Sana"/>
  <testcase name="negativeLoginNonEng" time="4.851" classname="tests.Sana"/>
  <testcase name="negativeLoginNonEng" time="4.892" classname="tests.Sana"/>
  <testcase name="joinSkyMiles" time="51.898" classname="tests.Sana"/>
  <testcase name="negativeLoginDigits" time="10.39" classname="tests.Sana"/>
  <testcase name="negativeLoginLN" time="4.465" classname="tests.Sana"/>
  <testcase name="negativeLoginLN" time="4.401" classname="tests.Sana"/>
  <testcase name="negativeLoginLN" time="5.239" classname="tests.Sana"/>
  <testcase name="negativeLoginLN" time="4.853" classname="tests.Sana"/>
  <testcase name="negativeLoginLN" time="4.842" classname="tests.Sana"/>
  <testcase name="negativeLoginWP" time="8.732" classname="tests.Sana"/>
  <testcase name="passwordResetLinks" time="6.004" classname="tests.Sana"/>
  <testcase name="positiveLogin" time="17.649" classname="tests.Sana"/>
  <testcase name="verifyCheckbox" time="10.409" classname="tests.Sana"/>
  <testcase name="BaggageLink" time="5.923" classname="tests.DilmuRodAndKaterina"/>
  <testcase name="advancedSearchOption" time="4.056" classname="tests.DilmuRodAndKaterina"/>
  <testcase name="calendarBookingPage" time="3.939" classname="tests.DilmuRodAndKaterina"/>
  <testcase name="checkFunctions" time="3.465" classname="tests.DilmuRodAndKaterina">
    <failure type="org.openqa.selenium.ElementClickInterceptedException" message="element click intercepted: Element &amp;lt;div _ngcontent-c2=&amp;quot;&amp;quot; class=&amp;quot;travelDateSelectionView&amp;quot;&amp;gt;...&amp;lt;/div&amp;gt; is not clickable at point (841, 191). Other element would receive the click: &amp;lt;modal-container class=&amp;quot;modal show&amp;quot; role=&amp;quot;dialog&amp;quot; tabindex=&amp;quot;-1&amp;quot; aria-modal=&amp;quot;true&amp;quot; aria-labelledby=&amp;quot;modalTitle&amp;quot; style=&amp;quot;display: block;&amp;quot;&amp;gt;...&amp;lt;/modal-container&amp;gt;
  (Session info: chrome=87.0.4280.141)
Build info: version: &amp;apos;3.141.59&amp;apos;, revision: &amp;apos;e82be7d358&amp;apos;, time: &amp;apos;2018-11-14T08:17:03&amp;apos;
System info: host: &amp;apos;LAPTOP-MC2FHNDC&amp;apos;, ip: &amp;apos;192.168.1.102&amp;apos;, os.name: &amp;apos;Windows 10&amp;apos;, os.arch: &amp;apos;amd64&amp;apos;, os.version: &amp;apos;10.0&amp;apos;, java.version: &amp;apos;1.8.0_261&amp;apos;
Driver info: org.openqa.selenium.chrome.ChromeDriver
Capabilities {acceptInsecureCerts: false, browserName: chrome, browserVersion: 87.0.4280.141, chrome: {chromedriverVersion: 87.0.4280.88 (89e2380a3e36c..., userDataDir: C:\Users\eesha\AppData\Loca...}, goog:chromeOptions: {debuggerAddress: localhost:58201}, javascriptEnabled: true, networkConnectionEnabled: false, pageLoadStrategy: normal, platform: WINDOWS, platformName: WINDOWS, proxy: Proxy(), setWindowRect: true, strictFileInteractability: false, timeouts: {implicit: 0, pageLoad: 300000, script: 30000}, unhandledPromptBehavior: dismiss and notify, webauthn:virtualAuthenticators: true}
Session ID: a9e772b6aa2bac137ab7de9e4fbb3bb4">
      <![CDATA[org.openqa.selenium.ElementClickInterceptedException: element click intercepted: Element <div _ngcontent-c2="" class="travelDateSelectionView">...</div> is not clickable at point (841, 191). Other element would receive the click: <modal-container class="modal show" role="dialog" tabindex="-1" aria-modal="true" aria-labelledby="modalTitle" style="display: block;">...</modal-container>
  (Session info: chrome=87.0.4280.141)
Build info: version: '3.141.59', revision: 'e82be7d358', time: '2018-11-14T08:17:03'
System info: host: 'LAPTOP-MC2FHNDC', ip: '192.168.1.102', os.name: 'Windows 10', os.arch: 'amd64', os.version: '10.0', java.version: '1.8.0_261'
Driver info: org.openqa.selenium.chrome.ChromeDriver
Capabilities {acceptInsecureCerts: false, browserName: chrome, browserVersion: 87.0.4280.141, chrome: {chromedriverVersion: 87.0.4280.88 (89e2380a3e36c..., userDataDir: C:\Users\eesha\AppData\Loca...}, goog:chromeOptions: {debuggerAddress: localhost:58201}, javascriptEnabled: true, networkConnectionEnabled: false, pageLoadStrategy: normal, platform: WINDOWS, platformName: WINDOWS, proxy: Proxy(), setWindowRect: true, strictFileInteractability: false, timeouts: {implicit: 0, pageLoad: 300000, script: 30000}, unhandledPromptBehavior: dismiss and notify, webauthn:virtualAuthenticators: true}
Session ID: a9e772b6aa2bac137ab7de9e4fbb3bb4
at org.openqa.selenium.remote.http.W3CHttpResponseCodec.createException(W3CHttpResponseCodec.java:187)
at org.openqa.selenium.remote.http.W3CHttpResponseCodec.decode(W3CHttpResponseCodec.java:122)
at org.openqa.selenium.remote.http.W3CHttpResponseCodec.decode(W3CHttpResponseCodec.java:49)
at org.openqa.selenium.remote.HttpCommandExecutor.execute(HttpCommandExecutor.java:158)
at org.openqa.selenium.remote.service.DriverCommandExecutor.execute(DriverCommandExecutor.java:83)
at org.openqa.selenium.remote.RemoteWebDriver.execute(RemoteWebDriver.java:552)
at org.openqa.selenium.remote.RemoteWebElement.execute(RemoteWebElement.java:285)
at org.openqa.selenium.remote.RemoteWebElement.click(RemoteWebElement.java:84)
at org.openqa.selenium.support.pagefactory.internal.LocatingElementHandler.invoke(LocatingElementHandler.java:51)
at com.sun.proxy.$Proxy10.click(Unknown Source)
at tests.DilmuRodAndKaterina.checkFunctions(DilmuRodAndKaterina.java:234)
at java.util.ArrayList.forEach(Unknown Source)
... Removed 34 stack frames]]>
    </failure>
  </testcase> <!-- checkFunctions -->
  <testcase name="errorMsgBookingPage" time="2.994" classname="tests.DilmuRodAndKaterina"/>
  <testcase name="extraInfoOption" time="10.212" classname="tests.DilmuRodAndKaterina"/>
  <testcase name="faresOption" time="5.806" classname="tests.DilmuRodAndKaterina"/>
  <testcase name="nonStopOption" time="14.693" classname="tests.DilmuRodAndKaterina"/>
  <testcase name="sameCityOption" time="3.939" classname="tests.DilmuRodAndKaterina"/>
  <testcase name="searchResultsBookingPage" time="9.209" classname="tests.DilmuRodAndKaterina"/>
  <testcase name="vacationLink" time="7.057" classname="tests.DilmuRodAndKaterina"/>
  <testcase name="verifyShoppingLinks" time="0.27" classname="tests.DilmuRodAndKaterina"/>
</testsuite> <!--  Running multiple classes -->
