<?xml version="1.0" encoding="UTF-8"?>
<!-- Generated by org.testng.reporters.JUnitXMLReporter -->
<testsuite hostname="DESKTOP-DJATTJ7" ignored="0" name=" Running multiple classes" tests="5" failures="0" timestamp="2021-01-24T18:08:17 EST" time="86.12" errors="0">
  <testcase name="multipleCity" time="3.542" classname="tests.DilmuRodSprint2"/>
  <testcase name="randomNumberOfPassengers" time="10.633" classname="tests.DilmuRodSprint2"/>
  <testcase name="verifyAllLinksOnBookingPage" time="6.463" classname="tests.DilmuRodSprint2"/>
  <testcase name="verifyThreeDifferentSearchResul" time="15.529" classname="tests.DilmuRodSprint2"/>
  <testcase name="verifyThreeDifferentSearchResults" time="12.396" classname="tests.DilmuRodSprint2"/>
</testsuite> <!--  Running multiple classes -->
