<?xml version="1.0" encoding="UTF-8"?>
<!-- Generated by org.testng.reporters.JUnitXMLReporter -->
<testsuite hostname="LAPTOP-MC2FHNDC" ignored="0" name="Chrome Test" tests="6" failures="0" timestamp="2021-01-24T18:17:45 EST" time="235.111" errors="0">
  <testcase name="cityFullNameBookingPage" time="5.687" classname="tests.KaterinaSprint2"/>
  <testcase name="datesBookingPage" time="16.504" classname="tests.KaterinaSprint2"/>
  <testcase name="feedbackBookingPage" time="12.645" classname="tests.KaterinaSprint2"/>
  <testcase name="modifyResultPage" time="37.183" classname="tests.KaterinaSprint2"/>
  <testcase name="priceSliderResultsPage" time="30.805" classname="tests.KaterinaSprint2"/>
  <testcase name="productExpResultsPage" time="37.754" classname="tests.KaterinaSprint2"/>
</testsuite> <!-- Chrome Test -->
