<?xml version="1.0" encoding="UTF-8"?>
<!-- Generated by org.testng.reporters.JUnitXMLReporter -->
<testsuite hostname="LAPTOP-MC2FHNDC" ignored="0" name="Chrome Test" tests="6" failures="0" timestamp="2021-01-24T19:12:29 EST" time="221.507" errors="0">
  <testcase name="cityFullNameBookingPage" time="6.211" classname="tests.KaterinaSprint2"/>
  <testcase name="datesBookingPage" time="19.376" classname="tests.KaterinaSprint2"/>
  <testcase name="feedbackBookingPage" time="6.351" classname="tests.KaterinaSprint2"/>
  <testcase name="modifyResultPage" time="33.593" classname="tests.KaterinaSprint2"/>
  <testcase name="priceSliderResultsPage" time="29.731" classname="tests.KaterinaSprint2"/>
  <testcase name="productExpResultsPage" time="30.274" classname="tests.KaterinaSprint2"/>
</testsuite> <!-- Chrome Test -->
