<?xml version="1.0" encoding="UTF-8"?>
<testng-results skipped="0" failed="0" ignored="9" total="10" passed="1">
  <reporter-output>
  </reporter-output>
  <suite name="Default suite" duration-ms="48734" started-at="2021-01-17T09:51:27 EST" finished-at="2021-01-17T09:52:16 EST">
    <groups>
    </groups>
    <test name="Default test" duration-ms="48734" started-at="2021-01-17T09:51:27 EST" finished-at="2021-01-17T09:52:16 EST">
      <class name="tests.DilmuRodAndKaterina">
        <test-method status="PASS" signature="setupMethod()[pri:0, instance:tests.DilmuRodAndKaterina@4d95d2a2]" name="setupMethod" is-config="true" duration-ms="41754" started-at="2021-01-17T09:51:27 EST" finished-at="2021-01-17T09:52:09 EST">
          <reporter-output>
          </reporter-output>
        </test-method> <!-- setupMethod -->
        <test-method status="PASS" signature="advancedSearchOption()[pri:0, instance:tests.DilmuRodAndKaterina@4d95d2a2]" name="advancedSearchOption" duration-ms="5767" started-at="2021-01-17T09:52:09 EST" finished-at="2021-01-17T09:52:15 EST">
          <reporter-output>
          </reporter-output>
        </test-method> <!-- advancedSearchOption -->
        <test-method status="PASS" signature="teardownMethod()[pri:0, instance:tests.DilmuRodAndKaterina@4d95d2a2]" name="teardownMethod" is-config="true" duration-ms="1158" started-at="2021-01-17T09:52:15 EST" finished-at="2021-01-17T09:52:16 EST">
          <reporter-output>
          </reporter-output>
        </test-method> <!-- teardownMethod -->
      </class> <!-- tests.DilmuRodAndKaterina -->
    </test> <!-- Default test -->
  </suite> <!-- Default suite -->
</testng-results>
