<?xml version="1.0" encoding="UTF-8"?>
<testng-results skipped="0" failed="0" ignored="0" total="10" passed="10">
  <reporter-output>
  </reporter-output>
  <suite name="Default suite" duration-ms="363591" started-at="2021-01-21T13:43:15 EST" finished-at="2021-01-21T13:49:19 EST">
    <groups>
    </groups>
    <test name="Default test" duration-ms="363591" started-at="2021-01-21T13:43:15 EST" finished-at="2021-01-21T13:49:19 EST">
      <class name="tests.SanaSprint2">
        <test-method status="PASS" signature="setUpReport()[pri:0, instance:tests.SanaSprint2@6a79c292]" name="setUpReport" is-config="true" duration-ms="192" started-at="2021-01-21T13:43:15 EST" finished-at="2021-01-21T13:43:15 EST">
          <reporter-output>
          </reporter-output>
        </test-method> <!-- setUpReport -->
        <test-method status="PASS" signature="setupMethod(java.lang.String)[pri:0, instance:tests.SanaSprint2@6a79c292]" name="setupMethod" is-config="true" duration-ms="8716" started-at="2021-01-21T13:43:15 EST" finished-at="2021-01-21T13:43:24 EST">
          <params>
            <param index="0">
              <value is-null="true"/>
            </param>
          </params>
          <reporter-output>
          </reporter-output>
        </test-method> <!-- setupMethod -->
        <test-method status="PASS" signature="maxGiftCardAmount()[pri:0, instance:tests.SanaSprint2@6a79c292]" name="maxGiftCardAmount" duration-ms="27088" started-at="2021-01-21T13:43:24 EST" finished-at="2021-01-21T13:43:51 EST">
          <reporter-output>
          </reporter-output>
        </test-method> <!-- maxGiftCardAmount -->
        <test-method status="PASS" signature="teardownMethod(org.testng.ITestResult)[pri:0, instance:tests.SanaSprint2@6a79c292]" name="teardownMethod" is-config="true" duration-ms="779" started-at="2021-01-21T13:43:51 EST" finished-at="2021-01-21T13:43:52 EST">
          <params>
            <param index="0">
              <value>
                <![CDATA[[TestResult name=maxGiftCardAmount status=SUCCESS method=SanaSprint2.maxGiftCardAmount()[pri:0, instance:tests.SanaSprint2@6a79c292] output={null}]]]>
              </value>
            </param>
          </params>
          <reporter-output>
          </reporter-output>
        </test-method> <!-- teardownMethod -->
        <test-method status="PASS" signature="setupMethod(java.lang.String)[pri:0, instance:tests.SanaSprint2@6a79c292]" name="setupMethod" is-config="true" duration-ms="8366" started-at="2021-01-21T13:43:52 EST" finished-at="2021-01-21T13:44:00 EST">
          <params>
            <param index="0">
              <value is-null="true"/>
            </param>
          </params>
          <reporter-output>
          </reporter-output>
        </test-method> <!-- setupMethod -->
        <test-method status="PASS" signature="minGiftCardAmount()[pri:0, instance:tests.SanaSprint2@6a79c292]" name="minGiftCardAmount" duration-ms="27346" started-at="2021-01-21T13:44:00 EST" finished-at="2021-01-21T13:44:27 EST">
          <reporter-output>
          </reporter-output>
        </test-method> <!-- minGiftCardAmount -->
        <test-method status="PASS" signature="teardownMethod(org.testng.ITestResult)[pri:0, instance:tests.SanaSprint2@6a79c292]" name="teardownMethod" is-config="true" duration-ms="799" started-at="2021-01-21T13:44:27 EST" finished-at="2021-01-21T13:44:28 EST">
          <params>
            <param index="0">
              <value>
                <![CDATA[[TestResult name=minGiftCardAmount status=SUCCESS method=SanaSprint2.minGiftCardAmount()[pri:0, instance:tests.SanaSprint2@6a79c292] output={null}]]]>
              </value>
            </param>
          </params>
          <reporter-output>
          </reporter-output>
        </test-method> <!-- teardownMethod -->
        <test-method status="PASS" signature="setupMethod(java.lang.String)[pri:0, instance:tests.SanaSprint2@6a79c292]" name="setupMethod" is-config="true" duration-ms="8433" started-at="2021-01-21T13:44:28 EST" finished-at="2021-01-21T13:44:37 EST">
          <params>
            <param index="0">
              <value is-null="true"/>
            </param>
          </params>
          <reporter-output>
          </reporter-output>
        </test-method> <!-- setupMethod -->
        <test-method status="PASS" signature="mismatchEmails()[pri:0, instance:tests.SanaSprint2@6a79c292]" name="mismatchEmails" duration-ms="28324" started-at="2021-01-21T13:44:37 EST" finished-at="2021-01-21T13:45:05 EST">
          <reporter-output>
          </reporter-output>
        </test-method> <!-- mismatchEmails -->
        <test-method status="PASS" signature="teardownMethod(org.testng.ITestResult)[pri:0, instance:tests.SanaSprint2@6a79c292]" name="teardownMethod" is-config="true" duration-ms="776" started-at="2021-01-21T13:45:05 EST" finished-at="2021-01-21T13:45:06 EST">
          <params>
            <param index="0">
              <value>
                <![CDATA[[TestResult name=mismatchEmails status=SUCCESS method=SanaSprint2.mismatchEmails()[pri:0, instance:tests.SanaSprint2@6a79c292] output={null}]]]>
              </value>
            </param>
          </params>
          <reporter-output>
          </reporter-output>
        </test-method> <!-- teardownMethod -->
        <test-method status="PASS" signature="setupMethod(java.lang.String)[pri:0, instance:tests.SanaSprint2@6a79c292]" name="setupMethod" is-config="true" duration-ms="8264" started-at="2021-01-21T13:45:06 EST" finished-at="2021-01-21T13:45:14 EST">
          <params>
            <param index="0">
              <value is-null="true"/>
            </param>
          </params>
          <reporter-output>
          </reporter-output>
        </test-method> <!-- setupMethod -->
        <test-method status="PASS" signature="negativeCreditCard()[pri:0, instance:tests.SanaSprint2@6a79c292]" name="negativeCreditCard" duration-ms="53767" started-at="2021-01-21T13:45:14 EST" finished-at="2021-01-21T13:46:08 EST">
          <reporter-output>
          </reporter-output>
        </test-method> <!-- negativeCreditCard -->
        <test-method status="PASS" signature="teardownMethod(org.testng.ITestResult)[pri:0, instance:tests.SanaSprint2@6a79c292]" name="teardownMethod" is-config="true" duration-ms="725" started-at="2021-01-21T13:46:08 EST" finished-at="2021-01-21T13:46:08 EST">
          <params>
            <param index="0">
              <value>
                <![CDATA[[TestResult name=negativeCreditCard status=SUCCESS method=SanaSprint2.negativeCreditCard()[pri:0, instance:tests.SanaSprint2@6a79c292] output={null}]]]>
              </value>
            </param>
          </params>
          <reporter-output>
          </reporter-output>
        </test-method> <!-- teardownMethod -->
        <test-method status="PASS" signature="setupMethod(java.lang.String)[pri:0, instance:tests.SanaSprint2@6a79c292]" name="setupMethod" is-config="true" duration-ms="7930" started-at="2021-01-21T13:46:08 EST" finished-at="2021-01-21T13:46:16 EST">
          <params>
            <param index="0">
              <value is-null="true"/>
            </param>
          </params>
          <reporter-output>
          </reporter-output>
        </test-method> <!-- setupMethod -->
        <test-method status="PASS" signature="nonEngSenderName(java.lang.String, java.lang.String)[pri:0, instance:tests.SanaSprint2@6a79c292]" name="nonEngSenderName" duration-ms="27036" started-at="2021-01-21T13:46:16 EST" data-provider="negSN" finished-at="2021-01-21T13:46:43 EST">
          <params>
            <param index="0">
              <value>
                <![CDATA[Testee]]>
              </value>
            </param>
            <param index="1">
              <value>
                <![CDATA[test cihazÄ±]]>
              </value>
            </param>
          </params>
          <reporter-output>
          </reporter-output>
        </test-method> <!-- nonEngSenderName -->
        <test-method status="PASS" signature="teardownMethod(org.testng.ITestResult)[pri:0, instance:tests.SanaSprint2@6a79c292]" name="teardownMethod" is-config="true" duration-ms="741" started-at="2021-01-21T13:46:43 EST" finished-at="2021-01-21T13:46:44 EST">
          <params>
            <param index="0">
              <value>
                <![CDATA[[TestResult name=nonEngSenderName status=SUCCESS method=SanaSprint2.nonEngSenderName(java.lang.String, java.lang.String)[pri:0, instance:tests.SanaSprint2@6a79c292] output={null}]]]>
              </value>
            </param>
          </params>
          <reporter-output>
          </reporter-output>
        </test-method> <!-- teardownMethod -->
        <test-method status="PASS" signature="setupMethod(java.lang.String)[pri:0, instance:tests.SanaSprint2@6a79c292]" name="setupMethod" is-config="true" duration-ms="7915" started-at="2021-01-21T13:46:44 EST" finished-at="2021-01-21T13:46:52 EST">
          <params>
            <param index="0">
              <value is-null="true"/>
            </param>
          </params>
          <reporter-output>
          </reporter-output>
        </test-method> <!-- setupMethod -->
        <test-method status="PASS" signature="nonEngSenderName(java.lang.String, java.lang.String)[pri:0, instance:tests.SanaSprint2@6a79c292]" name="nonEngSenderName" duration-ms="27090" started-at="2021-01-21T13:46:52 EST" data-provider="negSN" finished-at="2021-01-21T13:47:19 EST">
          <params>
            <param index="0">
              <value>
                <![CDATA[Testee]]>
              </value>
            </param>
            <param index="1">
              <value>
                <![CDATA[tester007]]>
              </value>
            </param>
          </params>
          <reporter-output>
          </reporter-output>
        </test-method> <!-- nonEngSenderName -->
        <test-method status="PASS" signature="teardownMethod(org.testng.ITestResult)[pri:0, instance:tests.SanaSprint2@6a79c292]" name="teardownMethod" is-config="true" duration-ms="733" started-at="2021-01-21T13:47:19 EST" finished-at="2021-01-21T13:47:20 EST">
          <params>
            <param index="0">
              <value>
                <![CDATA[[TestResult name=nonEngSenderName status=SUCCESS method=SanaSprint2.nonEngSenderName(java.lang.String, java.lang.String)[pri:0, instance:tests.SanaSprint2@6a79c292] output={null}]]]>
              </value>
            </param>
          </params>
          <reporter-output>
          </reporter-output>
        </test-method> <!-- teardownMethod -->
        <test-method status="PASS" signature="setupMethod(java.lang.String)[pri:0, instance:tests.SanaSprint2@6a79c292]" name="setupMethod" is-config="true" duration-ms="7686" started-at="2021-01-21T13:47:20 EST" finished-at="2021-01-21T13:47:28 EST">
          <params>
            <param index="0">
              <value is-null="true"/>
            </param>
          </params>
          <reporter-output>
          </reporter-output>
        </test-method> <!-- setupMethod -->
        <test-method status="PASS" signature="nonEngSenderName(java.lang.String, java.lang.String)[pri:0, instance:tests.SanaSprint2@6a79c292]" name="nonEngSenderName" duration-ms="27168" started-at="2021-01-21T13:47:28 EST" data-provider="negSN" finished-at="2021-01-21T13:47:55 EST">
          <params>
            <param index="0">
              <value>
                <![CDATA[Testee]]>
              </value>
            </param>
            <param index="1">
              <value>
                <![CDATA[æµ‹è¯•äººå‘˜]]>
              </value>
            </param>
          </params>
          <reporter-output>
          </reporter-output>
        </test-method> <!-- nonEngSenderName -->
        <test-method status="PASS" signature="teardownMethod(org.testng.ITestResult)[pri:0, instance:tests.SanaSprint2@6a79c292]" name="teardownMethod" is-config="true" duration-ms="722" started-at="2021-01-21T13:47:55 EST" finished-at="2021-01-21T13:47:55 EST">
          <params>
            <param index="0">
              <value>
                <![CDATA[[TestResult name=nonEngSenderName status=SUCCESS method=SanaSprint2.nonEngSenderName(java.lang.String, java.lang.String)[pri:0, instance:tests.SanaSprint2@6a79c292] output={null}]]]>
              </value>
            </param>
          </params>
          <reporter-output>
          </reporter-output>
        </test-method> <!-- teardownMethod -->
        <test-method status="PASS" signature="setupMethod(java.lang.String)[pri:0, instance:tests.SanaSprint2@6a79c292]" name="setupMethod" is-config="true" duration-ms="7680" started-at="2021-01-21T13:47:55 EST" finished-at="2021-01-21T13:48:03 EST">
          <params>
            <param index="0">
              <value is-null="true"/>
            </param>
          </params>
          <reporter-output>
          </reporter-output>
        </test-method> <!-- setupMethod -->
        <test-method status="PASS" signature="nonEngSenderName(java.lang.String, java.lang.String)[pri:0, instance:tests.SanaSprint2@6a79c292]" name="nonEngSenderName" duration-ms="27494" started-at="2021-01-21T13:48:03 EST" data-provider="negSN" finished-at="2021-01-21T13:48:31 EST">
          <params>
            <param index="0">
              <value>
                <![CDATA[Testee]]>
              </value>
            </param>
            <param index="1">
              <value>
                <![CDATA[Ø§Ø®ØªØ¨Ø§Ø±]]>
              </value>
            </param>
          </params>
          <reporter-output>
          </reporter-output>
        </test-method> <!-- nonEngSenderName -->
        <test-method status="PASS" signature="teardownMethod(org.testng.ITestResult)[pri:0, instance:tests.SanaSprint2@6a79c292]" name="teardownMethod" is-config="true" duration-ms="734" started-at="2021-01-21T13:48:31 EST" finished-at="2021-01-21T13:48:31 EST">
          <params>
            <param index="0">
              <value>
                <![CDATA[[TestResult name=nonEngSenderName status=SUCCESS method=SanaSprint2.nonEngSenderName(java.lang.String, java.lang.String)[pri:0, instance:tests.SanaSprint2@6a79c292] output={null}]]]>
              </value>
            </param>
          </params>
          <reporter-output>
          </reporter-output>
        </test-method> <!-- teardownMethod -->
        <test-method status="PASS" signature="setupMethod(java.lang.String)[pri:0, instance:tests.SanaSprint2@6a79c292]" name="setupMethod" is-config="true" duration-ms="7890" started-at="2021-01-21T13:48:31 EST" finished-at="2021-01-21T13:48:39 EST">
          <params>
            <param index="0">
              <value is-null="true"/>
            </param>
          </params>
          <reporter-output>
          </reporter-output>
        </test-method> <!-- setupMethod -->
        <test-method status="PASS" signature="nonEngSenderName(java.lang.String, java.lang.String)[pri:0, instance:tests.SanaSprint2@6a79c292]" name="nonEngSenderName" duration-ms="27232" started-at="2021-01-21T13:48:39 EST" data-provider="negSN" finished-at="2021-01-21T13:49:06 EST">
          <params>
            <param index="0">
              <value>
                <![CDATA[Testee]]>
              </value>
            </param>
            <param index="1">
              <value>
                <![CDATA[000000]]>
              </value>
            </param>
          </params>
          <reporter-output>
          </reporter-output>
        </test-method> <!-- nonEngSenderName -->
        <test-method status="PASS" signature="teardownMethod(org.testng.ITestResult)[pri:0, instance:tests.SanaSprint2@6a79c292]" name="teardownMethod" is-config="true" duration-ms="732" started-at="2021-01-21T13:49:06 EST" finished-at="2021-01-21T13:49:07 EST">
          <params>
            <param index="0">
              <value>
                <![CDATA[[TestResult name=nonEngSenderName status=SUCCESS method=SanaSprint2.nonEngSenderName(java.lang.String, java.lang.String)[pri:0, instance:tests.SanaSprint2@6a79c292] output={null}]]]>
              </value>
            </param>
          </params>
          <reporter-output>
          </reporter-output>
        </test-method> <!-- teardownMethod -->
        <test-method status="PASS" signature="setupMethod(java.lang.String)[pri:0, instance:tests.SanaSprint2@6a79c292]" name="setupMethod" is-config="true" duration-ms="7819" started-at="2021-01-21T13:49:07 EST" finished-at="2021-01-21T13:49:15 EST">
          <params>
            <param index="0">
              <value is-null="true"/>
            </param>
          </params>
          <reporter-output>
          </reporter-output>
        </test-method> <!-- setupMethod -->
        <test-method status="PASS" signature="verifyGiftCardLink()[pri:0, instance:tests.SanaSprint2@6a79c292]" name="verifyGiftCardLink" duration-ms="2817" started-at="2021-01-21T13:49:15 EST" finished-at="2021-01-21T13:49:18 EST">
          <reporter-output>
          </reporter-output>
        </test-method> <!-- verifyGiftCardLink -->
        <test-method status="PASS" signature="teardownMethod(org.testng.ITestResult)[pri:0, instance:tests.SanaSprint2@6a79c292]" name="teardownMethod" is-config="true" duration-ms="739" started-at="2021-01-21T13:49:18 EST" finished-at="2021-01-21T13:49:19 EST">
          <params>
            <param index="0">
              <value>
                <![CDATA[[TestResult name=verifyGiftCardLink status=SUCCESS method=SanaSprint2.verifyGiftCardLink()[pri:0, instance:tests.SanaSprint2@6a79c292] output={null}]]]>
              </value>
            </param>
          </params>
          <reporter-output>
          </reporter-output>
        </test-method> <!-- teardownMethod -->
        <test-method status="PASS" signature="tearDownReport()[pri:0, instance:tests.SanaSprint2@6a79c292]" name="tearDownReport" is-config="true" duration-ms="266" started-at="2021-01-21T13:49:19 EST" finished-at="2021-01-21T13:49:19 EST">
          <reporter-output>
          </reporter-output>
        </test-method> <!-- tearDownReport -->
      </class> <!-- tests.SanaSprint2 -->
    </test> <!-- Default test -->
  </suite> <!-- Default suite -->
</testng-results>
