<?xml version="1.0" encoding="UTF-8"?>
<!-- Generated by org.testng.reporters.JUnitXMLReporter -->
<testsuite hostname="LAPTOP-MC2FHNDC" ignored="4" name=" Running multiple classes" tests="24" failures="3" timestamp="2021-01-24T14:51:10 EST" time="355.874" errors="0">
  <testcase name="test1WebsiteFooter" time="5.57" classname="tests.KatyaSprint2"/>
  <testcase name="cityFullNameBookingPage" time="3.318" classname="tests.KaterinaSprint2"/>
  <testcase name="maxGiftCardAmount" time="21.409" classname="tests.SanaSprint2"/>
  <testcase name="datesBookingPage" time="12.258" classname="tests.KaterinaSprint2"/>
  <testcase name="test2WebsiteFooter" time="16.719" classname="tests.KatyaSprint2"/>
  <testcase name="feedbackBookingPage" time="5.809" classname="tests.KaterinaSprint2"/>
  <testcase name="test3WebsiteFooter" time="3.635" classname="tests.KatyaSprint2"/>
  <testcase name="minGiftCardAmount" time="23.233" classname="tests.SanaSprint2"/>
  <testcase name="test4WebsiteFooter" time="1.285" classname="tests.KatyaSprint2">
    <failure type="org.openqa.selenium.ElementClickInterceptedException" message="element click intercepted: Element &amp;lt;a class=&amp;quot;footernav-about-us&amp;quot; href=&amp;quot;/us/en/about-delta/overview&amp;quot; target=&amp;quot;&amp;quot;&amp;gt;...&amp;lt;/a&amp;gt; is not clickable at point (316, 650). Other element would receive the click: &amp;lt;div class=&amp;quot;cookie-footer cookie-footer-container text-left ng-star-inserted&amp;quot;&amp;gt;...&amp;lt;/div&amp;gt;
  (Session info: chrome=87.0.4280.141)
Build info: version: &amp;apos;3.141.59&amp;apos;, revision: &amp;apos;e82be7d358&amp;apos;, time: &amp;apos;2018-11-14T08:17:03&amp;apos;
System info: host: &amp;apos;LAPTOP-MC2FHNDC&amp;apos;, ip: &amp;apos;192.168.1.102&amp;apos;, os.name: &amp;apos;Windows 10&amp;apos;, os.arch: &amp;apos;amd64&amp;apos;, os.version: &amp;apos;10.0&amp;apos;, java.version: &amp;apos;1.8.0_261&amp;apos;
Driver info: org.openqa.selenium.chrome.ChromeDriver
Capabilities {acceptInsecureCerts: false, browserName: chrome, browserVersion: 87.0.4280.141, chrome: {chromedriverVersion: 87.0.4280.88 (89e2380a3e36c..., userDataDir: C:\Users\eesha\AppData\Loca...}, goog:chromeOptions: {debuggerAddress: localhost:57673}, javascriptEnabled: true, networkConnectionEnabled: false, pageLoadStrategy: normal, platform: WINDOWS, platformName: WINDOWS, proxy: Proxy(), setWindowRect: true, strictFileInteractability: false, timeouts: {implicit: 0, pageLoad: 300000, script: 30000}, unhandledPromptBehavior: dismiss and notify, webauthn:virtualAuthenticators: true}
Session ID: 28893993d4052ca5540be4d057762c9a">
      <![CDATA[org.openqa.selenium.ElementClickInterceptedException: element click intercepted: Element <a class="footernav-about-us" href="/us/en/about-delta/overview" target="">...</a> is not clickable at point (316, 650). Other element would receive the click: <div class="cookie-footer cookie-footer-container text-left ng-star-inserted">...</div>
  (Session info: chrome=87.0.4280.141)
Build info: version: '3.141.59', revision: 'e82be7d358', time: '2018-11-14T08:17:03'
System info: host: 'LAPTOP-MC2FHNDC', ip: '192.168.1.102', os.name: 'Windows 10', os.arch: 'amd64', os.version: '10.0', java.version: '1.8.0_261'
Driver info: org.openqa.selenium.chrome.ChromeDriver
Capabilities {acceptInsecureCerts: false, browserName: chrome, browserVersion: 87.0.4280.141, chrome: {chromedriverVersion: 87.0.4280.88 (89e2380a3e36c..., userDataDir: C:\Users\eesha\AppData\Loca...}, goog:chromeOptions: {debuggerAddress: localhost:57673}, javascriptEnabled: true, networkConnectionEnabled: false, pageLoadStrategy: normal, platform: WINDOWS, platformName: WINDOWS, proxy: Proxy(), setWindowRect: true, strictFileInteractability: false, timeouts: {implicit: 0, pageLoad: 300000, script: 30000}, unhandledPromptBehavior: dismiss and notify, webauthn:virtualAuthenticators: true}
Session ID: 28893993d4052ca5540be4d057762c9a
at org.openqa.selenium.remote.http.W3CHttpResponseCodec.createException(W3CHttpResponseCodec.java:187)
at org.openqa.selenium.remote.http.W3CHttpResponseCodec.decode(W3CHttpResponseCodec.java:122)
at org.openqa.selenium.remote.http.W3CHttpResponseCodec.decode(W3CHttpResponseCodec.java:49)
at org.openqa.selenium.remote.HttpCommandExecutor.execute(HttpCommandExecutor.java:158)
at org.openqa.selenium.remote.service.DriverCommandExecutor.execute(DriverCommandExecutor.java:83)
at org.openqa.selenium.remote.RemoteWebDriver.execute(RemoteWebDriver.java:552)
at org.openqa.selenium.remote.RemoteWebElement.execute(RemoteWebElement.java:285)
at org.openqa.selenium.remote.RemoteWebElement.click(RemoteWebElement.java:84)
at org.openqa.selenium.support.pagefactory.internal.LocatingElementHandler.invoke(LocatingElementHandler.java:51)
at com.sun.proxy.$Proxy14.click(Unknown Source)
at tests.KatyaSprint2.test4WebsiteFooter(KatyaSprint2.java:93)
at java.util.concurrent.ThreadPoolExecutor.runWorker(ThreadPoolExecutor.java:1149)
at java.util.concurrent.ThreadPoolExecutor$Worker.run(ThreadPoolExecutor.java:624)
at java.lang.Thread.run(Thread.java:748)
... Removed 19 stack frames]]>
    </failure>
  </testcase> <!-- test4WebsiteFooter -->
  <testcase name="test5WebsiteFooter" time="1.429" classname="tests.KatyaSprint2">
    <failure type="org.openqa.selenium.ElementClickInterceptedException" message="element click intercepted: Element &amp;lt;a class=&amp;quot;footernav-careers&amp;quot; href=&amp;quot;/us/en/careers/overview&amp;quot; target=&amp;quot;&amp;quot;&amp;gt;...&amp;lt;/a&amp;gt; is not clickable at point (311, 680). Other element would receive the click: &amp;lt;p class=&amp;quot;mb-0 cookie-banner-content&amp;quot;&amp;gt;...&amp;lt;/p&amp;gt;
  (Session info: chrome=87.0.4280.141)
Build info: version: &amp;apos;3.141.59&amp;apos;, revision: &amp;apos;e82be7d358&amp;apos;, time: &amp;apos;2018-11-14T08:17:03&amp;apos;
System info: host: &amp;apos;LAPTOP-MC2FHNDC&amp;apos;, ip: &amp;apos;192.168.1.102&amp;apos;, os.name: &amp;apos;Windows 10&amp;apos;, os.arch: &amp;apos;amd64&amp;apos;, os.version: &amp;apos;10.0&amp;apos;, java.version: &amp;apos;1.8.0_261&amp;apos;
Driver info: org.openqa.selenium.chrome.ChromeDriver
Capabilities {acceptInsecureCerts: false, browserName: chrome, browserVersion: 87.0.4280.141, chrome: {chromedriverVersion: 87.0.4280.88 (89e2380a3e36c..., userDataDir: C:\Users\eesha\AppData\Loca...}, goog:chromeOptions: {debuggerAddress: localhost:57868}, javascriptEnabled: true, networkConnectionEnabled: false, pageLoadStrategy: normal, platform: WINDOWS, platformName: WINDOWS, proxy: Proxy(), setWindowRect: true, strictFileInteractability: false, timeouts: {implicit: 0, pageLoad: 300000, script: 30000}, unhandledPromptBehavior: dismiss and notify, webauthn:virtualAuthenticators: true}
Session ID: c6ffe0a1e881b34b4e897dfa4d806ff1">
      <![CDATA[org.openqa.selenium.ElementClickInterceptedException: element click intercepted: Element <a class="footernav-careers" href="/us/en/careers/overview" target="">...</a> is not clickable at point (311, 680). Other element would receive the click: <p class="mb-0 cookie-banner-content">...</p>
  (Session info: chrome=87.0.4280.141)
Build info: version: '3.141.59', revision: 'e82be7d358', time: '2018-11-14T08:17:03'
System info: host: 'LAPTOP-MC2FHNDC', ip: '192.168.1.102', os.name: 'Windows 10', os.arch: 'amd64', os.version: '10.0', java.version: '1.8.0_261'
Driver info: org.openqa.selenium.chrome.ChromeDriver
Capabilities {acceptInsecureCerts: false, browserName: chrome, browserVersion: 87.0.4280.141, chrome: {chromedriverVersion: 87.0.4280.88 (89e2380a3e36c..., userDataDir: C:\Users\eesha\AppData\Loca...}, goog:chromeOptions: {debuggerAddress: localhost:57868}, javascriptEnabled: true, networkConnectionEnabled: false, pageLoadStrategy: normal, platform: WINDOWS, platformName: WINDOWS, proxy: Proxy(), setWindowRect: true, strictFileInteractability: false, timeouts: {implicit: 0, pageLoad: 300000, script: 30000}, unhandledPromptBehavior: dismiss and notify, webauthn:virtualAuthenticators: true}
Session ID: c6ffe0a1e881b34b4e897dfa4d806ff1
at org.openqa.selenium.remote.http.W3CHttpResponseCodec.createException(W3CHttpResponseCodec.java:187)
at org.openqa.selenium.remote.http.W3CHttpResponseCodec.decode(W3CHttpResponseCodec.java:122)
at org.openqa.selenium.remote.http.W3CHttpResponseCodec.decode(W3CHttpResponseCodec.java:49)
at org.openqa.selenium.remote.HttpCommandExecutor.execute(HttpCommandExecutor.java:158)
at org.openqa.selenium.remote.service.DriverCommandExecutor.execute(DriverCommandExecutor.java:83)
at org.openqa.selenium.remote.RemoteWebDriver.execute(RemoteWebDriver.java:552)
at org.openqa.selenium.remote.RemoteWebElement.execute(RemoteWebElement.java:285)
at org.openqa.selenium.remote.RemoteWebElement.click(RemoteWebElement.java:84)
at org.openqa.selenium.support.pagefactory.internal.LocatingElementHandler.invoke(LocatingElementHandler.java:51)
at com.sun.proxy.$Proxy14.click(Unknown Source)
at tests.KatyaSprint2.test5WebsiteFooter(KatyaSprint2.java:113)
at java.util.concurrent.ThreadPoolExecutor.runWorker(ThreadPoolExecutor.java:1149)
at java.util.concurrent.ThreadPoolExecutor$Worker.run(ThreadPoolExecutor.java:624)
at java.lang.Thread.run(Thread.java:748)
... Removed 19 stack frames]]>
    </failure>
  </testcase> <!-- test5WebsiteFooter -->
  <testcase name="mismatchEmails" time="20.273" classname="tests.SanaSprint2"/>
  <testcase name="modifyResultPage" time="28.516" classname="tests.KaterinaSprint2"/>
  <testcase name="test6WebsiteFooter" time="9.288" classname="tests.KatyaSprint2"/>
  <testcase name="test7WebsiteFooter" time="13.334" classname="tests.KatyaSprint2"/>
  <testcase name="negativeCreditCard" time="26.354" classname="tests.SanaSprint2"/>
  <testcase name="priceSliderResultsPage" time="24.173" classname="tests.KaterinaSprint2"/>
  <testcase name="test8WebsiteFooter" time="3.136" classname="tests.KatyaSprint2">
    <failure type="org.openqa.selenium.ElementClickInterceptedException" message="element click intercepted: Element &amp;lt;a aria-haspopup=&amp;quot;true&amp;quot; class=&amp;quot;facebook circle-outline picturefill-background ng-star-inserted&amp;quot; href=&amp;quot;javascript:void(0);&amp;quot; id=&amp;quot;footer-facebook&amp;quot; tabindex=&amp;quot;0&amp;quot; style=&amp;quot;background-image: url(&amp;amp;quot;//content.delta.com/content/www/us/en.damAssetRender.20180411T2106219950400.html/content/dam/delta_homepage_redesign/hpr_optimized_images/social_icons/Facebook-icon-LG.svg&amp;amp;quot;); background-size: cover; background-repeat: no-repeat; background-position: 50% 50%;&amp;quot;&amp;gt;...&amp;lt;/a&amp;gt; is not clickable at point (553, 687). Other element would receive the click: &amp;lt;div class=&amp;quot;cookie-footer cookie-footer-container text-left ng-star-inserted&amp;quot;&amp;gt;...&amp;lt;/div&amp;gt;
  (Session info: chrome=87.0.4280.141)
Build info: version: &amp;apos;3.141.59&amp;apos;, revision: &amp;apos;e82be7d358&amp;apos;, time: &amp;apos;2018-11-14T08:17:03&amp;apos;
System info: host: &amp;apos;LAPTOP-MC2FHNDC&amp;apos;, ip: &amp;apos;192.168.1.102&amp;apos;, os.name: &amp;apos;Windows 10&amp;apos;, os.arch: &amp;apos;amd64&amp;apos;, os.version: &amp;apos;10.0&amp;apos;, java.version: &amp;apos;1.8.0_261&amp;apos;
Driver info: org.openqa.selenium.chrome.ChromeDriver
Capabilities {acceptInsecureCerts: false, browserName: chrome, browserVersion: 87.0.4280.141, chrome: {chromedriverVersion: 87.0.4280.88 (89e2380a3e36c..., userDataDir: C:\Users\eesha\AppData\Loca...}, goog:chromeOptions: {debuggerAddress: localhost:58448}, javascriptEnabled: true, networkConnectionEnabled: false, pageLoadStrategy: normal, platform: WINDOWS, platformName: WINDOWS, proxy: Proxy(), setWindowRect: true, strictFileInteractability: false, timeouts: {implicit: 0, pageLoad: 300000, script: 30000}, unhandledPromptBehavior: dismiss and notify, webauthn:virtualAuthenticators: true}
Session ID: 848f6122fa4a15f8bfacd385461a8d80">
      <![CDATA[org.openqa.selenium.ElementClickInterceptedException: element click intercepted: Element <a aria-haspopup="true" class="facebook circle-outline picturefill-background ng-star-inserted" href="javascript:void(0);" id="footer-facebook" tabindex="0" style="background-image: url(&quot;//content.delta.com/content/www/us/en.damAssetRender.20180411T2106219950400.html/content/dam/delta_homepage_redesign/hpr_optimized_images/social_icons/Facebook-icon-LG.svg&quot;); background-size: cover; background-repeat: no-repeat; background-position: 50% 50%;">...</a> is not clickable at point (553, 687). Other element would receive the click: <div class="cookie-footer cookie-footer-container text-left ng-star-inserted">...</div>
  (Session info: chrome=87.0.4280.141)
Build info: version: '3.141.59', revision: 'e82be7d358', time: '2018-11-14T08:17:03'
System info: host: 'LAPTOP-MC2FHNDC', ip: '192.168.1.102', os.name: 'Windows 10', os.arch: 'amd64', os.version: '10.0', java.version: '1.8.0_261'
Driver info: org.openqa.selenium.chrome.ChromeDriver
Capabilities {acceptInsecureCerts: false, browserName: chrome, browserVersion: 87.0.4280.141, chrome: {chromedriverVersion: 87.0.4280.88 (89e2380a3e36c..., userDataDir: C:\Users\eesha\AppData\Loca...}, goog:chromeOptions: {debuggerAddress: localhost:58448}, javascriptEnabled: true, networkConnectionEnabled: false, pageLoadStrategy: normal, platform: WINDOWS, platformName: WINDOWS, proxy: Proxy(), setWindowRect: true, strictFileInteractability: false, timeouts: {implicit: 0, pageLoad: 300000, script: 30000}, unhandledPromptBehavior: dismiss and notify, webauthn:virtualAuthenticators: true}
Session ID: 848f6122fa4a15f8bfacd385461a8d80
at org.openqa.selenium.remote.http.W3CHttpResponseCodec.createException(W3CHttpResponseCodec.java:187)
at org.openqa.selenium.remote.http.W3CHttpResponseCodec.decode(W3CHttpResponseCodec.java:122)
at org.openqa.selenium.remote.http.W3CHttpResponseCodec.decode(W3CHttpResponseCodec.java:49)
at org.openqa.selenium.remote.HttpCommandExecutor.execute(HttpCommandExecutor.java:158)
at org.openqa.selenium.remote.service.DriverCommandExecutor.execute(DriverCommandExecutor.java:83)
at org.openqa.selenium.remote.RemoteWebDriver.execute(RemoteWebDriver.java:552)
at org.openqa.selenium.remote.RemoteWebElement.execute(RemoteWebElement.java:285)
at org.openqa.selenium.remote.RemoteWebElement.click(RemoteWebElement.java:84)
at org.openqa.selenium.support.pagefactory.internal.LocatingElementHandler.invoke(LocatingElementHandler.java:51)
at com.sun.proxy.$Proxy14.click(Unknown Source)
at tests.KatyaSprint2.test8WebsiteFooter(KatyaSprint2.java:183)
at java.util.concurrent.ThreadPoolExecutor.runWorker(ThreadPoolExecutor.java:1149)
at java.util.concurrent.ThreadPoolExecutor$Worker.run(ThreadPoolExecutor.java:624)
at java.lang.Thread.run(Thread.java:748)
... Removed 19 stack frames]]>
    </failure>
  </testcase> <!-- test8WebsiteFooter -->
  <testcase name="nonEngSenderName" time="20.424" classname="tests.SanaSprint2"/>
  <testcase name="productExpResultsPage" time="22.883" classname="tests.KaterinaSprint2"/>
  <testcase name="nonEngSenderName" time="17.944" classname="tests.SanaSprint2"/>
  <testcase name="nonEngSenderName" time="23.109" classname="tests.SanaSprint2"/>
  <testcase name="nonEngSenderName" time="17.968" classname="tests.SanaSprint2"/>
  <testcase name="nonEngSenderName" time="17.416" classname="tests.SanaSprint2"/>
  <testcase name="verifyGiftCardLink" time="4.979" classname="tests.SanaSprint2"/>
  <testcase name="@BeforeSuite setUpReport" time="0.0" classname="tests.TestBase">
    <ignored/>
  </testcase> <!-- @BeforeSuite setUpReport -->
  <testcase name="@BeforeSuite setUpReport" time="0.0" classname="tests.TestBase">
    <ignored/>
  </testcase> <!-- @BeforeSuite setUpReport -->
  <testcase name="@AfterSuite tearDownReport" time="0.0" classname="tests.TestBase">
    <ignored/>
  </testcase> <!-- @AfterSuite tearDownReport -->
  <testcase name="@AfterSuite tearDownReport" time="0.0" classname="tests.TestBase">
    <ignored/>
  </testcase> <!-- @AfterSuite tearDownReport -->
</testsuite> <!--  Running multiple classes -->
