<?xml version="1.0" encoding="UTF-8"?>
<!-- Generated by org.testng.reporters.JUnitXMLReporter -->
<testsuite hostname="LAPTOP-MC2FHNDC" ignored="4" name=" Running multiple classes" tests="31" failures="2" timestamp="2021-01-20T07:50:44 EST" time="1117.475" errors="0">
  <testcase name="test1UsingPOM" time="36.946" classname="tests.Katya"/>
  <testcase name="test2UsingPOM" time="86.339" classname="tests.Katya"/>
  <testcase name="test3UsingPOM" time="117.514" classname="tests.Katya"/>
  <testcase name="test4UsingPOM" time="14.04" classname="tests.Katya"/>
  <testcase name="test5UsingPOM" time="113.191" classname="tests.Katya"/>
  <testcase name="negativeLoginNonEng" time="9.737" classname="tests.Sana"/>
  <testcase name="negativeLoginNonEng" time="7.948" classname="tests.Sana"/>
  <testcase name="negativeLoginNonEng" time="8.665" classname="tests.Sana"/>
  <testcase name="joinSkyMiles" time="16.94" classname="tests.Sana"/>
  <testcase name="negativeLoginDigits" time="15.557" classname="tests.Sana"/>
  <testcase name="negativeLoginLN" time="27.671" classname="tests.Sana"/>
  <testcase name="negativeLoginLN" time="7.536" classname="tests.Sana"/>
  <testcase name="negativeLoginLN" time="7.533" classname="tests.Sana"/>
  <testcase name="negativeLoginLN" time="7.143" classname="tests.Sana"/>
  <testcase name="negativeLoginLN" time="6.98" classname="tests.Sana"/>
  <testcase name="negativeLoginWP" time="15.888" classname="tests.Sana"/>
  <testcase name="passwordResetLinks" time="7.499" classname="tests.Sana"/>
  <testcase name="positiveLogin" time="18.539" classname="tests.Sana"/>
  <testcase name="verifyCheckbox" time="12.069" classname="tests.Sana"/>
  <testcase name="BaggageLink" time="8.293" classname="tests.DilmuRodAndKaterina"/>
  <testcase name="advancedSearchOption" time="6.773" classname="tests.DilmuRodAndKaterina"/>
  <testcase name="calendarBookingPage" time="5.178" classname="tests.DilmuRodAndKaterina">
    <failure type="org.openqa.selenium.ElementClickInterceptedException" message="element click intercepted: Element &amp;lt;div _ngcontent-c2=&amp;quot;&amp;quot; class=&amp;quot;travelDateSelectionView&amp;quot;&amp;gt;...&amp;lt;/div&amp;gt; is not clickable at point (841, 191). Other element would receive the click: &amp;lt;modal-container class=&amp;quot;modal show&amp;quot; role=&amp;quot;dialog&amp;quot; tabindex=&amp;quot;-1&amp;quot; aria-modal=&amp;quot;true&amp;quot; aria-labelledby=&amp;quot;modalTitle&amp;quot; style=&amp;quot;display: block;&amp;quot;&amp;gt;...&amp;lt;/modal-container&amp;gt;
  (Session info: chrome=87.0.4280.141)
Build info: version: &amp;apos;3.141.59&amp;apos;, revision: &amp;apos;e82be7d358&amp;apos;, time: &amp;apos;2018-11-14T08:17:03&amp;apos;
System info: host: &amp;apos;LAPTOP-MC2FHNDC&amp;apos;, ip: &amp;apos;192.168.1.102&amp;apos;, os.name: &amp;apos;Windows 10&amp;apos;, os.arch: &amp;apos;amd64&amp;apos;, os.version: &amp;apos;10.0&amp;apos;, java.version: &amp;apos;1.8.0_261&amp;apos;
Driver info: org.openqa.selenium.chrome.ChromeDriver
Capabilities {acceptInsecureCerts: false, browserName: chrome, browserVersion: 87.0.4280.141, chrome: {chromedriverVersion: 87.0.4280.88 (89e2380a3e36c..., userDataDir: C:\Users\eesha\AppData\Loca...}, goog:chromeOptions: {debuggerAddress: localhost:51841}, javascriptEnabled: true, networkConnectionEnabled: false, pageLoadStrategy: normal, platform: WINDOWS, platformName: WINDOWS, proxy: Proxy(), setWindowRect: true, strictFileInteractability: false, timeouts: {implicit: 0, pageLoad: 300000, script: 30000}, unhandledPromptBehavior: dismiss and notify, webauthn:virtualAuthenticators: true}
Session ID: bba1c1a48c1d613acda12f94e8c14875">
      <![CDATA[org.openqa.selenium.ElementClickInterceptedException: element click intercepted: Element <div _ngcontent-c2="" class="travelDateSelectionView">...</div> is not clickable at point (841, 191). Other element would receive the click: <modal-container class="modal show" role="dialog" tabindex="-1" aria-modal="true" aria-labelledby="modalTitle" style="display: block;">...</modal-container>
  (Session info: chrome=87.0.4280.141)
Build info: version: '3.141.59', revision: 'e82be7d358', time: '2018-11-14T08:17:03'
System info: host: 'LAPTOP-MC2FHNDC', ip: '192.168.1.102', os.name: 'Windows 10', os.arch: 'amd64', os.version: '10.0', java.version: '1.8.0_261'
Driver info: org.openqa.selenium.chrome.ChromeDriver
Capabilities {acceptInsecureCerts: false, browserName: chrome, browserVersion: 87.0.4280.141, chrome: {chromedriverVersion: 87.0.4280.88 (89e2380a3e36c..., userDataDir: C:\Users\eesha\AppData\Loca...}, goog:chromeOptions: {debuggerAddress: localhost:51841}, javascriptEnabled: true, networkConnectionEnabled: false, pageLoadStrategy: normal, platform: WINDOWS, platformName: WINDOWS, proxy: Proxy(), setWindowRect: true, strictFileInteractability: false, timeouts: {implicit: 0, pageLoad: 300000, script: 30000}, unhandledPromptBehavior: dismiss and notify, webauthn:virtualAuthenticators: true}
Session ID: bba1c1a48c1d613acda12f94e8c14875
at org.openqa.selenium.remote.http.W3CHttpResponseCodec.createException(W3CHttpResponseCodec.java:187)
at org.openqa.selenium.remote.http.W3CHttpResponseCodec.decode(W3CHttpResponseCodec.java:122)
at org.openqa.selenium.remote.http.W3CHttpResponseCodec.decode(W3CHttpResponseCodec.java:49)
at org.openqa.selenium.remote.HttpCommandExecutor.execute(HttpCommandExecutor.java:158)
at org.openqa.selenium.remote.service.DriverCommandExecutor.execute(DriverCommandExecutor.java:83)
at org.openqa.selenium.remote.RemoteWebDriver.execute(RemoteWebDriver.java:552)
at org.openqa.selenium.remote.RemoteWebElement.execute(RemoteWebElement.java:285)
at org.openqa.selenium.remote.RemoteWebElement.click(RemoteWebElement.java:84)
at org.openqa.selenium.support.pagefactory.internal.LocatingElementHandler.invoke(LocatingElementHandler.java:51)
at com.sun.proxy.$Proxy14.click(Unknown Source)
at tests.DilmuRodAndKaterina.calendarBookingPage(DilmuRodAndKaterina.java:34)
at java.util.ArrayList.forEach(ArrayList.java:1259)
... Removed 38 stack frames]]>
    </failure>
  </testcase> <!-- calendarBookingPage -->
  <testcase name="checkFunctions" time="15.419" classname="tests.DilmuRodAndKaterina"/>
  <testcase name="errorMsgBookingPage" time="5.315" classname="tests.DilmuRodAndKaterina"/>
  <testcase name="extraInfoOption" time="12.517" classname="tests.DilmuRodAndKaterina"/>
  <testcase name="faresOption" time="18.748" classname="tests.DilmuRodAndKaterina"/>
  <testcase name="nonStopOption" time="4.81" classname="tests.DilmuRodAndKaterina">
    <failure type="org.openqa.selenium.ElementClickInterceptedException" message="element click intercepted: Element &amp;lt;div _ngcontent-c2=&amp;quot;&amp;quot; class=&amp;quot;travelDateSelectionView&amp;quot;&amp;gt;...&amp;lt;/div&amp;gt; is not clickable at point (841, 191). Other element would receive the click: &amp;lt;modal-container class=&amp;quot;modal show&amp;quot; role=&amp;quot;dialog&amp;quot; tabindex=&amp;quot;-1&amp;quot; aria-modal=&amp;quot;true&amp;quot; aria-labelledby=&amp;quot;modalTitle&amp;quot; style=&amp;quot;display: block;&amp;quot;&amp;gt;...&amp;lt;/modal-container&amp;gt;
  (Session info: chrome=87.0.4280.141)
Build info: version: &amp;apos;3.141.59&amp;apos;, revision: &amp;apos;e82be7d358&amp;apos;, time: &amp;apos;2018-11-14T08:17:03&amp;apos;
System info: host: &amp;apos;LAPTOP-MC2FHNDC&amp;apos;, ip: &amp;apos;192.168.1.102&amp;apos;, os.name: &amp;apos;Windows 10&amp;apos;, os.arch: &amp;apos;amd64&amp;apos;, os.version: &amp;apos;10.0&amp;apos;, java.version: &amp;apos;1.8.0_261&amp;apos;
Driver info: org.openqa.selenium.chrome.ChromeDriver
Capabilities {acceptInsecureCerts: false, browserName: chrome, browserVersion: 87.0.4280.141, chrome: {chromedriverVersion: 87.0.4280.88 (89e2380a3e36c..., userDataDir: C:\Users\eesha\AppData\Loca...}, goog:chromeOptions: {debuggerAddress: localhost:52248}, javascriptEnabled: true, networkConnectionEnabled: false, pageLoadStrategy: normal, platform: WINDOWS, platformName: WINDOWS, proxy: Proxy(), setWindowRect: true, strictFileInteractability: false, timeouts: {implicit: 0, pageLoad: 300000, script: 30000}, unhandledPromptBehavior: dismiss and notify, webauthn:virtualAuthenticators: true}
Session ID: 87cb8dbba7bca15c76fb78e6888668b2">
      <![CDATA[org.openqa.selenium.ElementClickInterceptedException: element click intercepted: Element <div _ngcontent-c2="" class="travelDateSelectionView">...</div> is not clickable at point (841, 191). Other element would receive the click: <modal-container class="modal show" role="dialog" tabindex="-1" aria-modal="true" aria-labelledby="modalTitle" style="display: block;">...</modal-container>
  (Session info: chrome=87.0.4280.141)
Build info: version: '3.141.59', revision: 'e82be7d358', time: '2018-11-14T08:17:03'
System info: host: 'LAPTOP-MC2FHNDC', ip: '192.168.1.102', os.name: 'Windows 10', os.arch: 'amd64', os.version: '10.0', java.version: '1.8.0_261'
Driver info: org.openqa.selenium.chrome.ChromeDriver
Capabilities {acceptInsecureCerts: false, browserName: chrome, browserVersion: 87.0.4280.141, chrome: {chromedriverVersion: 87.0.4280.88 (89e2380a3e36c..., userDataDir: C:\Users\eesha\AppData\Loca...}, goog:chromeOptions: {debuggerAddress: localhost:52248}, javascriptEnabled: true, networkConnectionEnabled: false, pageLoadStrategy: normal, platform: WINDOWS, platformName: WINDOWS, proxy: Proxy(), setWindowRect: true, strictFileInteractability: false, timeouts: {implicit: 0, pageLoad: 300000, script: 30000}, unhandledPromptBehavior: dismiss and notify, webauthn:virtualAuthenticators: true}
Session ID: 87cb8dbba7bca15c76fb78e6888668b2
at org.openqa.selenium.remote.http.W3CHttpResponseCodec.createException(W3CHttpResponseCodec.java:187)
at org.openqa.selenium.remote.http.W3CHttpResponseCodec.decode(W3CHttpResponseCodec.java:122)
at org.openqa.selenium.remote.http.W3CHttpResponseCodec.decode(W3CHttpResponseCodec.java:49)
at org.openqa.selenium.remote.HttpCommandExecutor.execute(HttpCommandExecutor.java:158)
at org.openqa.selenium.remote.service.DriverCommandExecutor.execute(DriverCommandExecutor.java:83)
at org.openqa.selenium.remote.RemoteWebDriver.execute(RemoteWebDriver.java:552)
at org.openqa.selenium.remote.RemoteWebElement.execute(RemoteWebElement.java:285)
at org.openqa.selenium.remote.RemoteWebElement.click(RemoteWebElement.java:84)
at org.openqa.selenium.support.pagefactory.internal.LocatingElementHandler.invoke(LocatingElementHandler.java:51)
at com.sun.proxy.$Proxy14.click(Unknown Source)
at tests.DilmuRodAndKaterina.nonStopOption(DilmuRodAndKaterina.java:127)
at java.util.ArrayList.forEach(ArrayList.java:1259)
... Removed 38 stack frames]]>
    </failure>
  </testcase> <!-- nonStopOption -->
  <testcase name="sameCityOption" time="6.145" classname="tests.DilmuRodAndKaterina"/>
  <testcase name="searchResultsBookingPage" time="13.442" classname="tests.DilmuRodAndKaterina"/>
  <testcase name="vacationLink" time="7.713" classname="tests.DilmuRodAndKaterina"/>
  <testcase name="verifyShoppingLinks" time="0.383" classname="tests.DilmuRodAndKaterina"/>
  <testcase name="@BeforeSuite setUpReport" time="0.0" classname="tests.TestBase">
    <ignored/>
  </testcase> <!-- @BeforeSuite setUpReport -->
  <testcase name="@BeforeSuite setUpReport" time="0.0" classname="tests.TestBase">
    <ignored/>
  </testcase> <!-- @BeforeSuite setUpReport -->
  <testcase name="@AfterSuite tearDownReport" time="0.0" classname="tests.TestBase">
    <ignored/>
  </testcase> <!-- @AfterSuite tearDownReport -->
  <testcase name="@AfterSuite tearDownReport" time="0.0" classname="tests.TestBase">
    <ignored/>
  </testcase> <!-- @AfterSuite tearDownReport -->
</testsuite> <!--  Running multiple classes -->
