<?xml version="1.0" encoding="UTF-8"?>
<testng-results skipped="0" failed="1" ignored="63" total="69" passed="5">
  <reporter-output>
  </reporter-output>
  <suite name="Running multiple methods" duration-ms="62412" started-at="2021-01-24T15:07:01 EST" finished-at="2021-01-24T15:08:04 EST">
    <groups>
      <group name="smoke">
        <method signature="KaterinaSprint2.priceSliderResultsPage()[pri:0, instance:tests.KaterinaSprint2@517cd4b]" name="priceSliderResultsPage" class="tests.KaterinaSprint2"/>
        <method signature="KatyaSprint2.test3WebsiteFooter()[pri:0, instance:tests.KatyaSprint2@6cc7b4de]" name="test3WebsiteFooter" class="tests.KatyaSprint2"/>
        <method signature="SanaSprint2.verifyGiftCardLink()[pri:0, instance:tests.SanaSprint2@32cf48b7]" name="verifyGiftCardLink" class="tests.SanaSprint2"/>
      </group> <!-- smoke -->
    </groups>
    <test name=" Running multiple methods" duration-ms="62412" started-at="2021-01-24T15:07:01 EST" finished-at="2021-01-24T15:08:04 EST">
      <class name="tests.KatyaSprint2">
        <test-method status="PASS" signature="setupMethod(java.lang.String)[pri:0, instance:tests.KatyaSprint2@6cc7b4de]" name="setupMethod" is-config="true" duration-ms="10711" started-at="2021-01-24T15:07:36 EST" finished-at="2021-01-24T15:07:46 EST">
          <params>
            <param index="0">
              <value is-null="true"/>
            </param>
          </params>
          <reporter-output>
          </reporter-output>
        </test-method> <!-- setupMethod -->
        <test-method status="PASS" signature="test3WebsiteFooter()[pri:0, instance:tests.KatyaSprint2@6cc7b4de]" name="test3WebsiteFooter" duration-ms="2803" started-at="2021-01-24T15:07:46 EST" finished-at="2021-01-24T15:07:49 EST">
          <reporter-output>
          </reporter-output>
        </test-method> <!-- test3WebsiteFooter -->
        <test-method status="PASS" signature="teardownMethod(org.testng.ITestResult)[pri:0, instance:tests.KatyaSprint2@6cc7b4de]" name="teardownMethod" is-config="true" duration-ms="752" started-at="2021-01-24T15:07:49 EST" finished-at="2021-01-24T15:07:50 EST">
          <params>
            <param index="0">
              <value>
                <![CDATA[[TestResult name=test3WebsiteFooter status=SUCCESS method=KatyaSprint2.test3WebsiteFooter()[pri:0, instance:tests.KatyaSprint2@6cc7b4de] output={null}]]]>
              </value>
            </param>
          </params>
          <reporter-output>
          </reporter-output>
        </test-method> <!-- teardownMethod -->
      </class> <!-- tests.KatyaSprint2 -->
      <class name="tests.SanaSprint2">
        <test-method status="PASS" signature="setupMethod(java.lang.String)[pri:0, instance:tests.SanaSprint2@32cf48b7]" name="setupMethod" is-config="true" duration-ms="9312" started-at="2021-01-24T15:07:50 EST" finished-at="2021-01-24T15:07:59 EST">
          <params>
            <param index="0">
              <value is-null="true"/>
            </param>
          </params>
          <reporter-output>
          </reporter-output>
        </test-method> <!-- setupMethod -->
        <test-method status="PASS" signature="verifyGiftCardLink()[pri:0, instance:tests.SanaSprint2@32cf48b7]" name="verifyGiftCardLink" duration-ms="3568" started-at="2021-01-24T15:07:59 EST" finished-at="2021-01-24T15:08:03 EST">
          <reporter-output>
          </reporter-output>
        </test-method> <!-- verifyGiftCardLink -->
        <test-method status="PASS" signature="teardownMethod(org.testng.ITestResult)[pri:0, instance:tests.SanaSprint2@32cf48b7]" name="teardownMethod" is-config="true" duration-ms="746" started-at="2021-01-24T15:08:03 EST" finished-at="2021-01-24T15:08:04 EST">
          <params>
            <param index="0">
              <value>
                <![CDATA[[TestResult name=verifyGiftCardLink status=SUCCESS method=SanaSprint2.verifyGiftCardLink()[pri:0, instance:tests.SanaSprint2@32cf48b7] output={null}]]]>
              </value>
            </param>
          </params>
          <reporter-output>
          </reporter-output>
        </test-method> <!-- teardownMethod -->
      </class> <!-- tests.SanaSprint2 -->
      <class name="tests.Anibal">
        <test-method status="PASS" signature="setUpReport()[pri:0, instance:tests.Anibal@76a4d6c]" name="setUpReport" is-config="true" duration-ms="254" started-at="2021-01-24T15:07:01 EST" finished-at="2021-01-24T15:07:01 EST">
          <reporter-output>
          </reporter-output>
        </test-method> <!-- setUpReport -->
      </class> <!-- tests.Anibal -->
      <class name="tests.KaterinaSprint2">
        <test-method status="PASS" signature="setupMethod(java.lang.String)[pri:0, instance:tests.KaterinaSprint2@517cd4b]" name="setupMethod" is-config="true" duration-ms="11463" started-at="2021-01-24T15:07:01 EST" finished-at="2021-01-24T15:07:13 EST">
          <params>
            <param index="0">
              <value is-null="true"/>
            </param>
          </params>
          <reporter-output>
          </reporter-output>
        </test-method> <!-- setupMethod -->
        <test-method status="PASS" signature="priceSliderResultsPage()[pri:0, instance:tests.KaterinaSprint2@517cd4b]" name="priceSliderResultsPage" duration-ms="22249" started-at="2021-01-24T15:07:13 EST" finished-at="2021-01-24T15:07:35 EST">
          <reporter-output>
          </reporter-output>
        </test-method> <!-- priceSliderResultsPage -->
        <test-method status="PASS" signature="teardownMethod(org.testng.ITestResult)[pri:0, instance:tests.KaterinaSprint2@517cd4b]" name="teardownMethod" is-config="true" duration-ms="762" started-at="2021-01-24T15:07:35 EST" finished-at="2021-01-24T15:07:36 EST">
          <params>
            <param index="0">
              <value>
                <![CDATA[[TestResult name=priceSliderResultsPage status=SUCCESS method=KaterinaSprint2.priceSliderResultsPage()[pri:0, instance:tests.KaterinaSprint2@517cd4b] output={null}]]]>
              </value>
            </param>
          </params>
          <reporter-output>
          </reporter-output>
        </test-method> <!-- teardownMethod -->
      </class> <!-- tests.KaterinaSprint2 -->
    </test> <!--  Running multiple methods -->
  </suite> <!-- Running multiple methods -->
  <suite name="Failed suite [Crossbrowser Tests]" duration-ms="108309" started-at="2021-01-24T15:08:04 EST" finished-at="2021-01-24T15:09:52 EST">
    <groups>
      <group name="smoke">
        <method signature="KaterinaSprint2.priceSliderResultsPage()[pri:0, instance:tests.KaterinaSprint2@12405818]" name="priceSliderResultsPage" class="tests.KaterinaSprint2"/>
      </group> <!-- smoke -->
    </groups>
    <test name="Chrome Test(failed)" duration-ms="71854" started-at="2021-01-24T15:08:04 EST" finished-at="2021-01-24T15:09:15 EST">
      <class name="tests.KaterinaSprint2">
        <test-method status="PASS" signature="setupMethod(java.lang.String)[pri:0, instance:tests.KaterinaSprint2@25359ed8]" name="setupMethod" is-config="true" duration-ms="10025" started-at="2021-01-24T15:08:04 EST" finished-at="2021-01-24T15:08:14 EST">
          <params>
            <param index="0">
              <value>
                <![CDATA[chrome]]>
              </value>
            </param>
          </params>
          <reporter-output>
          </reporter-output>
        </test-method> <!-- setupMethod -->
        <test-method status="FAIL" signature="modifyResultPage()[pri:0, instance:tests.KaterinaSprint2@25359ed8]" name="modifyResultPage" duration-ms="36160" started-at="2021-01-24T15:08:14 EST" finished-at="2021-01-24T15:08:50 EST">
          <exception class="org.openqa.selenium.ElementNotInteractableException">
            <message>
              <![CDATA[element not interactable
  (Session info: chrome=87.0.4280.141)
Build info: version: '3.141.59', revision: 'e82be7d358', time: '2018-11-14T08:17:03'
System info: host: 'LAPTOP-MC2FHNDC', ip: '192.168.1.102', os.name: 'Windows 10', os.arch: 'amd64', os.version: '10.0', java.version: '1.8.0_261'
Driver info: org.openqa.selenium.chrome.ChromeDriver
Capabilities {acceptInsecureCerts: false, browserName: chrome, browserVersion: 87.0.4280.141, chrome: {chromedriverVersion: 87.0.4280.88 (89e2380a3e36c..., userDataDir: C:\Users\eesha\AppData\Loca...}, goog:chromeOptions: {debuggerAddress: localhost:60348}, javascriptEnabled: true, networkConnectionEnabled: false, pageLoadStrategy: normal, platform: WINDOWS, platformName: WINDOWS, proxy: Proxy(), setWindowRect: true, strictFileInteractability: false, timeouts: {implicit: 0, pageLoad: 300000, script: 30000}, unhandledPromptBehavior: dismiss and notify, webauthn:virtualAuthenticators: true}
Session ID: 4bbd193e88c5a92cdb5dddfde0ca5f46]]>
            </message>
            <full-stacktrace>
              <![CDATA[org.openqa.selenium.ElementNotInteractableException: element not interactable
  (Session info: chrome=87.0.4280.141)
Build info: version: '3.141.59', revision: 'e82be7d358', time: '2018-11-14T08:17:03'
System info: host: 'LAPTOP-MC2FHNDC', ip: '192.168.1.102', os.name: 'Windows 10', os.arch: 'amd64', os.version: '10.0', java.version: '1.8.0_261'
Driver info: org.openqa.selenium.chrome.ChromeDriver
Capabilities {acceptInsecureCerts: false, browserName: chrome, browserVersion: 87.0.4280.141, chrome: {chromedriverVersion: 87.0.4280.88 (89e2380a3e36c..., userDataDir: C:\Users\eesha\AppData\Loca...}, goog:chromeOptions: {debuggerAddress: localhost:60348}, javascriptEnabled: true, networkConnectionEnabled: false, pageLoadStrategy: normal, platform: WINDOWS, platformName: WINDOWS, proxy: Proxy(), setWindowRect: true, strictFileInteractability: false, timeouts: {implicit: 0, pageLoad: 300000, script: 30000}, unhandledPromptBehavior: dismiss and notify, webauthn:virtualAuthenticators: true}
Session ID: 4bbd193e88c5a92cdb5dddfde0ca5f46
at sun.reflect.NativeConstructorAccessorImpl.newInstance0(Native Method)
at sun.reflect.NativeConstructorAccessorImpl.newInstance(NativeConstructorAccessorImpl.java:62)
at sun.reflect.DelegatingConstructorAccessorImpl.newInstance(DelegatingConstructorAccessorImpl.java:45)
at java.lang.reflect.Constructor.newInstance(Constructor.java:423)
at org.openqa.selenium.remote.http.W3CHttpResponseCodec.createException(W3CHttpResponseCodec.java:187)
at org.openqa.selenium.remote.http.W3CHttpResponseCodec.decode(W3CHttpResponseCodec.java:122)
at org.openqa.selenium.remote.http.W3CHttpResponseCodec.decode(W3CHttpResponseCodec.java:49)
at org.openqa.selenium.remote.HttpCommandExecutor.execute(HttpCommandExecutor.java:158)
at org.openqa.selenium.remote.service.DriverCommandExecutor.execute(DriverCommandExecutor.java:83)
at org.openqa.selenium.remote.RemoteWebDriver.execute(RemoteWebDriver.java:552)
at org.openqa.selenium.remote.RemoteWebElement.execute(RemoteWebElement.java:285)
at org.openqa.selenium.remote.RemoteWebElement.click(RemoteWebElement.java:84)
at sun.reflect.GeneratedMethodAccessor2.invoke(Unknown Source)
at sun.reflect.DelegatingMethodAccessorImpl.invoke(DelegatingMethodAccessorImpl.java:43)
at java.lang.reflect.Method.invoke(Method.java:498)
at org.openqa.selenium.support.pagefactory.internal.LocatingElementHandler.invoke(LocatingElementHandler.java:51)
at com.sun.proxy.$Proxy14.click(Unknown Source)
at tests.KaterinaSprint2.modifyResultPage(KaterinaSprint2.java:229)
at sun.reflect.NativeMethodAccessorImpl.invoke0(Native Method)
at sun.reflect.NativeMethodAccessorImpl.invoke(NativeMethodAccessorImpl.java:62)
at sun.reflect.DelegatingMethodAccessorImpl.invoke(DelegatingMethodAccessorImpl.java:43)
at java.lang.reflect.Method.invoke(Method.java:498)
at org.testng.internal.MethodInvocationHelper.invokeMethod(MethodInvocationHelper.java:132)
at org.testng.internal.TestInvoker.invokeMethod(TestInvoker.java:599)
at org.testng.internal.TestInvoker.invokeTestMethod(TestInvoker.java:174)
at org.testng.internal.MethodRunner.runInSequence(MethodRunner.java:46)
at org.testng.internal.TestInvoker$MethodInvocationAgent.invoke(TestInvoker.java:822)
at org.testng.internal.TestInvoker.invokeTestMethods(TestInvoker.java:147)
at org.testng.internal.TestMethodWorker.invokeTestMethods(TestMethodWorker.java:146)
at org.testng.internal.TestMethodWorker.run(TestMethodWorker.java:128)
at java.util.ArrayList.forEach(ArrayList.java:1259)
at org.testng.TestRunner.privateRun(TestRunner.java:764)
at org.testng.TestRunner.run(TestRunner.java:585)
at org.testng.SuiteRunner.runTest(SuiteRunner.java:384)
at org.testng.SuiteRunner.runSequentially(SuiteRunner.java:378)
at org.testng.SuiteRunner.privateRun(SuiteRunner.java:337)
at org.testng.SuiteRunner.run(SuiteRunner.java:286)
at org.testng.SuiteRunnerWorker.runSuite(SuiteRunnerWorker.java:53)
at org.testng.SuiteRunnerWorker.run(SuiteRunnerWorker.java:96)
at org.testng.TestNG.runSuitesSequentially(TestNG.java:1218)
at org.testng.TestNG.runSuitesLocally(TestNG.java:1140)
at org.testng.TestNG.runSuites(TestNG.java:1069)
at org.testng.TestNG.run(TestNG.java:1037)
at org.apache.maven.surefire.testng.TestNGExecutor.run(TestNGExecutor.java:284)
at org.apache.maven.surefire.testng.TestNGXmlTestSuite.execute(TestNGXmlTestSuite.java:75)
at org.apache.maven.surefire.testng.TestNGProvider.invoke(TestNGProvider.java:119)
at org.apache.maven.surefire.booter.ForkedBooter.runSuitesInProcess(ForkedBooter.java:428)
at org.apache.maven.surefire.booter.ForkedBooter.execute(ForkedBooter.java:162)
at org.apache.maven.surefire.booter.ForkedBooter.run(ForkedBooter.java:562)
at org.apache.maven.surefire.booter.ForkedBooter.main(ForkedBooter.java:548)
]]>
            </full-stacktrace>
          </exception> <!-- org.openqa.selenium.ElementNotInteractableException -->
          <reporter-output>
          </reporter-output>
        </test-method> <!-- modifyResultPage -->
        <test-method status="PASS" signature="teardownMethod(org.testng.ITestResult)[pri:0, instance:tests.KaterinaSprint2@25359ed8]" name="teardownMethod" is-config="true" duration-ms="1654" started-at="2021-01-24T15:08:50 EST" finished-at="2021-01-24T15:08:51 EST">
          <params>
            <param index="0">
              <value>
                <![CDATA[[TestResult name=modifyResultPage status=FAILURE method=KaterinaSprint2.modifyResultPage()[pri:0, instance:tests.KaterinaSprint2@25359ed8] output={null}]]]>
              </value>
            </param>
          </params>
          <reporter-output>
          </reporter-output>
        </test-method> <!-- teardownMethod -->
        <test-method status="PASS" signature="setupMethod(java.lang.String)[pri:0, instance:tests.KaterinaSprint2@25359ed8]" name="setupMethod" is-config="true" duration-ms="12934" started-at="2021-01-24T15:08:51 EST" finished-at="2021-01-24T15:09:04 EST">
          <params>
            <param index="0">
              <value>
                <![CDATA[chrome]]>
              </value>
            </param>
          </params>
          <reporter-output>
          </reporter-output>
        </test-method> <!-- setupMethod -->
        <test-method status="PASS" signature="datesBookingPage(java.lang.String, java.lang.String, java.lang.String, java.lang.String, java.lang.String, java.lang.String, java.lang.String, java.lang.String)[pri:0, instance:tests.KaterinaSprint2@25359ed8]" name="datesBookingPage" duration-ms="10352" started-at="2021-01-24T15:09:04 EST" data-provider="getDates" finished-at="2021-01-24T15:09:15 EST">
          <params>
            <param index="0">
              <value>
                <![CDATA[ATL]]>
              </value>
            </param>
            <param index="1">
              <value>
                <![CDATA[IAD]]>
              </value>
            </param>
            <param index="2">
              <value>
                <![CDATA[February]]>
              </value>
            </param>
            <param index="3">
              <value>
                <![CDATA[1 ]]>
              </value>
            </param>
            <param index="4">
              <value>
                <![CDATA[February]]>
              </value>
            </param>
            <param index="5">
              <value>
                <![CDATA[March]]>
              </value>
            </param>
            <param index="6">
              <value>
                <![CDATA[1 ]]>
              </value>
            </param>
            <param index="7">
              <value>
                <![CDATA[March]]>
              </value>
            </param>
          </params>
          <reporter-output>
          </reporter-output>
        </test-method> <!-- datesBookingPage -->
        <test-method status="PASS" signature="teardownMethod(org.testng.ITestResult)[pri:0, instance:tests.KaterinaSprint2@25359ed8]" name="teardownMethod" is-config="true" duration-ms="723" started-at="2021-01-24T15:09:15 EST" finished-at="2021-01-24T15:09:15 EST">
          <params>
            <param index="0">
              <value>
                <![CDATA[[TestResult name=datesBookingPage status=SUCCESS method=KaterinaSprint2.datesBookingPage(java.lang.String, java.lang.String, java.lang.String, java.lang.String, java.lang.String, java.lang.String, java.lang.String, java.lang.String)[pri:0, instance:tests.KaterinaSprint2@25359ed8] output={null}]]]>
              </value>
            </param>
          </params>
          <reporter-output>
          </reporter-output>
        </test-method> <!-- teardownMethod -->
      </class> <!-- tests.KaterinaSprint2 -->
    </test> <!-- Chrome Test(failed) -->
    <test name="Edge Test(failed)" duration-ms="36455" started-at="2021-01-24T15:09:15 EST" finished-at="2021-01-24T15:09:52 EST">
      <class name="tests.KaterinaSprint2">
        <test-method status="PASS" signature="setUpReport()[pri:0, instance:tests.KaterinaSprint2@12405818]" name="setUpReport" is-config="true" duration-ms="1" started-at="2021-01-24T15:08:04 EST" finished-at="2021-01-24T15:08:04 EST">
          <reporter-output>
          </reporter-output>
        </test-method> <!-- setUpReport -->
        <test-method status="PASS" signature="setupMethod(java.lang.String)[pri:0, instance:tests.KaterinaSprint2@12405818]" name="setupMethod" is-config="true" duration-ms="13043" started-at="2021-01-24T15:09:15 EST" finished-at="2021-01-24T15:09:28 EST">
          <params>
            <param index="0">
              <value>
                <![CDATA[edge]]>
              </value>
            </param>
          </params>
          <reporter-output>
          </reporter-output>
        </test-method> <!-- setupMethod -->
        <test-method status="PASS" signature="priceSliderResultsPage()[pri:0, instance:tests.KaterinaSprint2@12405818]" name="priceSliderResultsPage" duration-ms="22633" started-at="2021-01-24T15:09:28 EST" finished-at="2021-01-24T15:09:51 EST">
          <reporter-output>
          </reporter-output>
        </test-method> <!-- priceSliderResultsPage -->
        <test-method status="PASS" signature="teardownMethod(org.testng.ITestResult)[pri:0, instance:tests.KaterinaSprint2@12405818]" name="teardownMethod" is-config="true" duration-ms="779" started-at="2021-01-24T15:09:51 EST" finished-at="2021-01-24T15:09:52 EST">
          <params>
            <param index="0">
              <value>
                <![CDATA[[TestResult name=priceSliderResultsPage status=SUCCESS method=KaterinaSprint2.priceSliderResultsPage()[pri:0, instance:tests.KaterinaSprint2@12405818] output={null}]]]>
              </value>
            </param>
          </params>
          <reporter-output>
          </reporter-output>
        </test-method> <!-- teardownMethod -->
        <test-method status="PASS" signature="tearDownReport()[pri:0, instance:tests.KaterinaSprint2@12405818]" name="tearDownReport" is-config="true" duration-ms="437" started-at="2021-01-24T15:09:52 EST" finished-at="2021-01-24T15:09:52 EST">
          <reporter-output>
          </reporter-output>
        </test-method> <!-- tearDownReport -->
      </class> <!-- tests.KaterinaSprint2 -->
    </test> <!-- Edge Test(failed) -->
  </suite> <!-- Failed suite [Crossbrowser Tests] -->
</testng-results>
