<?xml version="1.0" encoding="UTF-8"?>
<testsuite xmlns:xsi="http://www.w3.org/2001/XMLSchema-instance" xsi:noNamespaceSchemaLocation="https://maven.apache.org/surefire/maven-surefire-plugin/xsd/surefire-test-report-3.0.xsd" version="3.0" name="TestSuite" time="419.88" tests="30" errors="0" skipped="0" failures="8">
  <properties>
[...]
</properties>
  <testcase name="test1WebsiteFooter" classname="tests.KatyaSprint2" time="1.407">
    <system-err><![CDATA[SLF4J: Failed to load class "org.slf4j.impl.StaticLoggerBinder".
SLF4J: Defaulting to no-operation (NOP) logger implementation
SLF4J: See http://www.slf4j.org/codes.html#StaticLoggerBinder for further details.
Starting ChromeDriver 87.0.4280.88 (89e2380a3e36c3464b5dd1302349b1382549290d-refs/branch-heads/4280@{#1761}) on port 26969
Only local connections are allowed.
Please see https://chromedriver.chromium.org/security-considerations for suggestions on keeping ChromeDriver safe.
ChromeDriver was started successfully.
Jan 24, 2021 7:21:50 PM org.openqa.selenium.remote.ProtocolHandshake createSession
INFO: Detected dialect: W3C
Starting ChromeDriver 87.0.4280.88 (89e2380a3e36c3464b5dd1302349b1382549290d-refs/branch-heads/4280@{#1761}) on port 14425
Only local connections are allowed.
Please see https://chromedriver.chromium.org/security-considerations for suggestions on keeping ChromeDriver safe.
ChromeDriver was started successfully.
Jan 24, 2021 7:21:53 PM org.openqa.selenium.remote.ProtocolHandshake createSession
INFO: Detected dialect: W3C
Starting ChromeDriver 87.0.4280.88 (89e2380a3e36c3464b5dd1302349b1382549290d-refs/branch-heads/4280@{#1761}) on port 34747
Only local connections are allowed.
Please see https://chromedriver.chromium.org/security-considerations for suggestions on keeping ChromeDriver safe.
ChromeDriver was started successfully.
Jan 24, 2021 7:21:57 PM org.openqa.selenium.remote.ProtocolHandshake createSession
INFO: Detected dialect: W3C
Starting ChromeDriver 87.0.4280.88 (89e2380a3e36c3464b5dd1302349b1382549290d-refs/branch-heads/4280@{#1761}) on port 13313
Only local connections are allowed.
Please see https://chromedriver.chromium.org/security-considerations for suggestions on keeping ChromeDriver safe.
ChromeDriver was started successfully.
Jan 24, 2021 7:22:02 PM org.openqa.selenium.remote.ProtocolHandshake createSession
INFO: Detected dialect: W3C
]]></system-err>
  </testcase>
  <testcase name="test2WebsiteFooter" classname="tests.KatyaSprint2" time="6.378">
    <system-err><![CDATA[Jan 24, 2021 7:22:31 PM org.openqa.selenium.remote.ProtocolHandshake createSession
INFO: Detected dialect: W3C
Starting ChromeDriver 87.0.4280.88 (89e2380a3e36c3464b5dd1302349b1382549290d-refs/branch-heads/4280@{#1761}) on port 21869
Only local connections are allowed.
Please see https://chromedriver.chromium.org/security-considerations for suggestions on keeping ChromeDriver safe.
ChromeDriver was started successfully.
Jan 24, 2021 7:22:36 PM org.openqa.selenium.remote.ProtocolHandshake createSession
INFO: Detected dialect: W3C
]]></system-err>
  </testcase>
  <testcase name="test3WebsiteFooter" classname="tests.KatyaSprint2" time="4.479">
    <system-err><![CDATA[Starting ChromeDriver 87.0.4280.88 (89e2380a3e36c3464b5dd1302349b1382549290d-refs/branch-heads/4280@{#1761}) on port 13640
Only local connections are allowed.
Please see https://chromedriver.chromium.org/security-considerations for suggestions on keeping ChromeDriver safe.
ChromeDriver was started successfully.
Jan 24, 2021 7:23:17 PM org.openqa.selenium.remote.ProtocolHandshake createSession
INFO: Detected dialect: W3C
]]></system-err>
  </testcase>
  <testcase name="test4WebsiteFooter" classname="tests.KatyaSprint2" time="1.675">
    <failure message="element click intercepted: Element &lt;a class=&quot;footernav-about-us&quot; href=&quot;/us/en/about-delta/overview&quot; target=&quot;&quot;&gt;...&lt;/a&gt; is not clickable at point (316, 647). Other element would receive the click: &lt;div class=&quot;cookie-footer cookie-footer-container text-left ng-star-inserted&quot;&gt;...&lt;/div&gt;&#10;  (Session info: chrome=87.0.4280.141)&#10;Build info: version: &apos;3.141.59&apos;, revision: &apos;e82be7d358&apos;, time: &apos;2018-11-14T08:17:03&apos;&#10;System info: host: &apos;LAPTOP-MC2FHNDC&apos;, ip: &apos;192.168.1.102&apos;, os.name: &apos;Windows 10&apos;, os.arch: &apos;amd64&apos;, os.version: &apos;10.0&apos;, java.version: &apos;1.8.0_261&apos;&#10;Driver info: org.openqa.selenium.chrome.ChromeDriver&#10;Capabilities {acceptInsecureCerts: false, browserName: chrome, browserVersion: 87.0.4280.141, chrome: {chromedriverVersion: 87.0.4280.88 (89e2380a3e36c..., userDataDir: C:\Users\eesha\AppData\Loca...}, goog:chromeOptions: {debuggerAddress: localhost:58291}, javascriptEnabled: true, networkConnectionEnabled: false, pageLoadStrategy: normal, platform: WINDOWS, platformName: WINDOWS, proxy: Proxy(), setWindowRect: true, strictFileInteractability: false, timeouts: {implicit: 0, pageLoad: 300000, script: 30000}, unhandledPromptBehavior: dismiss and notify, webauthn:virtualAuthenticators: true}&#10;Session ID: 077bca0a83f76699cd25b07f756f4364" type="org.openqa.selenium.ElementClickInterceptedException"><![CDATA[org.openqa.selenium.ElementClickInterceptedException: 
element click intercepted: Element <a class="footernav-about-us" href="/us/en/about-delta/overview" target="">...</a> is not clickable at point (316, 647). Other element would receive the click: <div class="cookie-footer cookie-footer-container text-left ng-star-inserted">...</div>
  (Session info: chrome=87.0.4280.141)
Build info: version: '3.141.59', revision: 'e82be7d358', time: '2018-11-14T08:17:03'
System info: host: 'LAPTOP-MC2FHNDC', ip: '192.168.1.102', os.name: 'Windows 10', os.arch: 'amd64', os.version: '10.0', java.version: '1.8.0_261'
Driver info: org.openqa.selenium.chrome.ChromeDriver
Capabilities {acceptInsecureCerts: false, browserName: chrome, browserVersion: 87.0.4280.141, chrome: {chromedriverVersion: 87.0.4280.88 (89e2380a3e36c..., userDataDir: C:\Users\eesha\AppData\Loca...}, goog:chromeOptions: {debuggerAddress: localhost:58291}, javascriptEnabled: true, networkConnectionEnabled: false, pageLoadStrategy: normal, platform: WINDOWS, platformName: WINDOWS, proxy: Proxy(), setWindowRect: true, strictFileInteractability: false, timeouts: {implicit: 0, pageLoad: 300000, script: 30000}, unhandledPromptBehavior: dismiss and notify, webauthn:virtualAuthenticators: true}
Session ID: 077bca0a83f76699cd25b07f756f4364
	at tests.KatyaSprint2.test4WebsiteFooter(KatyaSprint2.java:93)
]]></failure>
    <system-err><![CDATA[Jan 24, 2021 7:23:24 PM org.openqa.selenium.remote.ProtocolHandshake createSession
INFO: Detected dialect: W3C
Starting ChromeDriver 87.0.4280.88 (89e2380a3e36c3464b5dd1302349b1382549290d-refs/branch-heads/4280@{#1761}) on port 9990
Only local connections are allowed.
Please see https://chromedriver.chromium.org/security-considerations for suggestions on keeping ChromeDriver safe.
ChromeDriver was started successfully.
Jan 24, 2021 7:23:30 PM org.openqa.selenium.remote.ProtocolHandshake createSession
INFO: Detected dialect: W3C
Starting ChromeDriver 87.0.4280.88 (89e2380a3e36c3464b5dd1302349b1382549290d-refs/branch-heads/4280@{#1761}) on port 36669
Only local connections are allowed.
Please see https://chromedriver.chromium.org/security-considerations for suggestions on keeping ChromeDriver safe.
ChromeDriver was started successfully.
Jan 24, 2021 7:23:36 PM org.openqa.selenium.remote.ProtocolHandshake createSession
INFO: Detected dialect: W3C
]]></system-err>
  </testcase>
  <testcase name="test5WebsiteFooter" classname="tests.KatyaSprint2" time="4.56">
    <failure message="element click intercepted: Element &lt;a class=&quot;footernav-careers&quot; href=&quot;/us/en/careers/overview&quot; target=&quot;&quot;&gt;...&lt;/a&gt; is not clickable at point (311, 680). Other element would receive the click: &lt;p class=&quot;mb-0 cookie-banner-content&quot;&gt;...&lt;/p&gt;&#10;  (Session info: chrome=87.0.4280.141)&#10;Build info: version: &apos;3.141.59&apos;, revision: &apos;e82be7d358&apos;, time: &apos;2018-11-14T08:17:03&apos;&#10;System info: host: &apos;LAPTOP-MC2FHNDC&apos;, ip: &apos;192.168.1.102&apos;, os.name: &apos;Windows 10&apos;, os.arch: &apos;amd64&apos;, os.version: &apos;10.0&apos;, java.version: &apos;1.8.0_261&apos;&#10;Driver info: org.openqa.selenium.chrome.ChromeDriver&#10;Capabilities {acceptInsecureCerts: false, browserName: chrome, browserVersion: 87.0.4280.141, chrome: {chromedriverVersion: 87.0.4280.88 (89e2380a3e36c..., userDataDir: C:\Users\eesha\AppData\Loca...}, goog:chromeOptions: {debuggerAddress: localhost:58547}, javascriptEnabled: true, networkConnectionEnabled: false, pageLoadStrategy: normal, platform: WINDOWS, platformName: WINDOWS, proxy: Proxy(), setWindowRect: true, strictFileInteractability: false, timeouts: {implicit: 0, pageLoad: 300000, script: 30000}, unhandledPromptBehavior: dismiss and notify, webauthn:virtualAuthenticators: true}&#10;Session ID: 5b68bd4f77e6366aa903a622ffb248bf" type="org.openqa.selenium.ElementClickInterceptedException"><![CDATA[org.openqa.selenium.ElementClickInterceptedException: 
element click intercepted: Element <a class="footernav-careers" href="/us/en/careers/overview" target="">...</a> is not clickable at point (311, 680). Other element would receive the click: <p class="mb-0 cookie-banner-content">...</p>
  (Session info: chrome=87.0.4280.141)
Build info: version: '3.141.59', revision: 'e82be7d358', time: '2018-11-14T08:17:03'
System info: host: 'LAPTOP-MC2FHNDC', ip: '192.168.1.102', os.name: 'Windows 10', os.arch: 'amd64', os.version: '10.0', java.version: '1.8.0_261'
Driver info: org.openqa.selenium.chrome.ChromeDriver
Capabilities {acceptInsecureCerts: false, browserName: chrome, browserVersion: 87.0.4280.141, chrome: {chromedriverVersion: 87.0.4280.88 (89e2380a3e36c..., userDataDir: C:\Users\eesha\AppData\Loca...}, goog:chromeOptions: {debuggerAddress: localhost:58547}, javascriptEnabled: true, networkConnectionEnabled: false, pageLoadStrategy: normal, platform: WINDOWS, platformName: WINDOWS, proxy: Proxy(), setWindowRect: true, strictFileInteractability: false, timeouts: {implicit: 0, pageLoad: 300000, script: 30000}, unhandledPromptBehavior: dismiss and notify, webauthn:virtualAuthenticators: true}
Session ID: 5b68bd4f77e6366aa903a622ffb248bf
	at tests.KatyaSprint2.test5WebsiteFooter(KatyaSprint2.java:113)
]]></failure>
    <system-out><![CDATA[[SKIP TO BOOK]
[SKIP TO BOOK, new U.S. testing requirements]
[SKIP TO BOOK, new U.S. testing requirements, travel restrictions]
[SKIP TO BOOK, new U.S. testing requirements, travel restrictions, Coronavirus Update Center]
[SKIP TO BOOK, new U.S. testing requirements, travel restrictions, Coronavirus Update Center, ]
[SKIP TO BOOK, new U.S. testing requirements, travel restrictions, Coronavirus Update Center, , ]
[SKIP TO BOOK, new U.S. testing requirements, travel restrictions, Coronavirus Update Center, , , BOOK]
[SKIP TO BOOK, new U.S. testing requirements, travel restrictions, Coronavirus Update Center, , , BOOK, CHECK-IN]
[SKIP TO BOOK, new U.S. testing requirements, travel restrictions, Coronavirus Update Center, , , BOOK, CHECK-IN, MY TRIPS]
[SKIP TO BOOK, new U.S. testing requirements, travel restrictions, Coronavirus Update Center, , , BOOK, CHECK-IN, MY TRIPS, FLIGHT STATUS]
[SKIP TO BOOK, new U.S. testing requirements, travel restrictions, Coronavirus Update Center, , , BOOK, CHECK-IN, MY TRIPS, FLIGHT STATUS, Travel Info]
[SKIP TO BOOK, new U.S. testing requirements, travel restrictions, Coronavirus Update Center, , , BOOK, CHECK-IN, MY TRIPS, FLIGHT STATUS, Travel Info, SkyMiles]
[SKIP TO BOOK, new U.S. testing requirements, travel restrictions, Coronavirus Update Center, , , BOOK, CHECK-IN, MY TRIPS, FLIGHT STATUS, Travel Info, SkyMiles, Need Help?]
[SKIP TO BOOK, new U.S. testing requirements, travel restrictions, Coronavirus Update Center, , , BOOK, CHECK-IN, MY TRIPS, FLIGHT STATUS, Travel Info, SkyMiles, Need Help?, SIGN UP]
[SKIP TO BOOK, new U.S. testing requirements, travel restrictions, Coronavirus Update Center, , , BOOK, CHECK-IN, MY TRIPS, FLIGHT STATUS, Travel Info, SkyMiles, Need Help?, SIGN UP, 3
notifications are available
Notification]
[SKIP TO BOOK, new U.S. testing requirements, travel restrictions, Coronavirus Update Center, , , BOOK, CHECK-IN, MY TRIPS, FLIGHT STATUS, Travel Info, SkyMiles, Need Help?, SIGN UP, 3
notifications are available
Notification, Search]
[SKIP TO BOOK, new U.S. testing requirements, travel restrictions, Coronavirus Update Center, , , BOOK, CHECK-IN, MY TRIPS, FLIGHT STATUS, Travel Info, SkyMiles, Need Help?, SIGN UP, 3
notifications are available
Notification, Search, SJC
Departure Airport or City
San Jose, CA]
[SKIP TO BOOK, new U.S. testing requirements, travel restrictions, Coronavirus Update Center, , , BOOK, CHECK-IN, MY TRIPS, FLIGHT STATUS, Travel Info, SkyMiles, Need Help?, SIGN UP, 3
notifications are available
Notification, Search, SJC
Departure Airport or City
San Jose, CA, To
Destination Airport or City
Your Destination]
[SKIP TO BOOK, new U.S. testing requirements, travel restrictions, Coronavirus Update Center, , , BOOK, CHECK-IN, MY TRIPS, FLIGHT STATUS, Travel Info, SkyMiles, Need Help?, SIGN UP, 3
notifications are available
Notification, Search, SJC
Departure Airport or City
San Jose, CA, To
Destination Airport or City
Your Destination, ]
[SKIP TO BOOK, new U.S. testing requirements, travel restrictions, Coronavirus Update Center, , , BOOK, CHECK-IN, MY TRIPS, FLIGHT STATUS, Travel Info, SkyMiles, Need Help?, SIGN UP, 3
notifications are available
Notification, Search, SJC
Departure Airport or City
San Jose, CA, To
Destination Airport or City
Your Destination, , Shop with Miles help]
[SKIP TO BOOK, new U.S. testing requirements, travel restrictions, Coronavirus Update Center, , , BOOK, CHECK-IN, MY TRIPS, FLIGHT STATUS, Travel Info, SkyMiles, Need Help?, SIGN UP, 3
notifications are available
Notification, Search, SJC
Departure Airport or City
San Jose, CA, To
Destination Airport or City
Your Destination, , Shop with Miles help, Refundable Fares help]
[SKIP TO BOOK, new U.S. testing requirements, travel restrictions, Coronavirus Update Center, , , BOOK, CHECK-IN, MY TRIPS, FLIGHT STATUS, Travel Info, SkyMiles, Need Help?, SIGN UP, 3
notifications are available
Notification, Search, SJC
Departure Airport or City
San Jose, CA, To
Destination Airport or City
Your Destination, , Shop with Miles help, Refundable Fares help, Advanced Search]
[SKIP TO BOOK, new U.S. testing requirements, travel restrictions, Coronavirus Update Center, , , BOOK, CHECK-IN, MY TRIPS, FLIGHT STATUS, Travel Info, SkyMiles, Need Help?, SIGN UP, 3
notifications are available
Notification, Search, SJC
Departure Airport or City
San Jose, CA, To
Destination Airport or City
Your Destination, , Shop with Miles help, Refundable Fares help, Advanced Search, STAY CONNECTED
WITH SKYMILES]
[SKIP TO BOOK, new U.S. testing requirements, travel restrictions, Coronavirus Update Center, , , BOOK, CHECK-IN, MY TRIPS, FLIGHT STATUS, Travel Info, SkyMiles, Need Help?, SIGN UP, 3
notifications are available
Notification, Search, SJC
Departure Airport or City
San Jose, CA, To
Destination Airport or City
Your Destination, , Shop with Miles help, Refundable Fares help, Advanced Search, STAY CONNECTED
WITH SKYMILES, Join SkyMiles today to stay in-the-know on new deals and destinations, the Delta CareStandard℠ and travel requirements.]
[SKIP TO BOOK, new U.S. testing requirements, travel restrictions, Coronavirus Update Center, , , BOOK, CHECK-IN, MY TRIPS, FLIGHT STATUS, Travel Info, SkyMiles, Need Help?, SIGN UP, 3
notifications are available
Notification, Search, SJC
Departure Airport or City
San Jose, CA, To
Destination Airport or City
Your Destination, , Shop with Miles help, Refundable Fares help, Advanced Search, STAY CONNECTED
WITH SKYMILES, Join SkyMiles today to stay in-the-know on new deals and destinations, the Delta CareStandard℠ and travel requirements., VACATION DEALS]
[SKIP TO BOOK, new U.S. testing requirements, travel restrictions, Coronavirus Update Center, , , BOOK, CHECK-IN, MY TRIPS, FLIGHT STATUS, Travel Info, SkyMiles, Need Help?, SIGN UP, 3
notifications are available
Notification, Search, SJC
Departure Airport or City
San Jose, CA, To
Destination Airport or City
Your Destination, , Shop with Miles help, Refundable Fares help, Advanced Search, STAY CONNECTED
WITH SKYMILES, Join SkyMiles today to stay in-the-know on new deals and destinations, the Delta CareStandard℠ and travel requirements., VACATION DEALS, DELTA AMEX CARDS]
[SKIP TO BOOK, new U.S. testing requirements, travel restrictions, Coronavirus Update Center, , , BOOK, CHECK-IN, MY TRIPS, FLIGHT STATUS, Travel Info, SkyMiles, Need Help?, SIGN UP, 3
notifications are available
Notification, Search, SJC
Departure Airport or City
San Jose, CA, To
Destination Airport or City
Your Destination, , Shop with Miles help, Refundable Fares help, Advanced Search, STAY CONNECTED
WITH SKYMILES, Join SkyMiles today to stay in-the-know on new deals and destinations, the Delta CareStandard℠ and travel requirements., VACATION DEALS, DELTA AMEX CARDS, SHOP HOTELS]
[SKIP TO BOOK, new U.S. testing requirements, travel restrictions, Coronavirus Update Center, , , BOOK, CHECK-IN, MY TRIPS, FLIGHT STATUS, Travel Info, SkyMiles, Need Help?, SIGN UP, 3
notifications are available
Notification, Search, SJC
Departure Airport or City
San Jose, CA, To
Destination Airport or City
Your Destination, , Shop with Miles help, Refundable Fares help, Advanced Search, STAY CONNECTED
WITH SKYMILES, Join SkyMiles today to stay in-the-know on new deals and destinations, the Delta CareStandard℠ and travel requirements., VACATION DEALS, DELTA AMEX CARDS, SHOP HOTELS, RENT A CAR]
[SKIP TO BOOK, new U.S. testing requirements, travel restrictions, Coronavirus Update Center, , , BOOK, CHECK-IN, MY TRIPS, FLIGHT STATUS, Travel Info, SkyMiles, Need Help?, SIGN UP, 3
notifications are available
Notification, Search, SJC
Departure Airport or City
San Jose, CA, To
Destination Airport or City
Your Destination, , Shop with Miles help, Refundable Fares help, Advanced Search, STAY CONNECTED
WITH SKYMILES, Join SkyMiles today to stay in-the-know on new deals and destinations, the Delta CareStandard℠ and travel requirements., VACATION DEALS, DELTA AMEX CARDS, SHOP HOTELS, RENT A CAR, GIFT CARDS]
[SKIP TO BOOK, new U.S. testing requirements, travel restrictions, Coronavirus Update Center, , , BOOK, CHECK-IN, MY TRIPS, FLIGHT STATUS, Travel Info, SkyMiles, Need Help?, SIGN UP, 3
notifications are available
Notification, Search, SJC
Departure Airport or City
San Jose, CA, To
Destination Airport or City
Your Destination, , Shop with Miles help, Refundable Fares help, Advanced Search, STAY CONNECTED
WITH SKYMILES, Join SkyMiles today to stay in-the-know on new deals and destinations, the Delta CareStandard℠ and travel requirements., VACATION DEALS, DELTA AMEX CARDS, SHOP HOTELS, RENT A CAR, GIFT CARDS, Updated Bag & Travel Fees]
[SKIP TO BOOK, new U.S. testing requirements, travel restrictions, Coronavirus Update Center, , , BOOK, CHECK-IN, MY TRIPS, FLIGHT STATUS, Travel Info, SkyMiles, Need Help?, SIGN UP, 3
notifications are available
Notification, Search, SJC
Departure Airport or City
San Jose, CA, To
Destination Airport or City
Your Destination, , Shop with Miles help, Refundable Fares help, Advanced Search, STAY CONNECTED
WITH SKYMILES, Join SkyMiles today to stay in-the-know on new deals and destinations, the Delta CareStandard℠ and travel requirements., VACATION DEALS, DELTA AMEX CARDS, SHOP HOTELS, RENT A CAR, GIFT CARDS, Updated Bag & Travel Fees, EXPLORE OUR DESTINATIONS
Plan your next trip using our interactive map by investigating which states and countries are open for travel and when you can get there with Delta in the coming months.]
[SKIP TO BOOK, new U.S. testing requirements, travel restrictions, Coronavirus Update Center, , , BOOK, CHECK-IN, MY TRIPS, FLIGHT STATUS, Travel Info, SkyMiles, Need Help?, SIGN UP, 3
notifications are available
Notification, Search, SJC
Departure Airport or City
San Jose, CA, To
Destination Airport or City
Your Destination, , Shop with Miles help, Refundable Fares help, Advanced Search, STAY CONNECTED
WITH SKYMILES, Join SkyMiles today to stay in-the-know on new deals and destinations, the Delta CareStandard℠ and travel requirements., VACATION DEALS, DELTA AMEX CARDS, SHOP HOTELS, RENT A CAR, GIFT CARDS, Updated Bag & Travel Fees, EXPLORE OUR DESTINATIONS
Plan your next trip using our interactive map by investigating which states and countries are open for travel and when you can get there with Delta in the coming months., CAN I CANCEL/CHANGE MY FLIGHT?

We understand you have questions. Learn more about our simplified waivers and find out if your upcoming flight qualifies.]
[SKIP TO BOOK, new U.S. testing requirements, travel restrictions, Coronavirus Update Center, , , BOOK, CHECK-IN, MY TRIPS, FLIGHT STATUS, Travel Info, SkyMiles, Need Help?, SIGN UP, 3
notifications are available
Notification, Search, SJC
Departure Airport or City
San Jose, CA, To
Destination Airport or City
Your Destination, , Shop with Miles help, Refundable Fares help, Advanced Search, STAY CONNECTED
WITH SKYMILES, Join SkyMiles today to stay in-the-know on new deals and destinations, the Delta CareStandard℠ and travel requirements., VACATION DEALS, DELTA AMEX CARDS, SHOP HOTELS, RENT A CAR, GIFT CARDS, Updated Bag & Travel Fees, EXPLORE OUR DESTINATIONS
Plan your next trip using our interactive map by investigating which states and countries are open for travel and when you can get there with Delta in the coming months., CAN I CANCEL/CHANGE MY FLIGHT?

We understand you have questions. Learn more about our simplified waivers and find out if your upcoming flight qualifies., HOW DO I CHANGE MY FLIGHT AND FIND MY ECREDITS?
If your trip has been impacted by coronavirus, it's easy to cancel or change your flights. Learn how to modify your trip and rebook using eCredits with our step-by-step guides.]
[SKIP TO BOOK, new U.S. testing requirements, travel restrictions, Coronavirus Update Center, , , BOOK, CHECK-IN, MY TRIPS, FLIGHT STATUS, Travel Info, SkyMiles, Need Help?, SIGN UP, 3
notifications are available
Notification, Search, SJC
Departure Airport or City
San Jose, CA, To
Destination Airport or City
Your Destination, , Shop with Miles help, Refundable Fares help, Advanced Search, STAY CONNECTED
WITH SKYMILES, Join SkyMiles today to stay in-the-know on new deals and destinations, the Delta CareStandard℠ and travel requirements., VACATION DEALS, DELTA AMEX CARDS, SHOP HOTELS, RENT A CAR, GIFT CARDS, Updated Bag & Travel Fees, EXPLORE OUR DESTINATIONS
Plan your next trip using our interactive map by investigating which states and countries are open for travel and when you can get there with Delta in the coming months., CAN I CANCEL/CHANGE MY FLIGHT?

We understand you have questions. Learn more about our simplified waivers and find out if your upcoming flight qualifies., HOW DO I CHANGE MY FLIGHT AND FIND MY ECREDITS?
If your trip has been impacted by coronavirus, it's easy to cancel or change your flights. Learn how to modify your trip and rebook using eCredits with our step-by-step guides., WHAT ARE THE LATEST TRAVEL UPDATES?
Information is more important than ever. We pledge to share updates with you as quickly as possible, with full transparency and, as always, with your safety foremost in mind.]
[SKIP TO BOOK, new U.S. testing requirements, travel restrictions, Coronavirus Update Center, , , BOOK, CHECK-IN, MY TRIPS, FLIGHT STATUS, Travel Info, SkyMiles, Need Help?, SIGN UP, 3
notifications are available
Notification, Search, SJC
Departure Airport or City
San Jose, CA, To
Destination Airport or City
Your Destination, , Shop with Miles help, Refundable Fares help, Advanced Search, STAY CONNECTED
WITH SKYMILES, Join SkyMiles today to stay in-the-know on new deals and destinations, the Delta CareStandard℠ and travel requirements., VACATION DEALS, DELTA AMEX CARDS, SHOP HOTELS, RENT A CAR, GIFT CARDS, Updated Bag & Travel Fees, EXPLORE OUR DESTINATIONS
Plan your next trip using our interactive map by investigating which states and countries are open for travel and when you can get there with Delta in the coming months., CAN I CANCEL/CHANGE MY FLIGHT?

We understand you have questions. Learn more about our simplified waivers and find out if your upcoming flight qualifies., HOW DO I CHANGE MY FLIGHT AND FIND MY ECREDITS?
If your trip has been impacted by coronavirus, it's easy to cancel or change your flights. Learn how to modify your trip and rebook using eCredits with our step-by-step guides., WHAT ARE THE LATEST TRAVEL UPDATES?
Information is more important than ever. We pledge to share updates with you as quickly as possible, with full transparency and, as always, with your safety foremost in mind., COMMITTED TO YOUR SAFETY
To make space for safer travel, Delta is blocking middle or select aisle seats on all flights and limiting the total number of passengers on board through March 30, 2021.]
[SKIP TO BOOK, new U.S. testing requirements, travel restrictions, Coronavirus Update Center, , , BOOK, CHECK-IN, MY TRIPS, FLIGHT STATUS, Travel Info, SkyMiles, Need Help?, SIGN UP, 3
notifications are available
Notification, Search, SJC
Departure Airport or City
San Jose, CA, To
Destination Airport or City
Your Destination, , Shop with Miles help, Refundable Fares help, Advanced Search, STAY CONNECTED
WITH SKYMILES, Join SkyMiles today to stay in-the-know on new deals and destinations, the Delta CareStandard℠ and travel requirements., VACATION DEALS, DELTA AMEX CARDS, SHOP HOTELS, RENT A CAR, GIFT CARDS, Updated Bag & Travel Fees, EXPLORE OUR DESTINATIONS
Plan your next trip using our interactive map by investigating which states and countries are open for travel and when you can get there with Delta in the coming months., CAN I CANCEL/CHANGE MY FLIGHT?

We understand you have questions. Learn more about our simplified waivers and find out if your upcoming flight qualifies., HOW DO I CHANGE MY FLIGHT AND FIND MY ECREDITS?
If your trip has been impacted by coronavirus, it's easy to cancel or change your flights. Learn how to modify your trip and rebook using eCredits with our step-by-step guides., WHAT ARE THE LATEST TRAVEL UPDATES?
Information is more important than ever. We pledge to share updates with you as quickly as possible, with full transparency and, as always, with your safety foremost in mind., COMMITTED TO YOUR SAFETY
To make space for safer travel, Delta is blocking middle or select aisle seats on all flights and limiting the total number of passengers on board through March 30, 2021., CLEAN TRAVEL EXPERIENCE
We're doing everything we can to deliver a safe, healthy and clean travel experience. Caring for our customers and employees is our top priority. ]
[SKIP TO BOOK, new U.S. testing requirements, travel restrictions, Coronavirus Update Center, , , BOOK, CHECK-IN, MY TRIPS, FLIGHT STATUS, Travel Info, SkyMiles, Need Help?, SIGN UP, 3
notifications are available
Notification, Search, SJC
Departure Airport or City
San Jose, CA, To
Destination Airport or City
Your Destination, , Shop with Miles help, Refundable Fares help, Advanced Search, STAY CONNECTED
WITH SKYMILES, Join SkyMiles today to stay in-the-know on new deals and destinations, the Delta CareStandard℠ and travel requirements., VACATION DEALS, DELTA AMEX CARDS, SHOP HOTELS, RENT A CAR, GIFT CARDS, Updated Bag & Travel Fees, EXPLORE OUR DESTINATIONS
Plan your next trip using our interactive map by investigating which states and countries are open for travel and when you can get there with Delta in the coming months., CAN I CANCEL/CHANGE MY FLIGHT?

We understand you have questions. Learn more about our simplified waivers and find out if your upcoming flight qualifies., HOW DO I CHANGE MY FLIGHT AND FIND MY ECREDITS?
If your trip has been impacted by coronavirus, it's easy to cancel or change your flights. Learn how to modify your trip and rebook using eCredits with our step-by-step guides., WHAT ARE THE LATEST TRAVEL UPDATES?
Information is more important than ever. We pledge to share updates with you as quickly as possible, with full transparency and, as always, with your safety foremost in mind., COMMITTED TO YOUR SAFETY
To make space for safer travel, Delta is blocking middle or select aisle seats on all flights and limiting the total number of passengers on board through March 30, 2021., CLEAN TRAVEL EXPERIENCE
We're doing everything we can to deliver a safe, healthy and clean travel experience. Caring for our customers and employees is our top priority. , DOWNLOAD THE FLY DELTA APP
Download the app to be notified of flight updates and access your mobile boarding pass to limit the use of touch-screen kiosks. ]
[SKIP TO BOOK, new U.S. testing requirements, travel restrictions, Coronavirus Update Center, , , BOOK, CHECK-IN, MY TRIPS, FLIGHT STATUS, Travel Info, SkyMiles, Need Help?, SIGN UP, 3
notifications are available
Notification, Search, SJC
Departure Airport or City
San Jose, CA, To
Destination Airport or City
Your Destination, , Shop with Miles help, Refundable Fares help, Advanced Search, STAY CONNECTED
WITH SKYMILES, Join SkyMiles today to stay in-the-know on new deals and destinations, the Delta CareStandard℠ and travel requirements., VACATION DEALS, DELTA AMEX CARDS, SHOP HOTELS, RENT A CAR, GIFT CARDS, Updated Bag & Travel Fees, EXPLORE OUR DESTINATIONS
Plan your next trip using our interactive map by investigating which states and countries are open for travel and when you can get there with Delta in the coming months., CAN I CANCEL/CHANGE MY FLIGHT?

We understand you have questions. Learn more about our simplified waivers and find out if your upcoming flight qualifies., HOW DO I CHANGE MY FLIGHT AND FIND MY ECREDITS?
If your trip has been impacted by coronavirus, it's easy to cancel or change your flights. Learn how to modify your trip and rebook using eCredits with our step-by-step guides., WHAT ARE THE LATEST TRAVEL UPDATES?
Information is more important than ever. We pledge to share updates with you as quickly as possible, with full transparency and, as always, with your safety foremost in mind., COMMITTED TO YOUR SAFETY
To make space for safer travel, Delta is blocking middle or select aisle seats on all flights and limiting the total number of passengers on board through March 30, 2021., CLEAN TRAVEL EXPERIENCE
We're doing everything we can to deliver a safe, healthy and clean travel experience. Caring for our customers and employees is our top priority. , DOWNLOAD THE FLY DELTA APP
Download the app to be notified of flight updates and access your mobile boarding pass to limit the use of touch-screen kiosks. , BOOK WITH CONFIDENCE
We're ready when you are. We are waiving change fees broadly and, above all, rest assured the value of your ticket won't be lost if you need to make a change. ]
[SKIP TO BOOK, new U.S. testing requirements, travel restrictions, Coronavirus Update Center, , , BOOK, CHECK-IN, MY TRIPS, FLIGHT STATUS, Travel Info, SkyMiles, Need Help?, SIGN UP, 3
notifications are available
Notification, Search, SJC
Departure Airport or City
San Jose, CA, To
Destination Airport or City
Your Destination, , Shop with Miles help, Refundable Fares help, Advanced Search, STAY CONNECTED
WITH SKYMILES, Join SkyMiles today to stay in-the-know on new deals and destinations, the Delta CareStandard℠ and travel requirements., VACATION DEALS, DELTA AMEX CARDS, SHOP HOTELS, RENT A CAR, GIFT CARDS, Updated Bag & Travel Fees, EXPLORE OUR DESTINATIONS
Plan your next trip using our interactive map by investigating which states and countries are open for travel and when you can get there with Delta in the coming months., CAN I CANCEL/CHANGE MY FLIGHT?

We understand you have questions. Learn more about our simplified waivers and find out if your upcoming flight qualifies., HOW DO I CHANGE MY FLIGHT AND FIND MY ECREDITS?
If your trip has been impacted by coronavirus, it's easy to cancel or change your flights. Learn how to modify your trip and rebook using eCredits with our step-by-step guides., WHAT ARE THE LATEST TRAVEL UPDATES?
Information is more important than ever. We pledge to share updates with you as quickly as possible, with full transparency and, as always, with your safety foremost in mind., COMMITTED TO YOUR SAFETY
To make space for safer travel, Delta is blocking middle or select aisle seats on all flights and limiting the total number of passengers on board through March 30, 2021., CLEAN TRAVEL EXPERIENCE
We're doing everything we can to deliver a safe, healthy and clean travel experience. Caring for our customers and employees is our top priority. , DOWNLOAD THE FLY DELTA APP
Download the app to be notified of flight updates and access your mobile boarding pass to limit the use of touch-screen kiosks. , BOOK WITH CONFIDENCE
We're ready when you are. We are waiving change fees broadly and, above all, rest assured the value of your ticket won't be lost if you need to make a change. , JOIN NOW
, OPENS IN NEW WINDOW]
[SKIP TO BOOK, new U.S. testing requirements, travel restrictions, Coronavirus Update Center, , , BOOK, CHECK-IN, MY TRIPS, FLIGHT STATUS, Travel Info, SkyMiles, Need Help?, SIGN UP, 3
notifications are available
Notification, Search, SJC
Departure Airport or City
San Jose, CA, To
Destination Airport or City
Your Destination, , Shop with Miles help, Refundable Fares help, Advanced Search, STAY CONNECTED
WITH SKYMILES, Join SkyMiles today to stay in-the-know on new deals and destinations, the Delta CareStandard℠ and travel requirements., VACATION DEALS, DELTA AMEX CARDS, SHOP HOTELS, RENT A CAR, GIFT CARDS, Updated Bag & Travel Fees, EXPLORE OUR DESTINATIONS
Plan your next trip using our interactive map by investigating which states and countries are open for travel and when you can get there with Delta in the coming months., CAN I CANCEL/CHANGE MY FLIGHT?

We understand you have questions. Learn more about our simplified waivers and find out if your upcoming flight qualifies., HOW DO I CHANGE MY FLIGHT AND FIND MY ECREDITS?
If your trip has been impacted by coronavirus, it's easy to cancel or change your flights. Learn how to modify your trip and rebook using eCredits with our step-by-step guides., WHAT ARE THE LATEST TRAVEL UPDATES?
Information is more important than ever. We pledge to share updates with you as quickly as possible, with full transparency and, as always, with your safety foremost in mind., COMMITTED TO YOUR SAFETY
To make space for safer travel, Delta is blocking middle or select aisle seats on all flights and limiting the total number of passengers on board through March 30, 2021., CLEAN TRAVEL EXPERIENCE
We're doing everything we can to deliver a safe, healthy and clean travel experience. Caring for our customers and employees is our top priority. , DOWNLOAD THE FLY DELTA APP
Download the app to be notified of flight updates and access your mobile boarding pass to limit the use of touch-screen kiosks. , BOOK WITH CONFIDENCE
We're ready when you are. We are waiving change fees broadly and, above all, rest assured the value of your ticket won't be lost if you need to make a change. , JOIN NOW
, OPENS IN NEW WINDOW, Search for a topic...
Search]
[SKIP TO BOOK, new U.S. testing requirements, travel restrictions, Coronavirus Update Center, , , BOOK, CHECK-IN, MY TRIPS, FLIGHT STATUS, Travel Info, SkyMiles, Need Help?, SIGN UP, 3
notifications are available
Notification, Search, SJC
Departure Airport or City
San Jose, CA, To
Destination Airport or City
Your Destination, , Shop with Miles help, Refundable Fares help, Advanced Search, STAY CONNECTED
WITH SKYMILES, Join SkyMiles today to stay in-the-know on new deals and destinations, the Delta CareStandard℠ and travel requirements., VACATION DEALS, DELTA AMEX CARDS, SHOP HOTELS, RENT A CAR, GIFT CARDS, Updated Bag & Travel Fees, EXPLORE OUR DESTINATIONS
Plan your next trip using our interactive map by investigating which states and countries are open for travel and when you can get there with Delta in the coming months., CAN I CANCEL/CHANGE MY FLIGHT?

We understand you have questions. Learn more about our simplified waivers and find out if your upcoming flight qualifies., HOW DO I CHANGE MY FLIGHT AND FIND MY ECREDITS?
If your trip has been impacted by coronavirus, it's easy to cancel or change your flights. Learn how to modify your trip and rebook using eCredits with our step-by-step guides., WHAT ARE THE LATEST TRAVEL UPDATES?
Information is more important than ever. We pledge to share updates with you as quickly as possible, with full transparency and, as always, with your safety foremost in mind., COMMITTED TO YOUR SAFETY
To make space for safer travel, Delta is blocking middle or select aisle seats on all flights and limiting the total number of passengers on board through March 30, 2021., CLEAN TRAVEL EXPERIENCE
We're doing everything we can to deliver a safe, healthy and clean travel experience. Caring for our customers and employees is our top priority. , DOWNLOAD THE FLY DELTA APP
Download the app to be notified of flight updates and access your mobile boarding pass to limit the use of touch-screen kiosks. , BOOK WITH CONFIDENCE
We're ready when you are. We are waiving change fees broadly and, above all, rest assured the value of your ticket won't be lost if you need to make a change. , JOIN NOW
, OPENS IN NEW WINDOW, Search for a topic...
Search, Search]
[SKIP TO BOOK, new U.S. testing requirements, travel restrictions, Coronavirus Update Center, , , BOOK, CHECK-IN, MY TRIPS, FLIGHT STATUS, Travel Info, SkyMiles, Need Help?, SIGN UP, 3
notifications are available
Notification, Search, SJC
Departure Airport or City
San Jose, CA, To
Destination Airport or City
Your Destination, , Shop with Miles help, Refundable Fares help, Advanced Search, STAY CONNECTED
WITH SKYMILES, Join SkyMiles today to stay in-the-know on new deals and destinations, the Delta CareStandard℠ and travel requirements., VACATION DEALS, DELTA AMEX CARDS, SHOP HOTELS, RENT A CAR, GIFT CARDS, Updated Bag & Travel Fees, EXPLORE OUR DESTINATIONS
Plan your next trip using our interactive map by investigating which states and countries are open for travel and when you can get there with Delta in the coming months., CAN I CANCEL/CHANGE MY FLIGHT?

We understand you have questions. Learn more about our simplified waivers and find out if your upcoming flight qualifies., HOW DO I CHANGE MY FLIGHT AND FIND MY ECREDITS?
If your trip has been impacted by coronavirus, it's easy to cancel or change your flights. Learn how to modify your trip and rebook using eCredits with our step-by-step guides., WHAT ARE THE LATEST TRAVEL UPDATES?
Information is more important than ever. We pledge to share updates with you as quickly as possible, with full transparency and, as always, with your safety foremost in mind., COMMITTED TO YOUR SAFETY
To make space for safer travel, Delta is blocking middle or select aisle seats on all flights and limiting the total number of passengers on board through March 30, 2021., CLEAN TRAVEL EXPERIENCE
We're doing everything we can to deliver a safe, healthy and clean travel experience. Caring for our customers and employees is our top priority. , DOWNLOAD THE FLY DELTA APP
Download the app to be notified of flight updates and access your mobile boarding pass to limit the use of touch-screen kiosks. , BOOK WITH CONFIDENCE
We're ready when you are. We are waiving change fees broadly and, above all, rest assured the value of your ticket won't be lost if you need to make a change. , JOIN NOW
, OPENS IN NEW WINDOW, Search for a topic...
Search, Search, Need Help?]
[SKIP TO BOOK, new U.S. testing requirements, travel restrictions, Coronavirus Update Center, , , BOOK, CHECK-IN, MY TRIPS, FLIGHT STATUS, Travel Info, SkyMiles, Need Help?, SIGN UP, 3
notifications are available
Notification, Search, SJC
Departure Airport or City
San Jose, CA, To
Destination Airport or City
Your Destination, , Shop with Miles help, Refundable Fares help, Advanced Search, STAY CONNECTED
WITH SKYMILES, Join SkyMiles today to stay in-the-know on new deals and destinations, the Delta CareStandard℠ and travel requirements., VACATION DEALS, DELTA AMEX CARDS, SHOP HOTELS, RENT A CAR, GIFT CARDS, Updated Bag & Travel Fees, EXPLORE OUR DESTINATIONS
Plan your next trip using our interactive map by investigating which states and countries are open for travel and when you can get there with Delta in the coming months., CAN I CANCEL/CHANGE MY FLIGHT?

We understand you have questions. Learn more about our simplified waivers and find out if your upcoming flight qualifies., HOW DO I CHANGE MY FLIGHT AND FIND MY ECREDITS?
If your trip has been impacted by coronavirus, it's easy to cancel or change your flights. Learn how to modify your trip and rebook using eCredits with our step-by-step guides., WHAT ARE THE LATEST TRAVEL UPDATES?
Information is more important than ever. We pledge to share updates with you as quickly as possible, with full transparency and, as always, with your safety foremost in mind., COMMITTED TO YOUR SAFETY
To make space for safer travel, Delta is blocking middle or select aisle seats on all flights and limiting the total number of passengers on board through March 30, 2021., CLEAN TRAVEL EXPERIENCE
We're doing everything we can to deliver a safe, healthy and clean travel experience. Caring for our customers and employees is our top priority. , DOWNLOAD THE FLY DELTA APP
Download the app to be notified of flight updates and access your mobile boarding pass to limit the use of touch-screen kiosks. , BOOK WITH CONFIDENCE
We're ready when you are. We are waiving change fees broadly and, above all, rest assured the value of your ticket won't be lost if you need to make a change. , JOIN NOW
, OPENS IN NEW WINDOW, Search for a topic...
Search, Search, Need Help?, Coronavirus]
[SKIP TO BOOK, new U.S. testing requirements, travel restrictions, Coronavirus Update Center, , , BOOK, CHECK-IN, MY TRIPS, FLIGHT STATUS, Travel Info, SkyMiles, Need Help?, SIGN UP, 3
notifications are available
Notification, Search, SJC
Departure Airport or City
San Jose, CA, To
Destination Airport or City
Your Destination, , Shop with Miles help, Refundable Fares help, Advanced Search, STAY CONNECTED
WITH SKYMILES, Join SkyMiles today to stay in-the-know on new deals and destinations, the Delta CareStandard℠ and travel requirements., VACATION DEALS, DELTA AMEX CARDS, SHOP HOTELS, RENT A CAR, GIFT CARDS, Updated Bag & Travel Fees, EXPLORE OUR DESTINATIONS
Plan your next trip using our interactive map by investigating which states and countries are open for travel and when you can get there with Delta in the coming months., CAN I CANCEL/CHANGE MY FLIGHT?

We understand you have questions. Learn more about our simplified waivers and find out if your upcoming flight qualifies., HOW DO I CHANGE MY FLIGHT AND FIND MY ECREDITS?
If your trip has been impacted by coronavirus, it's easy to cancel or change your flights. Learn how to modify your trip and rebook using eCredits with our step-by-step guides., WHAT ARE THE LATEST TRAVEL UPDATES?
Information is more important than ever. We pledge to share updates with you as quickly as possible, with full transparency and, as always, with your safety foremost in mind., COMMITTED TO YOUR SAFETY
To make space for safer travel, Delta is blocking middle or select aisle seats on all flights and limiting the total number of passengers on board through March 30, 2021., CLEAN TRAVEL EXPERIENCE
We're doing everything we can to deliver a safe, healthy and clean travel experience. Caring for our customers and employees is our top priority. , DOWNLOAD THE FLY DELTA APP
Download the app to be notified of flight updates and access your mobile boarding pass to limit the use of touch-screen kiosks. , BOOK WITH CONFIDENCE
We're ready when you are. We are waiving change fees broadly and, above all, rest assured the value of your ticket won't be lost if you need to make a change. , JOIN NOW
, OPENS IN NEW WINDOW, Search for a topic...
Search, Search, Need Help?, Coronavirus, eCredits]
[SKIP TO BOOK, new U.S. testing requirements, travel restrictions, Coronavirus Update Center, , , BOOK, CHECK-IN, MY TRIPS, FLIGHT STATUS, Travel Info, SkyMiles, Need Help?, SIGN UP, 3
notifications are available
Notification, Search, SJC
Departure Airport or City
San Jose, CA, To
Destination Airport or City
Your Destination, , Shop with Miles help, Refundable Fares help, Advanced Search, STAY CONNECTED
WITH SKYMILES, Join SkyMiles today to stay in-the-know on new deals and destinations, the Delta CareStandard℠ and travel requirements., VACATION DEALS, DELTA AMEX CARDS, SHOP HOTELS, RENT A CAR, GIFT CARDS, Updated Bag & Travel Fees, EXPLORE OUR DESTINATIONS
Plan your next trip using our interactive map by investigating which states and countries are open for travel and when you can get there with Delta in the coming months., CAN I CANCEL/CHANGE MY FLIGHT?

We understand you have questions. Learn more about our simplified waivers and find out if your upcoming flight qualifies., HOW DO I CHANGE MY FLIGHT AND FIND MY ECREDITS?
If your trip has been impacted by coronavirus, it's easy to cancel or change your flights. Learn how to modify your trip and rebook using eCredits with our step-by-step guides., WHAT ARE THE LATEST TRAVEL UPDATES?
Information is more important than ever. We pledge to share updates with you as quickly as possible, with full transparency and, as always, with your safety foremost in mind., COMMITTED TO YOUR SAFETY
To make space for safer travel, Delta is blocking middle or select aisle seats on all flights and limiting the total number of passengers on board through March 30, 2021., CLEAN TRAVEL EXPERIENCE
We're doing everything we can to deliver a safe, healthy and clean travel experience. Caring for our customers and employees is our top priority. , DOWNLOAD THE FLY DELTA APP
Download the app to be notified of flight updates and access your mobile boarding pass to limit the use of touch-screen kiosks. , BOOK WITH CONFIDENCE
We're ready when you are. We are waiving change fees broadly and, above all, rest assured the value of your ticket won't be lost if you need to make a change. , JOIN NOW
, OPENS IN NEW WINDOW, Search for a topic...
Search, Search, Need Help?, Coronavirus, eCredits, About Us]
[SKIP TO BOOK, new U.S. testing requirements, travel restrictions, Coronavirus Update Center, , , BOOK, CHECK-IN, MY TRIPS, FLIGHT STATUS, Travel Info, SkyMiles, Need Help?, SIGN UP, 3
notifications are available
Notification, Search, SJC
Departure Airport or City
San Jose, CA, To
Destination Airport or City
Your Destination, , Shop with Miles help, Refundable Fares help, Advanced Search, STAY CONNECTED
WITH SKYMILES, Join SkyMiles today to stay in-the-know on new deals and destinations, the Delta CareStandard℠ and travel requirements., VACATION DEALS, DELTA AMEX CARDS, SHOP HOTELS, RENT A CAR, GIFT CARDS, Updated Bag & Travel Fees, EXPLORE OUR DESTINATIONS
Plan your next trip using our interactive map by investigating which states and countries are open for travel and when you can get there with Delta in the coming months., CAN I CANCEL/CHANGE MY FLIGHT?

We understand you have questions. Learn more about our simplified waivers and find out if your upcoming flight qualifies., HOW DO I CHANGE MY FLIGHT AND FIND MY ECREDITS?
If your trip has been impacted by coronavirus, it's easy to cancel or change your flights. Learn how to modify your trip and rebook using eCredits with our step-by-step guides., WHAT ARE THE LATEST TRAVEL UPDATES?
Information is more important than ever. We pledge to share updates with you as quickly as possible, with full transparency and, as always, with your safety foremost in mind., COMMITTED TO YOUR SAFETY
To make space for safer travel, Delta is blocking middle or select aisle seats on all flights and limiting the total number of passengers on board through March 30, 2021., CLEAN TRAVEL EXPERIENCE
We're doing everything we can to deliver a safe, healthy and clean travel experience. Caring for our customers and employees is our top priority. , DOWNLOAD THE FLY DELTA APP
Download the app to be notified of flight updates and access your mobile boarding pass to limit the use of touch-screen kiosks. , BOOK WITH CONFIDENCE
We're ready when you are. We are waiving change fees broadly and, above all, rest assured the value of your ticket won't be lost if you need to make a change. , JOIN NOW
, OPENS IN NEW WINDOW, Search for a topic...
Search, Search, Need Help?, Coronavirus, eCredits, About Us, Careers]
[SKIP TO BOOK, new U.S. testing requirements, travel restrictions, Coronavirus Update Center, , , BOOK, CHECK-IN, MY TRIPS, FLIGHT STATUS, Travel Info, SkyMiles, Need Help?, SIGN UP, 3
notifications are available
Notification, Search, SJC
Departure Airport or City
San Jose, CA, To
Destination Airport or City
Your Destination, , Shop with Miles help, Refundable Fares help, Advanced Search, STAY CONNECTED
WITH SKYMILES, Join SkyMiles today to stay in-the-know on new deals and destinations, the Delta CareStandard℠ and travel requirements., VACATION DEALS, DELTA AMEX CARDS, SHOP HOTELS, RENT A CAR, GIFT CARDS, Updated Bag & Travel Fees, EXPLORE OUR DESTINATIONS
Plan your next trip using our interactive map by investigating which states and countries are open for travel and when you can get there with Delta in the coming months., CAN I CANCEL/CHANGE MY FLIGHT?

We understand you have questions. Learn more about our simplified waivers and find out if your upcoming flight qualifies., HOW DO I CHANGE MY FLIGHT AND FIND MY ECREDITS?
If your trip has been impacted by coronavirus, it's easy to cancel or change your flights. Learn how to modify your trip and rebook using eCredits with our step-by-step guides., WHAT ARE THE LATEST TRAVEL UPDATES?
Information is more important than ever. We pledge to share updates with you as quickly as possible, with full transparency and, as always, with your safety foremost in mind., COMMITTED TO YOUR SAFETY
To make space for safer travel, Delta is blocking middle or select aisle seats on all flights and limiting the total number of passengers on board through March 30, 2021., CLEAN TRAVEL EXPERIENCE
We're doing everything we can to deliver a safe, healthy and clean travel experience. Caring for our customers and employees is our top priority. , DOWNLOAD THE FLY DELTA APP
Download the app to be notified of flight updates and access your mobile boarding pass to limit the use of touch-screen kiosks. , BOOK WITH CONFIDENCE
We're ready when you are. We are waiving change fees broadly and, above all, rest assured the value of your ticket won't be lost if you need to make a change. , JOIN NOW
, OPENS IN NEW WINDOW, Search for a topic...
Search, Search, Need Help?, Coronavirus, eCredits, About Us, Careers, News Hub]
[SKIP TO BOOK, new U.S. testing requirements, travel restrictions, Coronavirus Update Center, , , BOOK, CHECK-IN, MY TRIPS, FLIGHT STATUS, Travel Info, SkyMiles, Need Help?, SIGN UP, 3
notifications are available
Notification, Search, SJC
Departure Airport or City
San Jose, CA, To
Destination Airport or City
Your Destination, , Shop with Miles help, Refundable Fares help, Advanced Search, STAY CONNECTED
WITH SKYMILES, Join SkyMiles today to stay in-the-know on new deals and destinations, the Delta CareStandard℠ and travel requirements., VACATION DEALS, DELTA AMEX CARDS, SHOP HOTELS, RENT A CAR, GIFT CARDS, Updated Bag & Travel Fees, EXPLORE OUR DESTINATIONS
Plan your next trip using our interactive map by investigating which states and countries are open for travel and when you can get there with Delta in the coming months., CAN I CANCEL/CHANGE MY FLIGHT?

We understand you have questions. Learn more about our simplified waivers and find out if your upcoming flight qualifies., HOW DO I CHANGE MY FLIGHT AND FIND MY ECREDITS?
If your trip has been impacted by coronavirus, it's easy to cancel or change your flights. Learn how to modify your trip and rebook using eCredits with our step-by-step guides., WHAT ARE THE LATEST TRAVEL UPDATES?
Information is more important than ever. We pledge to share updates with you as quickly as possible, with full transparency and, as always, with your safety foremost in mind., COMMITTED TO YOUR SAFETY
To make space for safer travel, Delta is blocking middle or select aisle seats on all flights and limiting the total number of passengers on board through March 30, 2021., CLEAN TRAVEL EXPERIENCE
We're doing everything we can to deliver a safe, healthy and clean travel experience. Caring for our customers and employees is our top priority. , DOWNLOAD THE FLY DELTA APP
Download the app to be notified of flight updates and access your mobile boarding pass to limit the use of touch-screen kiosks. , BOOK WITH CONFIDENCE
We're ready when you are. We are waiving change fees broadly and, above all, rest assured the value of your ticket won't be lost if you need to make a change. , JOIN NOW
, OPENS IN NEW WINDOW, Search for a topic...
Search, Search, Need Help?, Coronavirus, eCredits, About Us, Careers, News Hub, Investor Relations]
[SKIP TO BOOK, new U.S. testing requirements, travel restrictions, Coronavirus Update Center, , , BOOK, CHECK-IN, MY TRIPS, FLIGHT STATUS, Travel Info, SkyMiles, Need Help?, SIGN UP, 3
notifications are available
Notification, Search, SJC
Departure Airport or City
San Jose, CA, To
Destination Airport or City
Your Destination, , Shop with Miles help, Refundable Fares help, Advanced Search, STAY CONNECTED
WITH SKYMILES, Join SkyMiles today to stay in-the-know on new deals and destinations, the Delta CareStandard℠ and travel requirements., VACATION DEALS, DELTA AMEX CARDS, SHOP HOTELS, RENT A CAR, GIFT CARDS, Updated Bag & Travel Fees, EXPLORE OUR DESTINATIONS
Plan your next trip using our interactive map by investigating which states and countries are open for travel and when you can get there with Delta in the coming months., CAN I CANCEL/CHANGE MY FLIGHT?

We understand you have questions. Learn more about our simplified waivers and find out if your upcoming flight qualifies., HOW DO I CHANGE MY FLIGHT AND FIND MY ECREDITS?
If your trip has been impacted by coronavirus, it's easy to cancel or change your flights. Learn how to modify your trip and rebook using eCredits with our step-by-step guides., WHAT ARE THE LATEST TRAVEL UPDATES?
Information is more important than ever. We pledge to share updates with you as quickly as possible, with full transparency and, as always, with your safety foremost in mind., COMMITTED TO YOUR SAFETY
To make space for safer travel, Delta is blocking middle or select aisle seats on all flights and limiting the total number of passengers on board through March 30, 2021., CLEAN TRAVEL EXPERIENCE
We're doing everything we can to deliver a safe, healthy and clean travel experience. Caring for our customers and employees is our top priority. , DOWNLOAD THE FLY DELTA APP
Download the app to be notified of flight updates and access your mobile boarding pass to limit the use of touch-screen kiosks. , BOOK WITH CONFIDENCE
We're ready when you are. We are waiving change fees broadly and, above all, rest assured the value of your ticket won't be lost if you need to make a change. , JOIN NOW
, OPENS IN NEW WINDOW, Search for a topic...
Search, Search, Need Help?, Coronavirus, eCredits, About Us, Careers, News Hub, Investor Relations, Business Travel]
[SKIP TO BOOK, new U.S. testing requirements, travel restrictions, Coronavirus Update Center, , , BOOK, CHECK-IN, MY TRIPS, FLIGHT STATUS, Travel Info, SkyMiles, Need Help?, SIGN UP, 3
notifications are available
Notification, Search, SJC
Departure Airport or City
San Jose, CA, To
Destination Airport or City
Your Destination, , Shop with Miles help, Refundable Fares help, Advanced Search, STAY CONNECTED
WITH SKYMILES, Join SkyMiles today to stay in-the-know on new deals and destinations, the Delta CareStandard℠ and travel requirements., VACATION DEALS, DELTA AMEX CARDS, SHOP HOTELS, RENT A CAR, GIFT CARDS, Updated Bag & Travel Fees, EXPLORE OUR DESTINATIONS
Plan your next trip using our interactive map by investigating which states and countries are open for travel and when you can get there with Delta in the coming months., CAN I CANCEL/CHANGE MY FLIGHT?

We understand you have questions. Learn more about our simplified waivers and find out if your upcoming flight qualifies., HOW DO I CHANGE MY FLIGHT AND FIND MY ECREDITS?
If your trip has been impacted by coronavirus, it's easy to cancel or change your flights. Learn how to modify your trip and rebook using eCredits with our step-by-step guides., WHAT ARE THE LATEST TRAVEL UPDATES?
Information is more important than ever. We pledge to share updates with you as quickly as possible, with full transparency and, as always, with your safety foremost in mind., COMMITTED TO YOUR SAFETY
To make space for safer travel, Delta is blocking middle or select aisle seats on all flights and limiting the total number of passengers on board through March 30, 2021., CLEAN TRAVEL EXPERIENCE
We're doing everything we can to deliver a safe, healthy and clean travel experience. Caring for our customers and employees is our top priority. , DOWNLOAD THE FLY DELTA APP
Download the app to be notified of flight updates and access your mobile boarding pass to limit the use of touch-screen kiosks. , BOOK WITH CONFIDENCE
We're ready when you are. We are waiving change fees broadly and, above all, rest assured the value of your ticket won't be lost if you need to make a change. , JOIN NOW
, OPENS IN NEW WINDOW, Search for a topic...
Search, Search, Need Help?, Coronavirus, eCredits, About Us, Careers, News Hub, Investor Relations, Business Travel, Travel Agents]
[SKIP TO BOOK, new U.S. testing requirements, travel restrictions, Coronavirus Update Center, , , BOOK, CHECK-IN, MY TRIPS, FLIGHT STATUS, Travel Info, SkyMiles, Need Help?, SIGN UP, 3
notifications are available
Notification, Search, SJC
Departure Airport or City
San Jose, CA, To
Destination Airport or City
Your Destination, , Shop with Miles help, Refundable Fares help, Advanced Search, STAY CONNECTED
WITH SKYMILES, Join SkyMiles today to stay in-the-know on new deals and destinations, the Delta CareStandard℠ and travel requirements., VACATION DEALS, DELTA AMEX CARDS, SHOP HOTELS, RENT A CAR, GIFT CARDS, Updated Bag & Travel Fees, EXPLORE OUR DESTINATIONS
Plan your next trip using our interactive map by investigating which states and countries are open for travel and when you can get there with Delta in the coming months., CAN I CANCEL/CHANGE MY FLIGHT?

We understand you have questions. Learn more about our simplified waivers and find out if your upcoming flight qualifies., HOW DO I CHANGE MY FLIGHT AND FIND MY ECREDITS?
If your trip has been impacted by coronavirus, it's easy to cancel or change your flights. Learn how to modify your trip and rebook using eCredits with our step-by-step guides., WHAT ARE THE LATEST TRAVEL UPDATES?
Information is more important than ever. We pledge to share updates with you as quickly as possible, with full transparency and, as always, with your safety foremost in mind., COMMITTED TO YOUR SAFETY
To make space for safer travel, Delta is blocking middle or select aisle seats on all flights and limiting the total number of passengers on board through March 30, 2021., CLEAN TRAVEL EXPERIENCE
We're doing everything we can to deliver a safe, healthy and clean travel experience. Caring for our customers and employees is our top priority. , DOWNLOAD THE FLY DELTA APP
Download the app to be notified of flight updates and access your mobile boarding pass to limit the use of touch-screen kiosks. , BOOK WITH CONFIDENCE
We're ready when you are. We are waiving change fees broadly and, above all, rest assured the value of your ticket won't be lost if you need to make a change. , JOIN NOW
, OPENS IN NEW WINDOW, Search for a topic...
Search, Search, Need Help?, Coronavirus, eCredits, About Us, Careers, News Hub, Investor Relations, Business Travel, Travel Agents, Mobile App]
[SKIP TO BOOK, new U.S. testing requirements, travel restrictions, Coronavirus Update Center, , , BOOK, CHECK-IN, MY TRIPS, FLIGHT STATUS, Travel Info, SkyMiles, Need Help?, SIGN UP, 3
notifications are available
Notification, Search, SJC
Departure Airport or City
San Jose, CA, To
Destination Airport or City
Your Destination, , Shop with Miles help, Refundable Fares help, Advanced Search, STAY CONNECTED
WITH SKYMILES, Join SkyMiles today to stay in-the-know on new deals and destinations, the Delta CareStandard℠ and travel requirements., VACATION DEALS, DELTA AMEX CARDS, SHOP HOTELS, RENT A CAR, GIFT CARDS, Updated Bag & Travel Fees, EXPLORE OUR DESTINATIONS
Plan your next trip using our interactive map by investigating which states and countries are open for travel and when you can get there with Delta in the coming months., CAN I CANCEL/CHANGE MY FLIGHT?

We understand you have questions. Learn more about our simplified waivers and find out if your upcoming flight qualifies., HOW DO I CHANGE MY FLIGHT AND FIND MY ECREDITS?
If your trip has been impacted by coronavirus, it's easy to cancel or change your flights. Learn how to modify your trip and rebook using eCredits with our step-by-step guides., WHAT ARE THE LATEST TRAVEL UPDATES?
Information is more important than ever. We pledge to share updates with you as quickly as possible, with full transparency and, as always, with your safety foremost in mind., COMMITTED TO YOUR SAFETY
To make space for safer travel, Delta is blocking middle or select aisle seats on all flights and limiting the total number of passengers on board through March 30, 2021., CLEAN TRAVEL EXPERIENCE
We're doing everything we can to deliver a safe, healthy and clean travel experience. Caring for our customers and employees is our top priority. , DOWNLOAD THE FLY DELTA APP
Download the app to be notified of flight updates and access your mobile boarding pass to limit the use of touch-screen kiosks. , BOOK WITH CONFIDENCE
We're ready when you are. We are waiving change fees broadly and, above all, rest assured the value of your ticket won't be lost if you need to make a change. , JOIN NOW
, OPENS IN NEW WINDOW, Search for a topic...
Search, Search, Need Help?, Coronavirus, eCredits, About Us, Careers, News Hub, Investor Relations, Business Travel, Travel Agents, Mobile App, Need Help?]
[SKIP TO BOOK, new U.S. testing requirements, travel restrictions, Coronavirus Update Center, , , BOOK, CHECK-IN, MY TRIPS, FLIGHT STATUS, Travel Info, SkyMiles, Need Help?, SIGN UP, 3
notifications are available
Notification, Search, SJC
Departure Airport or City
San Jose, CA, To
Destination Airport or City
Your Destination, , Shop with Miles help, Refundable Fares help, Advanced Search, STAY CONNECTED
WITH SKYMILES, Join SkyMiles today to stay in-the-know on new deals and destinations, the Delta CareStandard℠ and travel requirements., VACATION DEALS, DELTA AMEX CARDS, SHOP HOTELS, RENT A CAR, GIFT CARDS, Updated Bag & Travel Fees, EXPLORE OUR DESTINATIONS
Plan your next trip using our interactive map by investigating which states and countries are open for travel and when you can get there with Delta in the coming months., CAN I CANCEL/CHANGE MY FLIGHT?

We understand you have questions. Learn more about our simplified waivers and find out if your upcoming flight qualifies., HOW DO I CHANGE MY FLIGHT AND FIND MY ECREDITS?
If your trip has been impacted by coronavirus, it's easy to cancel or change your flights. Learn how to modify your trip and rebook using eCredits with our step-by-step guides., WHAT ARE THE LATEST TRAVEL UPDATES?
Information is more important than ever. We pledge to share updates with you as quickly as possible, with full transparency and, as always, with your safety foremost in mind., COMMITTED TO YOUR SAFETY
To make space for safer travel, Delta is blocking middle or select aisle seats on all flights and limiting the total number of passengers on board through March 30, 2021., CLEAN TRAVEL EXPERIENCE
We're doing everything we can to deliver a safe, healthy and clean travel experience. Caring for our customers and employees is our top priority. , DOWNLOAD THE FLY DELTA APP
Download the app to be notified of flight updates and access your mobile boarding pass to limit the use of touch-screen kiosks. , BOOK WITH CONFIDENCE
We're ready when you are. We are waiving change fees broadly and, above all, rest assured the value of your ticket won't be lost if you need to make a change. , JOIN NOW
, OPENS IN NEW WINDOW, Search for a topic...
Search, Search, Need Help?, Coronavirus, eCredits, About Us, Careers, News Hub, Investor Relations, Business Travel, Travel Agents, Mobile App, Need Help?, Tweet Us]
[SKIP TO BOOK, new U.S. testing requirements, travel restrictions, Coronavirus Update Center, , , BOOK, CHECK-IN, MY TRIPS, FLIGHT STATUS, Travel Info, SkyMiles, Need Help?, SIGN UP, 3
notifications are available
Notification, Search, SJC
Departure Airport or City
San Jose, CA, To
Destination Airport or City
Your Destination, , Shop with Miles help, Refundable Fares help, Advanced Search, STAY CONNECTED
WITH SKYMILES, Join SkyMiles today to stay in-the-know on new deals and destinations, the Delta CareStandard℠ and travel requirements., VACATION DEALS, DELTA AMEX CARDS, SHOP HOTELS, RENT A CAR, GIFT CARDS, Updated Bag & Travel Fees, EXPLORE OUR DESTINATIONS
Plan your next trip using our interactive map by investigating which states and countries are open for travel and when you can get there with Delta in the coming months., CAN I CANCEL/CHANGE MY FLIGHT?

We understand you have questions. Learn more about our simplified waivers and find out if your upcoming flight qualifies., HOW DO I CHANGE MY FLIGHT AND FIND MY ECREDITS?
If your trip has been impacted by coronavirus, it's easy to cancel or change your flights. Learn how to modify your trip and rebook using eCredits with our step-by-step guides., WHAT ARE THE LATEST TRAVEL UPDATES?
Information is more important than ever. We pledge to share updates with you as quickly as possible, with full transparency and, as always, with your safety foremost in mind., COMMITTED TO YOUR SAFETY
To make space for safer travel, Delta is blocking middle or select aisle seats on all flights and limiting the total number of passengers on board through March 30, 2021., CLEAN TRAVEL EXPERIENCE
We're doing everything we can to deliver a safe, healthy and clean travel experience. Caring for our customers and employees is our top priority. , DOWNLOAD THE FLY DELTA APP
Download the app to be notified of flight updates and access your mobile boarding pass to limit the use of touch-screen kiosks. , BOOK WITH CONFIDENCE
We're ready when you are. We are waiving change fees broadly and, above all, rest assured the value of your ticket won't be lost if you need to make a change. , JOIN NOW
, OPENS IN NEW WINDOW, Search for a topic...
Search, Search, Need Help?, Coronavirus, eCredits, About Us, Careers, News Hub, Investor Relations, Business Travel, Travel Agents, Mobile App, Need Help?, Tweet Us, Comment/Complaint]
[SKIP TO BOOK, new U.S. testing requirements, travel restrictions, Coronavirus Update Center, , , BOOK, CHECK-IN, MY TRIPS, FLIGHT STATUS, Travel Info, SkyMiles, Need Help?, SIGN UP, 3
notifications are available
Notification, Search, SJC
Departure Airport or City
San Jose, CA, To
Destination Airport or City
Your Destination, , Shop with Miles help, Refundable Fares help, Advanced Search, STAY CONNECTED
WITH SKYMILES, Join SkyMiles today to stay in-the-know on new deals and destinations, the Delta CareStandard℠ and travel requirements., VACATION DEALS, DELTA AMEX CARDS, SHOP HOTELS, RENT A CAR, GIFT CARDS, Updated Bag & Travel Fees, EXPLORE OUR DESTINATIONS
Plan your next trip using our interactive map by investigating which states and countries are open for travel and when you can get there with Delta in the coming months., CAN I CANCEL/CHANGE MY FLIGHT?

We understand you have questions. Learn more about our simplified waivers and find out if your upcoming flight qualifies., HOW DO I CHANGE MY FLIGHT AND FIND MY ECREDITS?
If your trip has been impacted by coronavirus, it's easy to cancel or change your flights. Learn how to modify your trip and rebook using eCredits with our step-by-step guides., WHAT ARE THE LATEST TRAVEL UPDATES?
Information is more important than ever. We pledge to share updates with you as quickly as possible, with full transparency and, as always, with your safety foremost in mind., COMMITTED TO YOUR SAFETY
To make space for safer travel, Delta is blocking middle or select aisle seats on all flights and limiting the total number of passengers on board through March 30, 2021., CLEAN TRAVEL EXPERIENCE
We're doing everything we can to deliver a safe, healthy and clean travel experience. Caring for our customers and employees is our top priority. , DOWNLOAD THE FLY DELTA APP
Download the app to be notified of flight updates and access your mobile boarding pass to limit the use of touch-screen kiosks. , BOOK WITH CONFIDENCE
We're ready when you are. We are waiving change fees broadly and, above all, rest assured the value of your ticket won't be lost if you need to make a change. , JOIN NOW
, OPENS IN NEW WINDOW, Search for a topic...
Search, Search, Need Help?, Coronavirus, eCredits, About Us, Careers, News Hub, Investor Relations, Business Travel, Travel Agents, Mobile App, Need Help?, Tweet Us, Comment/Complaint, Login Help]
[SKIP TO BOOK, new U.S. testing requirements, travel restrictions, Coronavirus Update Center, , , BOOK, CHECK-IN, MY TRIPS, FLIGHT STATUS, Travel Info, SkyMiles, Need Help?, SIGN UP, 3
notifications are available
Notification, Search, SJC
Departure Airport or City
San Jose, CA, To
Destination Airport or City
Your Destination, , Shop with Miles help, Refundable Fares help, Advanced Search, STAY CONNECTED
WITH SKYMILES, Join SkyMiles today to stay in-the-know on new deals and destinations, the Delta CareStandard℠ and travel requirements., VACATION DEALS, DELTA AMEX CARDS, SHOP HOTELS, RENT A CAR, GIFT CARDS, Updated Bag & Travel Fees, EXPLORE OUR DESTINATIONS
Plan your next trip using our interactive map by investigating which states and countries are open for travel and when you can get there with Delta in the coming months., CAN I CANCEL/CHANGE MY FLIGHT?

We understand you have questions. Learn more about our simplified waivers and find out if your upcoming flight qualifies., HOW DO I CHANGE MY FLIGHT AND FIND MY ECREDITS?
If your trip has been impacted by coronavirus, it's easy to cancel or change your flights. Learn how to modify your trip and rebook using eCredits with our step-by-step guides., WHAT ARE THE LATEST TRAVEL UPDATES?
Information is more important than ever. We pledge to share updates with you as quickly as possible, with full transparency and, as always, with your safety foremost in mind., COMMITTED TO YOUR SAFETY
To make space for safer travel, Delta is blocking middle or select aisle seats on all flights and limiting the total number of passengers on board through March 30, 2021., CLEAN TRAVEL EXPERIENCE
We're doing everything we can to deliver a safe, healthy and clean travel experience. Caring for our customers and employees is our top priority. , DOWNLOAD THE FLY DELTA APP
Download the app to be notified of flight updates and access your mobile boarding pass to limit the use of touch-screen kiosks. , BOOK WITH CONFIDENCE
We're ready when you are. We are waiving change fees broadly and, above all, rest assured the value of your ticket won't be lost if you need to make a change. , JOIN NOW
, OPENS IN NEW WINDOW, Search for a topic...
Search, Search, Need Help?, Coronavirus, eCredits, About Us, Careers, News Hub, Investor Relations, Business Travel, Travel Agents, Mobile App, Need Help?, Tweet Us, Comment/Complaint, Login Help, Site Map]
[SKIP TO BOOK, new U.S. testing requirements, travel restrictions, Coronavirus Update Center, , , BOOK, CHECK-IN, MY TRIPS, FLIGHT STATUS, Travel Info, SkyMiles, Need Help?, SIGN UP, 3
notifications are available
Notification, Search, SJC
Departure Airport or City
San Jose, CA, To
Destination Airport or City
Your Destination, , Shop with Miles help, Refundable Fares help, Advanced Search, STAY CONNECTED
WITH SKYMILES, Join SkyMiles today to stay in-the-know on new deals and destinations, the Delta CareStandard℠ and travel requirements., VACATION DEALS, DELTA AMEX CARDS, SHOP HOTELS, RENT A CAR, GIFT CARDS, Updated Bag & Travel Fees, EXPLORE OUR DESTINATIONS
Plan your next trip using our interactive map by investigating which states and countries are open for travel and when you can get there with Delta in the coming months., CAN I CANCEL/CHANGE MY FLIGHT?

We understand you have questions. Learn more about our simplified waivers and find out if your upcoming flight qualifies., HOW DO I CHANGE MY FLIGHT AND FIND MY ECREDITS?
If your trip has been impacted by coronavirus, it's easy to cancel or change your flights. Learn how to modify your trip and rebook using eCredits with our step-by-step guides., WHAT ARE THE LATEST TRAVEL UPDATES?
Information is more important than ever. We pledge to share updates with you as quickly as possible, with full transparency and, as always, with your safety foremost in mind., COMMITTED TO YOUR SAFETY
To make space for safer travel, Delta is blocking middle or select aisle seats on all flights and limiting the total number of passengers on board through March 30, 2021., CLEAN TRAVEL EXPERIENCE
We're doing everything we can to deliver a safe, healthy and clean travel experience. Caring for our customers and employees is our top priority. , DOWNLOAD THE FLY DELTA APP
Download the app to be notified of flight updates and access your mobile boarding pass to limit the use of touch-screen kiosks. , BOOK WITH CONFIDENCE
We're ready when you are. We are waiving change fees broadly and, above all, rest assured the value of your ticket won't be lost if you need to make a change. , JOIN NOW
, OPENS IN NEW WINDOW, Search for a topic...
Search, Search, Need Help?, Coronavirus, eCredits, About Us, Careers, News Hub, Investor Relations, Business Travel, Travel Agents, Mobile App, Need Help?, Tweet Us, Comment/Complaint, Login Help, Site Map, Browser Compatibility]
[SKIP TO BOOK, new U.S. testing requirements, travel restrictions, Coronavirus Update Center, , , BOOK, CHECK-IN, MY TRIPS, FLIGHT STATUS, Travel Info, SkyMiles, Need Help?, SIGN UP, 3
notifications are available
Notification, Search, SJC
Departure Airport or City
San Jose, CA, To
Destination Airport or City
Your Destination, , Shop with Miles help, Refundable Fares help, Advanced Search, STAY CONNECTED
WITH SKYMILES, Join SkyMiles today to stay in-the-know on new deals and destinations, the Delta CareStandard℠ and travel requirements., VACATION DEALS, DELTA AMEX CARDS, SHOP HOTELS, RENT A CAR, GIFT CARDS, Updated Bag & Travel Fees, EXPLORE OUR DESTINATIONS
Plan your next trip using our interactive map by investigating which states and countries are open for travel and when you can get there with Delta in the coming months., CAN I CANCEL/CHANGE MY FLIGHT?

We understand you have questions. Learn more about our simplified waivers and find out if your upcoming flight qualifies., HOW DO I CHANGE MY FLIGHT AND FIND MY ECREDITS?
If your trip has been impacted by coronavirus, it's easy to cancel or change your flights. Learn how to modify your trip and rebook using eCredits with our step-by-step guides., WHAT ARE THE LATEST TRAVEL UPDATES?
Information is more important than ever. We pledge to share updates with you as quickly as possible, with full transparency and, as always, with your safety foremost in mind., COMMITTED TO YOUR SAFETY
To make space for safer travel, Delta is blocking middle or select aisle seats on all flights and limiting the total number of passengers on board through March 30, 2021., CLEAN TRAVEL EXPERIENCE
We're doing everything we can to deliver a safe, healthy and clean travel experience. Caring for our customers and employees is our top priority. , DOWNLOAD THE FLY DELTA APP
Download the app to be notified of flight updates and access your mobile boarding pass to limit the use of touch-screen kiosks. , BOOK WITH CONFIDENCE
We're ready when you are. We are waiving change fees broadly and, above all, rest assured the value of your ticket won't be lost if you need to make a change. , JOIN NOW
, OPENS IN NEW WINDOW, Search for a topic...
Search, Search, Need Help?, Coronavirus, eCredits, About Us, Careers, News Hub, Investor Relations, Business Travel, Travel Agents, Mobile App, Need Help?, Tweet Us, Comment/Complaint, Login Help, Site Map, Browser Compatibility, Accessibility]
[SKIP TO BOOK, new U.S. testing requirements, travel restrictions, Coronavirus Update Center, , , BOOK, CHECK-IN, MY TRIPS, FLIGHT STATUS, Travel Info, SkyMiles, Need Help?, SIGN UP, 3
notifications are available
Notification, Search, SJC
Departure Airport or City
San Jose, CA, To
Destination Airport or City
Your Destination, , Shop with Miles help, Refundable Fares help, Advanced Search, STAY CONNECTED
WITH SKYMILES, Join SkyMiles today to stay in-the-know on new deals and destinations, the Delta CareStandard℠ and travel requirements., VACATION DEALS, DELTA AMEX CARDS, SHOP HOTELS, RENT A CAR, GIFT CARDS, Updated Bag & Travel Fees, EXPLORE OUR DESTINATIONS
Plan your next trip using our interactive map by investigating which states and countries are open for travel and when you can get there with Delta in the coming months., CAN I CANCEL/CHANGE MY FLIGHT?

We understand you have questions. Learn more about our simplified waivers and find out if your upcoming flight qualifies., HOW DO I CHANGE MY FLIGHT AND FIND MY ECREDITS?
If your trip has been impacted by coronavirus, it's easy to cancel or change your flights. Learn how to modify your trip and rebook using eCredits with our step-by-step guides., WHAT ARE THE LATEST TRAVEL UPDATES?
Information is more important than ever. We pledge to share updates with you as quickly as possible, with full transparency and, as always, with your safety foremost in mind., COMMITTED TO YOUR SAFETY
To make space for safer travel, Delta is blocking middle or select aisle seats on all flights and limiting the total number of passengers on board through March 30, 2021., CLEAN TRAVEL EXPERIENCE
We're doing everything we can to deliver a safe, healthy and clean travel experience. Caring for our customers and employees is our top priority. , DOWNLOAD THE FLY DELTA APP
Download the app to be notified of flight updates and access your mobile boarding pass to limit the use of touch-screen kiosks. , BOOK WITH CONFIDENCE
We're ready when you are. We are waiving change fees broadly and, above all, rest assured the value of your ticket won't be lost if you need to make a change. , JOIN NOW
, OPENS IN NEW WINDOW, Search for a topic...
Search, Search, Need Help?, Coronavirus, eCredits, About Us, Careers, News Hub, Investor Relations, Business Travel, Travel Agents, Mobile App, Need Help?, Tweet Us, Comment/Complaint, Login Help, Site Map, Browser Compatibility, Accessibility, Booking Information]
]]></system-out>
    <system-err><![CDATA[Starting ChromeDriver 87.0.4280.88 (89e2380a3e36c3464b5dd1302349b1382549290d-refs/branch-heads/4280@{#1761}) on port 10868
Only local connections are allowed.
Please see https://chromedriver.chromium.org/security-considerations for suggestions on keeping ChromeDriver safe.
[...]
, OPENS IN NEW WINDOW, Search for a topic...
Search, Search, Need Help?, Coronavirus, eCredits, About Us, Careers, News Hub, Investor Relations, Business Travel, Travel Agents, Mobile App, Need Help?, Tweet Us, Comment/Complaint, Login Help, Site Map, Browser Compatibility, Accessibility, Booking Information, Customer Commitment, Tarmac Delay Plan, Legal, Sustainability, Contract of Carriage, Cookies, Privacy & Security, Human Trafficking Statement, SkyMiles Membership Guide & Program Rules, Website Feedback, ]
[SKIP TO BOOK, new U.S. testing requirements, travel restrictions, Coronavirus Update Center, , , BOOK, CHECK-IN, MY TRIPS, FLIGHT STATUS, Travel Info, SkyMiles, Need Help?, SIGN UP, 3
notifications are available
Notification, Search, SJC
Departure Airport or City
San Jose, CA, To
Destination Airport or City
Your Destination, , Shop with Miles help, Refundable Fares help, Advanced Search, STAY CONNECTED
WITH SKYMILES, Join SkyMiles today to stay in-the-know on new deals and destinations, the Delta CareStandard℠ and travel requirements., VACATION DEALS, DELTA AMEX CARDS, SHOP HOTELS, RENT A CAR, GIFT CARDS, Updated Bag & Travel Fees, EXPLORE OUR DESTINATIONS
Plan your next trip using our interactive map by investigating which states and countries are open for travel and when you can get there with Delta in the coming months., CAN I CANCEL/CHANGE MY FLIGHT?

We understand you have questions. Learn more about our simplified waivers and find out if your upcoming flight qualifies., HOW DO I CHANGE MY FLIGHT AND FIND MY ECREDITS?
If your trip has been impacted by coronavirus, it's easy to cancel or change your flights. Learn how to modify your trip and rebook using eCredits with our step-by-step guides., WHAT ARE THE LATEST TRAVEL UPDATES?
Information is more important than ever. We pledge to share updates with you as quickly as possible, with full transparency and, as always, with your safety foremost in mind., COMMITTED TO YOUR SAFETY
To make space for safer travel, Delta is blocking middle or select aisle seats on all flights and limiting the total number of passengers on board through March 30, 2021., CLEAN TRAVEL EXPERIENCE
We're doing everything we can to deliver a safe, healthy and clean travel experience. Caring for our customers and employees is our top priority. , DOWNLOAD THE FLY DELTA APP
Download the app to be notified of flight updates and access your mobile boarding pass to limit the use of touch-screen kiosks. , BOOK WITH CONFIDENCE
We're ready when you are. We are waiving change fees broadly and, above all, rest assured the value of your ticket won't be lost if you need to make a change. , JOIN NOW
, OPENS IN NEW WINDOW, Search for a topic...
Search, Search, Need Help?, Coronavirus, eCredits, About Us, Careers, News Hub, Investor Relations, Business Travel, Travel Agents, Mobile App, Need Help?, Tweet Us, Comment/Complaint, Login Help, Site Map, Browser Compatibility, Accessibility, Booking Information, Customer Commitment, Tarmac Delay Plan, Legal, Sustainability, Contract of Carriage, Cookies, Privacy & Security, Human Trafficking Statement, SkyMiles Membership Guide & Program Rules, Website Feedback, , ]
[SKIP TO BOOK, new U.S. testing requirements, travel restrictions, Coronavirus Update Center, , , BOOK, CHECK-IN, MY TRIPS, FLIGHT STATUS, Travel Info, SkyMiles, Need Help?, SIGN UP, 3
notifications are available
Notification, Search, SJC
Departure Airport or City
San Jose, CA, To
Destination Airport or City
Your Destination, , Shop with Miles help, Refundable Fares help, Advanced Search, STAY CONNECTED
WITH SKYMILES, Join SkyMiles today to stay in-the-know on new deals and destinations, the Delta CareStandard℠ and travel requirements., VACATION DEALS, DELTA AMEX CARDS, SHOP HOTELS, RENT A CAR, GIFT CARDS, Updated Bag & Travel Fees, EXPLORE OUR DESTINATIONS
Plan your next trip using our interactive map by investigating which states and countries are open for travel and when you can get there with Delta in the coming months., CAN I CANCEL/CHANGE MY FLIGHT?

We understand you have questions. Learn more about our simplified waivers and find out if your upcoming flight qualifies., HOW DO I CHANGE MY FLIGHT AND FIND MY ECREDITS?
If your trip has been impacted by coronavirus, it's easy to cancel or change your flights. Learn how to modify your trip and rebook using eCredits with our step-by-step guides., WHAT ARE THE LATEST TRAVEL UPDATES?
Information is more important than ever. We pledge to share updates with you as quickly as possible, with full transparency and, as always, with your safety foremost in mind., COMMITTED TO YOUR SAFETY
To make space for safer travel, Delta is blocking middle or select aisle seats on all flights and limiting the total number of passengers on board through March 30, 2021., CLEAN TRAVEL EXPERIENCE
We're doing everything we can to deliver a safe, healthy and clean travel experience. Caring for our customers and employees is our top priority. , DOWNLOAD THE FLY DELTA APP
Download the app to be notified of flight updates and access your mobile boarding pass to limit the use of touch-screen kiosks. , BOOK WITH CONFIDENCE
We're ready when you are. We are waiving change fees broadly and, above all, rest assured the value of your ticket won't be lost if you need to make a change. , JOIN NOW
, OPENS IN NEW WINDOW, Search for a topic...
Search, Search, Need Help?, Coronavirus, eCredits, About Us, Careers, News Hub, Investor Relations, Business Travel, Travel Agents, Mobile App, Need Help?, Tweet Us, Comment/Complaint, Login Help, Site Map, Browser Compatibility, Accessibility, Booking Information, Customer Commitment, Tarmac Delay Plan, Legal, Sustainability, Contract of Carriage, Cookies, Privacy & Security, Human Trafficking Statement, SkyMiles Membership Guide & Program Rules, Website Feedback, , , United States - English
Link to change the language]
[SKIP TO BOOK, new U.S. testing requirements, travel restrictions, Coronavirus Update Center, , , BOOK, CHECK-IN, MY TRIPS, FLIGHT STATUS, Travel Info, SkyMiles, Need Help?, SIGN UP, 3
notifications are available
Notification, Search, SJC
Departure Airport or City
San Jose, CA, To
Destination Airport or City
Your Destination, , Shop with Miles help, Refundable Fares help, Advanced Search, STAY CONNECTED
WITH SKYMILES, Join SkyMiles today to stay in-the-know on new deals and destinations, the Delta CareStandard℠ and travel requirements., VACATION DEALS, DELTA AMEX CARDS, SHOP HOTELS, RENT A CAR, GIFT CARDS, Updated Bag & Travel Fees, EXPLORE OUR DESTINATIONS
Plan your next trip using our interactive map by investigating which states and countries are open for travel and when you can get there with Delta in the coming months., CAN I CANCEL/CHANGE MY FLIGHT?

We understand you have questions. Learn more about our simplified waivers and find out if your upcoming flight qualifies., HOW DO I CHANGE MY FLIGHT AND FIND MY ECREDITS?
If your trip has been impacted by coronavirus, it's easy to cancel or change your flights. Learn how to modify your trip and rebook using eCredits with our step-by-step guides., WHAT ARE THE LATEST TRAVEL UPDATES?
Information is more important than ever. We pledge to share updates with you as quickly as possible, with full transparency and, as always, with your safety foremost in mind., COMMITTED TO YOUR SAFETY
To make space for safer travel, Delta is blocking middle or select aisle seats on all flights and limiting the total number of passengers on board through March 30, 2021., CLEAN TRAVEL EXPERIENCE
We're doing everything we can to deliver a safe, healthy and clean travel experience. Caring for our customers and employees is our top priority. , DOWNLOAD THE FLY DELTA APP
Download the app to be notified of flight updates and access your mobile boarding pass to limit the use of touch-screen kiosks. , BOOK WITH CONFIDENCE
We're ready when you are. We are waiving change fees broadly and, above all, rest assured the value of your ticket won't be lost if you need to make a change. , JOIN NOW
, OPENS IN NEW WINDOW, Search for a topic...
Search, Search, Need Help?, Coronavirus, eCredits, About Us, Careers, News Hub, Investor Relations, Business Travel, Travel Agents, Mobile App, Need Help?, Tweet Us, Comment/Complaint, Login Help, Site Map, Browser Compatibility, Accessibility, Booking Information, Customer Commitment, Tarmac Delay Plan, Legal, Sustainability, Contract of Carriage, Cookies, Privacy & Security, Human Trafficking Statement, SkyMiles Membership Guide & Program Rules, Website Feedback, , , United States - English
Link to change the language, Español
Link to change the language]
[SKIP TO BOOK, new U.S. testing requirements, travel restrictions, Coronavirus Update Center, , , BOOK, CHECK-IN, MY TRIPS, FLIGHT STATUS, Travel Info, SkyMiles, Need Help?, SIGN UP, 3
notifications are available
Notification, Search, SJC
Departure Airport or City
San Jose, CA, To
Destination Airport or City
Your Destination, , Shop with Miles help, Refundable Fares help, Advanced Search, STAY CONNECTED
WITH SKYMILES, Join SkyMiles today to stay in-the-know on new deals and destinations, the Delta CareStandard℠ and travel requirements., VACATION DEALS, DELTA AMEX CARDS, SHOP HOTELS, RENT A CAR, GIFT CARDS, Updated Bag & Travel Fees, EXPLORE OUR DESTINATIONS
Plan your next trip using our interactive map by investigating which states and countries are open for travel and when you can get there with Delta in the coming months., CAN I CANCEL/CHANGE MY FLIGHT?

We understand you have questions. Learn more about our simplified waivers and find out if your upcoming flight qualifies., HOW DO I CHANGE MY FLIGHT AND FIND MY ECREDITS?
If your trip has been impacted by coronavirus, it's easy to cancel or change your flights. Learn how to modify your trip and rebook using eCredits with our step-by-step guides., WHAT ARE THE LATEST TRAVEL UPDATES?
Information is more important than ever. We pledge to share updates with you as quickly as possible, with full transparency and, as always, with your safety foremost in mind., COMMITTED TO YOUR SAFETY
To make space for safer travel, Delta is blocking middle or select aisle seats on all flights and limiting the total number of passengers on board through March 30, 2021., CLEAN TRAVEL EXPERIENCE
We're doing everything we can to deliver a safe, healthy and clean travel experience. Caring for our customers and employees is our top priority. , DOWNLOAD THE FLY DELTA APP
Download the app to be notified of flight updates and access your mobile boarding pass to limit the use of touch-screen kiosks. , BOOK WITH CONFIDENCE
We're ready when you are. We are waiving change fees broadly and, above all, rest assured the value of your ticket won't be lost if you need to make a change. , JOIN NOW
, OPENS IN NEW WINDOW, Search for a topic...
Search, Search, Need Help?, Coronavirus, eCredits, About Us, Careers, News Hub, Investor Relations, Business Travel, Travel Agents, Mobile App, Need Help?, Tweet Us, Comment/Complaint, Login Help, Site Map, Browser Compatibility, Accessibility, Booking Information, Customer Commitment, Tarmac Delay Plan, Legal, Sustainability, Contract of Carriage, Cookies, Privacy & Security, Human Trafficking Statement, SkyMiles Membership Guide & Program Rules, Website Feedback, , , United States - English
Link to change the language, Español
Link to change the language, Cookie and Privacy Policies.]
[SKIP TO BOOK, new U.S. testing requirements, travel restrictions, Coronavirus Update Center, , , BOOK, CHECK-IN, MY TRIPS, FLIGHT STATUS, Travel Info, SkyMiles, Need Help?, SIGN UP, 3
notifications are available
Notification, Search, SJC
Departure Airport or City
San Jose, CA, To
Destination Airport or City
Your Destination, , Shop with Miles help, Refundable Fares help, Advanced Search, STAY CONNECTED
WITH SKYMILES, Join SkyMiles today to stay in-the-know on new deals and destinations, the Delta CareStandard℠ and travel requirements., VACATION DEALS, DELTA AMEX CARDS, SHOP HOTELS, RENT A CAR, GIFT CARDS, Updated Bag & Travel Fees, EXPLORE OUR DESTINATIONS
Plan your next trip using our interactive map by investigating which states and countries are open for travel and when you can get there with Delta in the coming months., CAN I CANCEL/CHANGE MY FLIGHT?

We understand you have questions. Learn more about our simplified waivers and find out if your upcoming flight qualifies., HOW DO I CHANGE MY FLIGHT AND FIND MY ECREDITS?
If your trip has been impacted by coronavirus, it's easy to cancel or change your flights. Learn how to modify your trip and rebook using eCredits with our step-by-step guides., WHAT ARE THE LATEST TRAVEL UPDATES?
Information is more important than ever. We pledge to share updates with you as quickly as possible, with full transparency and, as always, with your safety foremost in mind., COMMITTED TO YOUR SAFETY
To make space for safer travel, Delta is blocking middle or select aisle seats on all flights and limiting the total number of passengers on board through March 30, 2021., CLEAN TRAVEL EXPERIENCE
We're doing everything we can to deliver a safe, healthy and clean travel experience. Caring for our customers and employees is our top priority. , DOWNLOAD THE FLY DELTA APP
Download the app to be notified of flight updates and access your mobile boarding pass to limit the use of touch-screen kiosks. , BOOK WITH CONFIDENCE
We're ready when you are. We are waiving change fees broadly and, above all, rest assured the value of your ticket won't be lost if you need to make a change. , JOIN NOW
, OPENS IN NEW WINDOW, Search for a topic...
Search, Search, Need Help?, Coronavirus, eCredits, About Us, Careers, News Hub, Investor Relations, Business Travel, Travel Agents, Mobile App, Need Help?, Tweet Us, Comment/Complaint, Login Help, Site Map, Browser Compatibility, Accessibility, Booking Information, Customer Commitment, Tarmac Delay Plan, Legal, Sustainability, Contract of Carriage, Cookies, Privacy & Security, Human Trafficking Statement, SkyMiles Membership Guide & Program Rules, Website Feedback, , , United States - English
Link to change the language, Español
Link to change the language, Cookie and Privacy Policies., Feedback]
]]></system-out>
  </testcase>
  <testcase name="verifyThreeDifferentSearchResul[ATL, MIA, March, 1 , March, May, 15 , May](1)" classname="tests.DilmuRodSprint2" time="12.586">
    <failure message="expected [true] but found [false]" type="java.lang.AssertionError"><![CDATA[java.lang.AssertionError: expected [true] but found [false]
	at tests.DilmuRodSprint2.verifyThreeDifferentSearchResul(DilmuRodSprint2.java:203)
]]></failure>
    <system-out><![CDATA[No Feedback Alert was displayed
]]></system-out>
    <system-err><![CDATA[Starting ChromeDriver 87.0.4280.88 (89e2380a3e36c3464b5dd1302349b1382549290d-refs/branch-heads/4280@{#1761}) on port 24526
Only local connections are allowed.
Please see https://chromedriver.chromium.org/security-considerations for suggestions on keeping ChromeDriver safe.
ChromeDriver was started successfully.
Jan 24, 2021 7:24:32 PM org.openqa.selenium.remote.ProtocolHandshake createSession
INFO: Detected dialect: W3C
]]></system-err>
  </testcase>
  <testcase name="verifyThreeDifferentSearchResults[ATL, NYC, March, 1 , March, May, 15 , May](1)" classname="tests.DilmuRodSprint2" time="2.505"/>
  <testcase name="maxGiftCardAmount" classname="tests.SanaSprint2" time="14.408">
    <system-err><![CDATA[Jan 24, 2021 7:22:25 PM org.openqa.selenium.remote.ProtocolHandshake createSession
INFO: Detected dialect: W3C
Starting ChromeDriver 87.0.4280.88 (89e2380a3e36c3464b5dd1302349b1382549290d-refs/branch-heads/4280@{#1761}) on port 16461
Only local connections are allowed.
Please see https://chromedriver.chromium.org/security-considerations for suggestions on keeping ChromeDriver safe.
ChromeDriver was started successfully.
]]></system-err>
  </testcase>
  <testcase name="minGiftCardAmount" classname="tests.SanaSprint2" time="0">
    <system-err><![CDATA[Starting ChromeDriver 87.0.4280.88 (89e2380a3e36c3464b5dd1302349b1382549290d-refs/branch-heads/4280@{#1761}) on port 34509
Only local connections are allowed.
Please see https://chromedriver.chromium.org/security-considerations for suggestions on keeping ChromeDriver safe.
ChromeDriver was started successfully.
Jan 24, 2021 7:22:59 PM org.openqa.selenium.remote.ProtocolHandshake createSession
INFO: Detected dialect: W3C
Starting ChromeDriver 87.0.4280.88 (89e2380a3e36c3464b5dd1302349b1382549290d-refs/branch-heads/4280@{#1761}) on port 16001
Only local connections are allowed.
Please see https://chromedriver.chromium.org/security-considerations for suggestions on keeping ChromeDriver safe.
ChromeDriver was started successfully.
Jan 24, 2021 7:23:04 PM org.openqa.selenium.remote.ProtocolHandshake createSession
INFO: Detected dialect: W3C
]]></system-err>
  </testcase>
  <testcase name="mismatchEmails" classname="tests.SanaSprint2" time="6.859"/>
  <testcase name="negativeCreditCard" classname="tests.SanaSprint2" time="20.439">
    <system-err><![CDATA[Starting ChromeDriver 87.0.4280.88 (89e2380a3e36c3464b5dd1302349b1382549290d-refs/branch-heads/4280@{#1761}) on port 14913
Only local connections are allowed.
Please see https://chromedriver.chromium.org/security-considerations for suggestions on keeping ChromeDriver safe.
ChromeDriver was started successfully.
]]></system-err>
  </testcase>
  <testcase name="nonEngSenderName[Testee, test cihazÄ±](1)" classname="tests.SanaSprint2" time="17.036"/>
  <testcase name="nonEngSenderName[Testee, tester007](2)" classname="tests.SanaSprint2" time="19.421"/>
  <testcase name="nonEngSenderName[Testee, æµ‹è¯•äººå‘˜](3)" classname="tests.SanaSprint2" time="16.032">
    <system-err><![CDATA[Starting ChromeDriver 87.0.4280.88 (89e2380a3e36c3464b5dd1302349b1382549290d-refs/branch-heads/4280@{#1761}) on port 25804
Only local connections are allowed.
Please see https://chromedriver.chromium.org/security-considerations for suggestions on keeping ChromeDriver safe.
ChromeDriver was started successfully.
Jan 24, 2021 7:26:24 PM org.openqa.selenium.remote.ProtocolHandshake createSession
INFO: Detected dialect: W3C
]]></system-err>
  </testcase>
  <testcase name="nonEngSenderName[Testee, Ø§Ø®ØªØ¨Ø§Ø±](4)" classname="tests.SanaSprint2" time="18.051">
    <system-err><![CDATA[Starting ChromeDriver 87.0.4280.88 (89e2380a3e36c3464b5dd1302349b1382549290d-refs/branch-heads/4280@{#1761}) on port 44536
Only local connections are allowed.
Please see https://chromedriver.chromium.org/security-considerations for suggestions on keeping ChromeDriver safe.
ChromeDriver was started successfully.
Jan 24, 2021 7:26:55 PM org.openqa.selenium.remote.ProtocolHandshake createSession
INFO: Detected dialect: W3C
]]></system-err>
  </testcase>
  <testcase name="nonEngSenderName[Testee, 000000](5)" classname="tests.SanaSprint2" time="18.121">
    <system-err><![CDATA[Starting ChromeDriver 87.0.4280.88 (89e2380a3e36c3464b5dd1302349b1382549290d-refs/branch-heads/4280@{#1761}) on port 11734
Only local connections are allowed.
Please see https://chromedriver.chromium.org/security-considerations for suggestions on keeping ChromeDriver safe.
ChromeDriver was started successfully.
Jan 24, 2021 7:27:28 PM org.openqa.selenium.remote.ProtocolHandshake createSession
INFO: Detected dialect: W3C
]]></system-err>
  </testcase>
  <testcase name="verifyGiftCardLink" classname="tests.SanaSprint2" time="1.759">
    <system-err><![CDATA[Starting ChromeDriver 87.0.4280.88 (89e2380a3e36c3464b5dd1302349b1382549290d-refs/branch-heads/4280@{#1761}) on port 45915
Only local connections are allowed.
Please see https://chromedriver.chromium.org/security-considerations for suggestions on keeping ChromeDriver safe.
ChromeDriver was started successfully.
Jan 24, 2021 7:28:00 PM org.openqa.selenium.remote.ProtocolHandshake createSession
INFO: Detected dialect: W3C
]]></system-err>
  </testcase>
</testsuite>