<?xml version="1.0" encoding="UTF-8"?>
<testng-results skipped="0" failed="8" ignored="11" total="41" passed="22">
  <reporter-output>
  </reporter-output>
  <suite name="Running multiple classes" duration-ms="387360" started-at="2021-01-24T19:21:44 EST" finished-at="2021-01-24T19:28:11 EST">
    <groups>
      <group name="smoke">
        <method signature="DilmuRodSprint2.multipleCity()[pri:0, instance:tests.DilmuRodSprint2@5427c60c]" name="multipleCity" class="tests.DilmuRodSprint2"/>
        <method signature="KaterinaSprint2.priceSliderResultsPage()[pri:0, instance:tests.KaterinaSprint2@57f23557]" name="priceSliderResultsPage" class="tests.KaterinaSprint2"/>
        <method signature="KatyaSprint2.test3WebsiteFooter()[pri:0, instance:tests.KatyaSprint2@15bfd87]" name="test3WebsiteFooter" class="tests.KatyaSprint2"/>
        <method signature="SanaSprint2.verifyGiftCardLink()[pri:0, instance:tests.SanaSprint2@543e710e]" name="verifyGiftCardLink" class="tests.SanaSprint2"/>
      </group> <!-- smoke -->
    </groups>
    <test name=" Running multiple classes" duration-ms="387360" started-at="2021-01-24T19:21:44 EST" finished-at="2021-01-24T19:28:11 EST">
      <class name="tests.KatyaSprint2">
        <test-method status="PASS" signature="setupMethod(java.lang.String)[pri:0, instance:tests.KatyaSprint2@15bfd87]" name="setupMethod" is-config="true" duration-ms="20439" started-at="2021-01-24T19:21:44 EST" finished-at="2021-01-24T19:22:04 EST">
          <params>
            <param index="0">
              <value is-null="true"/>
            </param>
          </params>
          <reporter-output>
          </reporter-output>
        </test-method> <!-- setupMethod -->
        <test-method status="PASS" signature="test1WebsiteFooter()[pri:0, instance:tests.KatyaSprint2@15bfd87]" name="test1WebsiteFooter" duration-ms="11285" started-at="2021-01-24T19:22:04 EST" finished-at="2021-01-24T19:22:16 EST">
          <reporter-output>
          </reporter-output>
        </test-method> <!-- test1WebsiteFooter -->
        <test-method status="PASS" signature="teardownMethod(org.testng.ITestResult)[pri:0, instance:tests.KatyaSprint2@15bfd87]" name="teardownMethod" is-config="true" duration-ms="965" started-at="2021-01-24T19:22:16 EST" finished-at="2021-01-24T19:22:17 EST">
          <params>
            <param index="0">
              <value>
                <![CDATA[[TestResult name=test1WebsiteFooter status=SUCCESS method=KatyaSprint2.test1WebsiteFooter()[pri:0, instance:tests.KatyaSprint2@15bfd87] output={null}]]]>
              </value>
            </param>
          </params>
          <reporter-output>
          </reporter-output>
        </test-method> <!-- teardownMethod -->
        <test-method status="PASS" signature="setupMethod(java.lang.String)[pri:0, instance:tests.KatyaSprint2@15bfd87]" name="setupMethod" is-config="true" duration-ms="17874" started-at="2021-01-24T19:22:17 EST" finished-at="2021-01-24T19:22:35 EST">
          <params>
            <param index="0">
              <value is-null="true"/>
            </param>
          </params>
          <reporter-output>
          </reporter-output>
        </test-method> <!-- setupMethod -->
        <test-method status="PASS" signature="test2WebsiteFooter()[pri:0, instance:tests.KatyaSprint2@15bfd87]" name="test2WebsiteFooter" duration-ms="18219" started-at="2021-01-24T19:22:35 EST" finished-at="2021-01-24T19:22:53 EST">
          <reporter-output>
          </reporter-output>
        </test-method> <!-- test2WebsiteFooter -->
        <test-method status="PASS" signature="teardownMethod(org.testng.ITestResult)[pri:0, instance:tests.KatyaSprint2@15bfd87]" name="teardownMethod" is-config="true" duration-ms="900" started-at="2021-01-24T19:22:53 EST" finished-at="2021-01-24T19:22:54 EST">
          <params>
            <param index="0">
              <value>
                <![CDATA[[TestResult name=test2WebsiteFooter status=SUCCESS method=KatyaSprint2.test2WebsiteFooter()[pri:0, instance:tests.KatyaSprint2@15bfd87] output={null}]]]>
              </value>
            </param>
          </params>
          <reporter-output>
          </reporter-output>
        </test-method> <!-- teardownMethod -->
        <test-method status="PASS" signature="setupMethod(java.lang.String)[pri:0, instance:tests.KatyaSprint2@15bfd87]" name="setupMethod" is-config="true" duration-ms="18005" started-at="2021-01-24T19:22:54 EST" finished-at="2021-01-24T19:23:12 EST">
          <params>
            <param index="0">
              <value is-null="true"/>
            </param>
          </params>
          <reporter-output>
          </reporter-output>
        </test-method> <!-- setupMethod -->
        <test-method status="PASS" signature="test3WebsiteFooter()[pri:0, instance:tests.KatyaSprint2@15bfd87]" name="test3WebsiteFooter" duration-ms="6666" started-at="2021-01-24T19:23:12 EST" finished-at="2021-01-24T19:23:18 EST">
          <reporter-output>
          </reporter-output>
        </test-method> <!-- test3WebsiteFooter -->
        <test-method status="PASS" signature="teardownMethod(org.testng.ITestResult)[pri:0, instance:tests.KatyaSprint2@15bfd87]" name="teardownMethod" is-config="true" duration-ms="1429" started-at="2021-01-24T19:23:18 EST" finished-at="2021-01-24T19:23:20 EST">
          <params>
            <param index="0">
              <value>
                <![CDATA[[TestResult name=test3WebsiteFooter status=SUCCESS method=KatyaSprint2.test3WebsiteFooter()[pri:0, instance:tests.KatyaSprint2@15bfd87] output={null}]]]>
              </value>
            </param>
          </params>
          <reporter-output>
          </reporter-output>
        </test-method> <!-- teardownMethod -->
        <test-method status="PASS" signature="setupMethod(java.lang.String)[pri:0, instance:tests.KatyaSprint2@15bfd87]" name="setupMethod" is-config="true" duration-ms="15992" started-at="2021-01-24T19:23:20 EST" finished-at="2021-01-24T19:23:36 EST">
          <params>
            <param index="0">
              <value is-null="true"/>
            </param>
          </params>
          <reporter-output>
          </reporter-output>
        </test-method> <!-- setupMethod -->
        <test-method status="FAIL" signature="test4WebsiteFooter()[pri:0, instance:tests.KatyaSprint2@15bfd87]" name="test4WebsiteFooter" duration-ms="1673" started-at="2021-01-24T19:23:36 EST" finished-at="2021-01-24T19:23:37 EST">
          <exception class="org.openqa.selenium.ElementClickInterceptedException">
            <message>
              <![CDATA[element click intercepted: Element <a class="footernav-about-us" href="/us/en/about-delta/overview" target="">...</a> is not clickable at point (316, 647). Other element would receive the click: <div class="cookie-footer cookie-footer-container text-left ng-star-inserted">...</div>
  (Session info: chrome=87.0.4280.141)
Build info: version: '3.141.59', revision: 'e82be7d358', time: '2018-11-14T08:17:03'
System info: host: 'LAPTOP-MC2FHNDC', ip: '192.168.1.102', os.name: 'Windows 10', os.arch: 'amd64', os.version: '10.0', java.version: '1.8.0_261'
Driver info: org.openqa.selenium.chrome.ChromeDriver
Capabilities {acceptInsecureCerts: false, browserName: chrome, browserVersion: 87.0.4280.141, chrome: {chromedriverVersion: 87.0.4280.88 (89e2380a3e36c..., userDataDir: C:\Users\eesha\AppData\Loca...}, goog:chromeOptions: {debuggerAddress: localhost:58291}, javascriptEnabled: true, networkConnectionEnabled: false, pageLoadStrategy: normal, platform: WINDOWS, platformName: WINDOWS, proxy: Proxy(), setWindowRect: true, strictFileInteractability: false, timeouts: {implicit: 0, pageLoad: 300000, script: 30000}, unhandledPromptBehavior: dismiss and notify, webauthn:virtualAuthenticators: true}
Session ID: 077bca0a83f76699cd25b07f756f4364]]>
            </message>
            <full-stacktrace>
              <![CDATA[org.openqa.selenium.ElementClickInterceptedException: element click intercepted: Element <a class="footernav-about-us" href="/us/en/about-delta/overview" target="">...</a> is not clickable at point (316, 647). Other element would receive the click: <div class="cookie-footer cookie-footer-container text-left ng-star-inserted">...</div>
  (Session info: chrome=87.0.4280.141)
Build info: version: '3.141.59', revision: 'e82be7d358', time: '2018-11-14T08:17:03'
System info: host: 'LAPTOP-MC2FHNDC', ip: '192.168.1.102', os.name: 'Windows 10', os.arch: 'amd64', os.version: '10.0', java.version: '1.8.0_261'
Driver info: org.openqa.selenium.chrome.ChromeDriver
Capabilities {acceptInsecureCerts: false, browserName: chrome, browserVersion: 87.0.4280.141, chrome: {chromedriverVersion: 87.0.4280.88 (89e2380a3e36c..., userDataDir: C:\Users\eesha\AppData\Loca...}, goog:chromeOptions: {debuggerAddress: localhost:58291}, javascriptEnabled: true, networkConnectionEnabled: false, pageLoadStrategy: normal, platform: WINDOWS, platformName: WINDOWS, proxy: Proxy(), setWindowRect: true, strictFileInteractability: false, timeouts: {implicit: 0, pageLoad: 300000, script: 30000}, unhandledPromptBehavior: dismiss and notify, webauthn:virtualAuthenticators: true}
Session ID: 077bca0a83f76699cd25b07f756f4364
at sun.reflect.NativeConstructorAccessorImpl.newInstance0(Native Method)
at sun.reflect.NativeConstructorAccessorImpl.newInstance(NativeConstructorAccessorImpl.java:62)
at sun.reflect.DelegatingConstructorAccessorImpl.newInstance(DelegatingConstructorAccessorImpl.java:45)
at java.lang.reflect.Constructor.newInstance(Constructor.java:423)
at org.openqa.selenium.remote.http.W3CHttpResponseCodec.createException(W3CHttpResponseCodec.java:187)
at org.openqa.selenium.remote.http.W3CHttpResponseCodec.decode(W3CHttpResponseCodec.java:122)
at org.openqa.selenium.remote.http.W3CHttpResponseCodec.decode(W3CHttpResponseCodec.java:49)
at org.openqa.selenium.remote.HttpCommandExecutor.execute(HttpCommandExecutor.java:158)
at org.openqa.selenium.remote.service.DriverCommandExecutor.execute(DriverCommandExecutor.java:83)
at org.openqa.selenium.remote.RemoteWebDriver.execute(RemoteWebDriver.java:552)
at org.openqa.selenium.remote.RemoteWebElement.execute(RemoteWebElement.java:285)
at org.openqa.selenium.remote.RemoteWebElement.click(RemoteWebElement.java:84)
at sun.reflect.GeneratedMethodAccessor1.invoke(Unknown Source)
at sun.reflect.DelegatingMethodAccessorImpl.invoke(DelegatingMethodAccessorImpl.java:43)
at java.lang.reflect.Method.invoke(Method.java:498)
at org.openqa.selenium.support.pagefactory.internal.LocatingElementHandler.invoke(LocatingElementHandler.java:51)
at com.sun.proxy.$Proxy14.click(Unknown Source)
at tests.KatyaSprint2.test4WebsiteFooter(KatyaSprint2.java:93)
at sun.reflect.NativeMethodAccessorImpl.invoke0(Native Method)
at sun.reflect.NativeMethodAccessorImpl.invoke(NativeMethodAccessorImpl.java:62)
at sun.reflect.DelegatingMethodAccessorImpl.invoke(DelegatingMethodAccessorImpl.java:43)
at java.lang.reflect.Method.invoke(Method.java:498)
at org.testng.internal.MethodInvocationHelper.invokeMethod(MethodInvocationHelper.java:132)
at org.testng.internal.TestInvoker.invokeMethod(TestInvoker.java:599)
at org.testng.internal.TestInvoker.invokeTestMethod(TestInvoker.java:174)
at org.testng.internal.MethodRunner.runInSequence(MethodRunner.java:46)
at org.testng.internal.TestInvoker$MethodInvocationAgent.invoke(TestInvoker.java:822)
at org.testng.internal.TestInvoker.invokeTestMethods(TestInvoker.java:147)
at org.testng.internal.TestMethodWorker.invokeTestMethods(TestMethodWorker.java:146)
at org.testng.internal.TestMethodWorker.run(TestMethodWorker.java:128)
at java.util.concurrent.ThreadPoolExecutor.runWorker(ThreadPoolExecutor.java:1149)
at java.util.concurrent.ThreadPoolExecutor$Worker.run(ThreadPoolExecutor.java:624)
at java.lang.Thread.run(Thread.java:748)
]]>
            </full-stacktrace>
          </exception> <!-- org.openqa.selenium.ElementClickInterceptedException -->
          <reporter-output>
          </reporter-output>
        </test-method> <!-- test4WebsiteFooter -->
        <test-method status="PASS" signature="teardownMethod(org.testng.ITestResult)[pri:0, instance:tests.KatyaSprint2@15bfd87]" name="teardownMethod" is-config="true" duration-ms="1733" started-at="2021-01-24T19:23:37 EST" finished-at="2021-01-24T19:23:39 EST">
          <params>
            <param index="0">
              <value>
                <![CDATA[[TestResult name=test4WebsiteFooter status=FAILURE method=KatyaSprint2.test4WebsiteFooter()[pri:0, instance:tests.KatyaSprint2@15bfd87] output={null}]]]>
              </value>
            </param>
          </params>
          <reporter-output>
          </reporter-output>
        </test-method> <!-- teardownMethod -->
        <test-method status="PASS" signature="setupMethod(java.lang.String)[pri:0, instance:tests.KatyaSprint2@15bfd87]" name="setupMethod" is-config="true" duration-ms="17049" started-at="2021-01-24T19:23:39 EST" finished-at="2021-01-24T19:23:56 EST">
          <params>
            <param index="0">
              <value is-null="true"/>
            </param>
          </params>
          <reporter-output>
          </reporter-output>
        </test-method> <!-- setupMethod -->
        <test-method status="FAIL" signature="test5WebsiteFooter()[pri:0, instance:tests.KatyaSprint2@15bfd87]" name="test5WebsiteFooter" duration-ms="1961" started-at="2021-01-24T19:23:56 EST" finished-at="2021-01-24T19:23:58 EST">
          <exception class="org.openqa.selenium.ElementClickInterceptedException">
            <message>
              <![CDATA[element click intercepted: Element <a class="footernav-careers" href="/us/en/careers/overview" target="">...</a> is not clickable at point (311, 680). Other element would receive the click: <p class="mb-0 cookie-banner-content">...</p>
  (Session info: chrome=87.0.4280.141)
Build info: version: '3.141.59', revision: 'e82be7d358', time: '2018-11-14T08:17:03'
System info: host: 'LAPTOP-MC2FHNDC', ip: '192.168.1.102', os.name: 'Windows 10', os.arch: 'amd64', os.version: '10.0', java.version: '1.8.0_261'
Driver info: org.openqa.selenium.chrome.ChromeDriver
Capabilities {acceptInsecureCerts: false, browserName: chrome, browserVersion: 87.0.4280.141, chrome: {chromedriverVersion: 87.0.4280.88 (89e2380a3e36c..., userDataDir: C:\Users\eesha\AppData\Loca...}, goog:chromeOptions: {debuggerAddress: localhost:58547}, javascriptEnabled: true, networkConnectionEnabled: false, pageLoadStrategy: normal, platform: WINDOWS, platformName: WINDOWS, proxy: Proxy(), setWindowRect: true, strictFileInteractability: false, timeouts: {implicit: 0, pageLoad: 300000, script: 30000}, unhandledPromptBehavior: dismiss and notify, webauthn:virtualAuthenticators: true}
Session ID: 5b68bd4f77e6366aa903a622ffb248bf]]>
            </message>
            <full-stacktrace>
              <![CDATA[org.openqa.selenium.ElementClickInterceptedException: element click intercepted: Element <a class="footernav-careers" href="/us/en/careers/overview" target="">...</a> is not clickable at point (311, 680). Other element would receive the click: <p class="mb-0 cookie-banner-content">...</p>
  (Session info: chrome=87.0.4280.141)
Build info: version: '3.141.59', revision: 'e82be7d358', time: '2018-11-14T08:17:03'
System info: host: 'LAPTOP-MC2FHNDC', ip: '192.168.1.102', os.name: 'Windows 10', os.arch: 'amd64', os.version: '10.0', java.version: '1.8.0_261'
Driver info: org.openqa.selenium.chrome.ChromeDriver
Capabilities {acceptInsecureCerts: false, browserName: chrome, browserVersion: 87.0.4280.141, chrome: {chromedriverVersion: 87.0.4280.88 (89e2380a3e36c..., userDataDir: C:\Users\eesha\AppData\Loca...}, goog:chromeOptions: {debuggerAddress: localhost:58547}, javascriptEnabled: true, networkConnectionEnabled: false, pageLoadStrategy: normal, platform: WINDOWS, platformName: WINDOWS, proxy: Proxy(), setWindowRect: true, strictFileInteractability: false, timeouts: {implicit: 0, pageLoad: 300000, script: 30000}, unhandledPromptBehavior: dismiss and notify, webauthn:virtualAuthenticators: true}
Session ID: 5b68bd4f77e6366aa903a622ffb248bf
at sun.reflect.NativeConstructorAccessorImpl.newInstance0(Native Method)
at sun.reflect.NativeConstructorAccessorImpl.newInstance(NativeConstructorAccessorImpl.java:62)
at sun.reflect.DelegatingConstructorAccessorImpl.newInstance(DelegatingConstructorAccessorImpl.java:45)
at java.lang.reflect.Constructor.newInstance(Constructor.java:423)
at org.openqa.selenium.remote.http.W3CHttpResponseCodec.createException(W3CHttpResponseCodec.java:187)
at org.openqa.selenium.remote.http.W3CHttpResponseCodec.decode(W3CHttpResponseCodec.java:122)
at org.openqa.selenium.remote.http.W3CHttpResponseCodec.decode(W3CHttpResponseCodec.java:49)
at org.openqa.selenium.remote.HttpCommandExecutor.execute(HttpCommandExecutor.java:158)
at org.openqa.selenium.remote.service.DriverCommandExecutor.execute(DriverCommandExecutor.java:83)
at org.openqa.selenium.remote.RemoteWebDriver.execute(RemoteWebDriver.java:552)
at org.openqa.selenium.remote.RemoteWebElement.execute(RemoteWebElement.java:285)
at org.openqa.selenium.remote.RemoteWebElement.click(RemoteWebElement.java:84)
at sun.reflect.GeneratedMethodAccessor1.invoke(Unknown Source)
at sun.reflect.DelegatingMethodAccessorImpl.invoke(DelegatingMethodAccessorImpl.java:43)
at java.lang.reflect.Method.invoke(Method.java:498)
at org.openqa.selenium.support.pagefactory.internal.LocatingElementHandler.invoke(LocatingElementHandler.java:51)
at com.sun.proxy.$Proxy14.click(Unknown Source)
at tests.KatyaSprint2.test5WebsiteFooter(KatyaSprint2.java:113)
at sun.reflect.NativeMethodAccessorImpl.invoke0(Native Method)
at sun.reflect.NativeMethodAccessorImpl.invoke(NativeMethodAccessorImpl.java:62)
at sun.reflect.DelegatingMethodAccessorImpl.invoke(DelegatingMethodAccessorImpl.java:43)
at java.lang.reflect.Method.invoke(Method.java:498)
at org.testng.internal.MethodInvocationHelper.invokeMethod(MethodInvocationHelper.java:132)
at org.testng.internal.TestInvoker.invokeMethod(TestInvoker.java:599)
at org.testng.internal.TestInvoker.invokeTestMethod(TestInvoker.java:174)
at org.testng.internal.MethodRunner.runInSequence(MethodRunner.java:46)
at org.testng.internal.TestInvoker$MethodInvocationAgent.invoke(TestInvoker.java:822)
at org.testng.internal.TestInvoker.invokeTestMethods(TestInvoker.java:147)
at org.testng.internal.TestMethodWorker.invokeTestMethods(TestMethodWorker.java:146)
at org.testng.internal.TestMethodWorker.run(TestMethodWorker.java:128)
at java.util.concurrent.ThreadPoolExecutor.runWorker(ThreadPoolExecutor.java:1149)
at java.util.concurrent.ThreadPoolExecutor$Worker.run(ThreadPoolExecutor.java:624)
at java.lang.Thread.run(Thread.java:748)
]]>
            </full-stacktrace>
          </exception> <!-- org.openqa.selenium.ElementClickInterceptedException -->
          <reporter-output>
          </reporter-output>
        </test-method> <!-- test5WebsiteFooter -->
        <test-method status="PASS" signature="teardownMethod(org.testng.ITestResult)[pri:0, instance:tests.KatyaSprint2@15bfd87]" name="teardownMethod" is-config="true" duration-ms="1637" started-at="2021-01-24T19:23:58 EST" finished-at="2021-01-24T19:24:00 EST">
          <params>
            <param index="0">
              <value>
                <![CDATA[[TestResult name=test5WebsiteFooter status=FAILURE method=KatyaSprint2.test5WebsiteFooter()[pri:0, instance:tests.KatyaSprint2@15bfd87] output={null}]]]>
              </value>
            </param>
          </params>
          <reporter-output>
          </reporter-output>
        </test-method> <!-- teardownMethod -->
        <test-method status="PASS" signature="setupMethod(java.lang.String)[pri:0, instance:tests.KatyaSprint2@15bfd87]" name="setupMethod" is-config="true" duration-ms="15364" started-at="2021-01-24T19:24:00 EST" finished-at="2021-01-24T19:24:15 EST">
          <params>
            <param index="0">
              <value is-null="true"/>
            </param>
          </params>
          <reporter-output>
          </reporter-output>
        </test-method> <!-- setupMethod -->
        <test-method status="PASS" signature="test6WebsiteFooter()[pri:0, instance:tests.KatyaSprint2@15bfd87]" name="test6WebsiteFooter" duration-ms="10316" started-at="2021-01-24T19:24:15 EST" finished-at="2021-01-24T19:24:26 EST">
          <reporter-output>
          </reporter-output>
        </test-method> <!-- test6WebsiteFooter -->
        <test-method status="PASS" signature="teardownMethod(org.testng.ITestResult)[pri:0, instance:tests.KatyaSprint2@15bfd87]" name="teardownMethod" is-config="true" duration-ms="2138" started-at="2021-01-24T19:24:26 EST" finished-at="2021-01-24T19:24:28 EST">
          <params>
            <param index="0">
              <value>
                <![CDATA[[TestResult name=test6WebsiteFooter status=SUCCESS method=KatyaSprint2.test6WebsiteFooter()[pri:0, instance:tests.KatyaSprint2@15bfd87] output={null}]]]>
              </value>
            </param>
          </params>
          <reporter-output>
          </reporter-output>
        </test-method> <!-- teardownMethod -->
        <test-method status="PASS" signature="setupMethod(java.lang.String)[pri:0, instance:tests.KatyaSprint2@15bfd87]" name="setupMethod" is-config="true" duration-ms="15634" started-at="2021-01-24T19:24:28 EST" finished-at="2021-01-24T19:24:43 EST">
          <params>
            <param index="0">
              <value is-null="true"/>
            </param>
          </params>
          <reporter-output>
          </reporter-output>
        </test-method> <!-- setupMethod -->
        <test-method status="PASS" signature="test7WebsiteFooter()[pri:0, instance:tests.KatyaSprint2@15bfd87]" name="test7WebsiteFooter" duration-ms="18953" started-at="2021-01-24T19:24:43 EST" finished-at="2021-01-24T19:25:02 EST">
          <reporter-output>
          </reporter-output>
        </test-method> <!-- test7WebsiteFooter -->
        <test-method status="PASS" signature="teardownMethod(org.testng.ITestResult)[pri:0, instance:tests.KatyaSprint2@15bfd87]" name="teardownMethod" is-config="true" duration-ms="994" started-at="2021-01-24T19:25:02 EST" finished-at="2021-01-24T19:25:03 EST">
          <params>
            <param index="0">
              <value>
                <![CDATA[[TestResult name=test7WebsiteFooter status=SUCCESS method=KatyaSprint2.test7WebsiteFooter()[pri:0, instance:tests.KatyaSprint2@15bfd87] output={null}]]]>
              </value>
            </param>
          </params>
          <reporter-output>
          </reporter-output>
        </test-method> <!-- teardownMethod -->
        <test-method status="PASS" signature="setupMethod(java.lang.String)[pri:0, instance:tests.KatyaSprint2@15bfd87]" name="setupMethod" is-config="true" duration-ms="15162" started-at="2021-01-24T19:25:03 EST" finished-at="2021-01-24T19:25:18 EST">
          <params>
            <param index="0">
              <value is-null="true"/>
            </param>
          </params>
          <reporter-output>
          </reporter-output>
        </test-method> <!-- setupMethod -->
        <test-method status="FAIL" signature="test8WebsiteFooter()[pri:0, instance:tests.KatyaSprint2@15bfd87]" name="test8WebsiteFooter" duration-ms="3470" started-at="2021-01-24T19:25:18 EST" finished-at="2021-01-24T19:25:22 EST">
          <exception class="org.openqa.selenium.ElementClickInterceptedException">
            <message>
              <![CDATA[element click intercepted: Element <a aria-haspopup="true" class="facebook circle-outline picturefill-background ng-star-inserted" href="javascript:void(0);" id="footer-facebook" tabindex="0" style="background-image: url(&quot;//content.delta.com/content/www/us/en.damAssetRender.20180411T2106219950400.html/content/dam/delta_homepage_redesign/hpr_optimized_images/social_icons/Facebook-icon-LG.svg&quot;); background-size: cover; background-repeat: no-repeat; background-position: 50% 50%;">...</a> is not clickable at point (553, 687). Other element would receive the click: <div class="cookie-footer cookie-footer-container text-left ng-star-inserted">...</div>
  (Session info: chrome=87.0.4280.141)
Build info: version: '3.141.59', revision: 'e82be7d358', time: '2018-11-14T08:17:03'
System info: host: 'LAPTOP-MC2FHNDC', ip: '192.168.1.102', os.name: 'Windows 10', os.arch: 'amd64', os.version: '10.0', java.version: '1.8.0_261'
Driver info: org.openqa.selenium.chrome.ChromeDriver
Capabilities {acceptInsecureCerts: false, browserName: chrome, browserVersion: 87.0.4280.141, chrome: {chromedriverVersion: 87.0.4280.88 (89e2380a3e36c..., userDataDir: C:\Users\eesha\AppData\Loca...}, goog:chromeOptions: {debuggerAddress: localhost:59365}, javascriptEnabled: true, networkConnectionEnabled: false, pageLoadStrategy: normal, platform: WINDOWS, platformName: WINDOWS, proxy: Proxy(), setWindowRect: true, strictFileInteractability: false, timeouts: {implicit: 0, pageLoad: 300000, script: 30000}, unhandledPromptBehavior: dismiss and notify, webauthn:virtualAuthenticators: true}
Session ID: 6b09e8195214b4e6a2aa789e994163a2]]>
            </message>
            <full-stacktrace>
              <![CDATA[org.openqa.selenium.ElementClickInterceptedException: element click intercepted: Element <a aria-haspopup="true" class="facebook circle-outline picturefill-background ng-star-inserted" href="javascript:void(0);" id="footer-facebook" tabindex="0" style="background-image: url(&quot;//content.delta.com/content/www/us/en.damAssetRender.20180411T2106219950400.html/content/dam/delta_homepage_redesign/hpr_optimized_images/social_icons/Facebook-icon-LG.svg&quot;); background-size: cover; background-repeat: no-repeat; background-position: 50% 50%;">...</a> is not clickable at point (553, 687). Other element would receive the click: <div class="cookie-footer cookie-footer-container text-left ng-star-inserted">...</div>
  (Session info: chrome=87.0.4280.141)
Build info: version: '3.141.59', revision: 'e82be7d358', time: '2018-11-14T08:17:03'
System info: host: 'LAPTOP-MC2FHNDC', ip: '192.168.1.102', os.name: 'Windows 10', os.arch: 'amd64', os.version: '10.0', java.version: '1.8.0_261'
Driver info: org.openqa.selenium.chrome.ChromeDriver
Capabilities {acceptInsecureCerts: false, browserName: chrome, browserVersion: 87.0.4280.141, chrome: {chromedriverVersion: 87.0.4280.88 (89e2380a3e36c..., userDataDir: C:\Users\eesha\AppData\Loca...}, goog:chromeOptions: {debuggerAddress: localhost:59365}, javascriptEnabled: true, networkConnectionEnabled: false, pageLoadStrategy: normal, platform: WINDOWS, platformName: WINDOWS, proxy: Proxy(), setWindowRect: true, strictFileInteractability: false, timeouts: {implicit: 0, pageLoad: 300000, script: 30000}, unhandledPromptBehavior: dismiss and notify, webauthn:virtualAuthenticators: true}
Session ID: 6b09e8195214b4e6a2aa789e994163a2
at sun.reflect.NativeConstructorAccessorImpl.newInstance0(Native Method)
at sun.reflect.NativeConstructorAccessorImpl.newInstance(NativeConstructorAccessorImpl.java:62)
at sun.reflect.DelegatingConstructorAccessorImpl.newInstance(DelegatingConstructorAccessorImpl.java:45)
at java.lang.reflect.Constructor.newInstance(Constructor.java:423)
at org.openqa.selenium.remote.http.W3CHttpResponseCodec.createException(W3CHttpResponseCodec.java:187)
at org.openqa.selenium.remote.http.W3CHttpResponseCodec.decode(W3CHttpResponseCodec.java:122)
at org.openqa.selenium.remote.http.W3CHttpResponseCodec.decode(W3CHttpResponseCodec.java:49)
at org.openqa.selenium.remote.HttpCommandExecutor.execute(HttpCommandExecutor.java:158)
at org.openqa.selenium.remote.service.DriverCommandExecutor.execute(DriverCommandExecutor.java:83)
at org.openqa.selenium.remote.RemoteWebDriver.execute(RemoteWebDriver.java:552)
at org.openqa.selenium.remote.RemoteWebElement.execute(RemoteWebElement.java:285)
at org.openqa.selenium.remote.RemoteWebElement.click(RemoteWebElement.java:84)
at sun.reflect.GeneratedMethodAccessor1.invoke(Unknown Source)
at sun.reflect.DelegatingMethodAccessorImpl.invoke(DelegatingMethodAccessorImpl.java:43)
at java.lang.reflect.Method.invoke(Method.java:498)
at org.openqa.selenium.support.pagefactory.internal.LocatingElementHandler.invoke(LocatingElementHandler.java:51)
at com.sun.proxy.$Proxy14.click(Unknown Source)
at tests.KatyaSprint2.test8WebsiteFooter(KatyaSprint2.java:183)
at sun.reflect.NativeMethodAccessorImpl.invoke0(Native Method)
at sun.reflect.NativeMethodAccessorImpl.invoke(NativeMethodAccessorImpl.java:62)
at sun.reflect.DelegatingMethodAccessorImpl.invoke(DelegatingMethodAccessorImpl.java:43)
at java.lang.reflect.Method.invoke(Method.java:498)
at org.testng.internal.MethodInvocationHelper.invokeMethod(MethodInvocationHelper.java:132)
at org.testng.internal.TestInvoker.invokeMethod(TestInvoker.java:599)
at org.testng.internal.TestInvoker.invokeTestMethod(TestInvoker.java:174)
at org.testng.internal.MethodRunner.runInSequence(MethodRunner.java:46)
at org.testng.internal.TestInvoker$MethodInvocationAgent.invoke(TestInvoker.java:822)
at org.testng.internal.TestInvoker.invokeTestMethods(TestInvoker.java:147)
at org.testng.internal.TestMethodWorker.invokeTestMethods(TestMethodWorker.java:146)
at org.testng.internal.TestMethodWorker.run(TestMethodWorker.java:128)
at java.util.concurrent.ThreadPoolExecutor.runWorker(ThreadPoolExecutor.java:1149)
at java.util.concurrent.ThreadPoolExecutor$Worker.run(ThreadPoolExecutor.java:624)
at java.lang.Thread.run(Thread.java:748)
]]>
            </full-stacktrace>
          </exception> <!-- org.openqa.selenium.ElementClickInterceptedException -->
          <reporter-output>
          </reporter-output>
        </test-method> <!-- test8WebsiteFooter -->
        <test-method status="PASS" signature="teardownMethod(org.testng.ITestResult)[pri:0, instance:tests.KatyaSprint2@15bfd87]" name="teardownMethod" is-config="true" duration-ms="2347" started-at="2021-01-24T19:25:22 EST" finished-at="2021-01-24T19:25:24 EST">
          <params>
            <param index="0">
              <value>
                <![CDATA[[TestResult name=test8WebsiteFooter status=FAILURE method=KatyaSprint2.test8WebsiteFooter()[pri:0, instance:tests.KatyaSprint2@15bfd87] output={null}]]]>
              </value>
            </param>
          </params>
          <reporter-output>
          </reporter-output>
        </test-method> <!-- teardownMethod -->
      </class> <!-- tests.KatyaSprint2 -->
      <class name="tests.DilmuRodSprint2">
        <test-method status="PASS" signature="setUpReport()[pri:0, instance:tests.DilmuRodSprint2@5427c60c]" name="setUpReport" is-config="true" duration-ms="431" started-at="2021-01-24T19:21:44 EST" finished-at="2021-01-24T19:21:44 EST">
          <reporter-output>
          </reporter-output>
        </test-method> <!-- setUpReport -->
        <test-method status="PASS" signature="setupMethod(java.lang.String)[pri:0, instance:tests.DilmuRodSprint2@5427c60c]" name="setupMethod" is-config="true" duration-ms="30323" started-at="2021-01-24T19:21:44 EST" finished-at="2021-01-24T19:22:14 EST">
          <params>
            <param index="0">
              <value is-null="true"/>
            </param>
          </params>
          <reporter-output>
          </reporter-output>
        </test-method> <!-- setupMethod -->
        <test-method status="PASS" signature="multipleCity()[pri:0, instance:tests.DilmuRodSprint2@5427c60c]" name="multipleCity" duration-ms="8997" started-at="2021-01-24T19:22:14 EST" finished-at="2021-01-24T19:22:23 EST">
          <reporter-output>
          </reporter-output>
        </test-method> <!-- multipleCity -->
        <test-method status="PASS" signature="teardownMethod(org.testng.ITestResult)[pri:0, instance:tests.DilmuRodSprint2@5427c60c]" name="teardownMethod" is-config="true" duration-ms="3107" started-at="2021-01-24T19:22:23 EST" finished-at="2021-01-24T19:22:26 EST">
          <params>
            <param index="0">
              <value>
                <![CDATA[[TestResult name=multipleCity status=SUCCESS method=DilmuRodSprint2.multipleCity()[pri:0, instance:tests.DilmuRodSprint2@5427c60c] output={null}]]]>
              </value>
            </param>
          </params>
          <reporter-output>
          </reporter-output>
        </test-method> <!-- teardownMethod -->
        <test-method status="PASS" signature="setupMethod(java.lang.String)[pri:0, instance:tests.DilmuRodSprint2@5427c60c]" name="setupMethod" is-config="true" duration-ms="16593" started-at="2021-01-24T19:22:26 EST" finished-at="2021-01-24T19:22:43 EST">
          <params>
            <param index="0">
              <value is-null="true"/>
            </param>
          </params>
          <reporter-output>
          </reporter-output>
        </test-method> <!-- setupMethod -->
        <test-method status="FAIL" signature="randomNumberOfPassengers()[pri:0, instance:tests.DilmuRodSprint2@5427c60c]" name="randomNumberOfPassengers" duration-ms="36828" started-at="2021-01-24T19:22:43 EST" finished-at="2021-01-24T19:23:20 EST">
          <exception class="org.openqa.selenium.NoSuchElementException">
            <message>
              <![CDATA[no such element: Unable to locate element: {"method":"xpath","selector":"//*[@id="booking"]/form/div[1]/div/div[1]/div[1]/div[4]/span/span[1]"}
  (Session info: chrome=87.0.4280.141)
For documentation on this error, please visit: https://www.seleniumhq.org/exceptions/no_such_element.html
Build info: version: '3.141.59', revision: 'e82be7d358', time: '2018-11-14T08:17:03'
System info: host: 'LAPTOP-MC2FHNDC', ip: '192.168.1.102', os.name: 'Windows 10', os.arch: 'amd64', os.version: '10.0', java.version: '1.8.0_261'
Driver info: org.openqa.selenium.chrome.ChromeDriver
Capabilities {acceptInsecureCerts: false, browserName: chrome, browserVersion: 87.0.4280.141, chrome: {chromedriverVersion: 87.0.4280.88 (89e2380a3e36c..., userDataDir: C:\Users\eesha\AppData\Loca...}, goog:chromeOptions: {debuggerAddress: localhost:57683}, javascriptEnabled: true, networkConnectionEnabled: false, pageLoadStrategy: normal, platform: WINDOWS, platformName: WINDOWS, proxy: Proxy(), setWindowRect: true, strictFileInteractability: false, timeouts: {implicit: 0, pageLoad: 300000, script: 30000}, unhandledPromptBehavior: dismiss and notify, webauthn:virtualAuthenticators: true}
Session ID: 191b7e6de370ad552d8c9393d951e18a
*** Element info: {Using=xpath, value=//*[@id="booking"]/form/div[1]/div/div[1]/div[1]/div[4]/span/span[1]}]]>
            </message>
            <full-stacktrace>
              <![CDATA[org.openqa.selenium.NoSuchElementException: no such element: Unable to locate element: {"method":"xpath","selector":"//*[@id="booking"]/form/div[1]/div/div[1]/div[1]/div[4]/span/span[1]"}
  (Session info: chrome=87.0.4280.141)
For documentation on this error, please visit: https://www.seleniumhq.org/exceptions/no_such_element.html
Build info: version: '3.141.59', revision: 'e82be7d358', time: '2018-11-14T08:17:03'
System info: host: 'LAPTOP-MC2FHNDC', ip: '192.168.1.102', os.name: 'Windows 10', os.arch: 'amd64', os.version: '10.0', java.version: '1.8.0_261'
Driver info: org.openqa.selenium.chrome.ChromeDriver
Capabilities {acceptInsecureCerts: false, browserName: chrome, browserVersion: 87.0.4280.141, chrome: {chromedriverVersion: 87.0.4280.88 (89e2380a3e36c..., userDataDir: C:\Users\eesha\AppData\Loca...}, goog:chromeOptions: {debuggerAddress: localhost:57683}, javascriptEnabled: true, networkConnectionEnabled: false, pageLoadStrategy: normal, platform: WINDOWS, platformName: WINDOWS, proxy: Proxy(), setWindowRect: true, strictFileInteractability: false, timeouts: {implicit: 0, pageLoad: 300000, script: 30000}, unhandledPromptBehavior: dismiss and notify, webauthn:virtualAuthenticators: true}
Session ID: 191b7e6de370ad552d8c9393d951e18a
*** Element info: {Using=xpath, value=//*[@id="booking"]/form/div[1]/div/div[1]/div[1]/div[4]/span/span[1]}
at sun.reflect.NativeConstructorAccessorImpl.newInstance0(Native Method)
at sun.reflect.NativeConstructorAccessorImpl.newInstance(NativeConstructorAccessorImpl.java:62)
at sun.reflect.DelegatingConstructorAccessorImpl.newInstance(DelegatingConstructorAccessorImpl.java:45)
at java.lang.reflect.Constructor.newInstance(Constructor.java:423)
at org.openqa.selenium.remote.http.W3CHttpResponseCodec.createException(W3CHttpResponseCodec.java:187)
at org.openqa.selenium.remote.http.W3CHttpResponseCodec.decode(W3CHttpResponseCodec.java:122)
at org.openqa.selenium.remote.http.W3CHttpResponseCodec.decode(W3CHttpResponseCodec.java:49)
at org.openqa.selenium.remote.HttpCommandExecutor.execute(HttpCommandExecutor.java:158)
at org.openqa.selenium.remote.service.DriverCommandExecutor.execute(DriverCommandExecutor.java:83)
at org.openqa.selenium.remote.RemoteWebDriver.execute(RemoteWebDriver.java:552)
at org.openqa.selenium.remote.RemoteWebDriver.findElement(RemoteWebDriver.java:323)
at org.openqa.selenium.remote.RemoteWebDriver.findElementByXPath(RemoteWebDriver.java:428)
at org.openqa.selenium.By$ByXPath.findElement(By.java:353)
at org.openqa.selenium.remote.RemoteWebDriver.findElement(RemoteWebDriver.java:315)
at org.openqa.selenium.support.pagefactory.DefaultElementLocator.findElement(DefaultElementLocator.java:69)
at org.openqa.selenium.support.pagefactory.internal.LocatingElementHandler.invoke(LocatingElementHandler.java:38)
at com.sun.proxy.$Proxy14.sendKeys(Unknown Source)
at tests.DilmuRodSprint2.randomNumberOfPassengers(DilmuRodSprint2.java:91)
at sun.reflect.NativeMethodAccessorImpl.invoke0(Native Method)
at sun.reflect.NativeMethodAccessorImpl.invoke(NativeMethodAccessorImpl.java:62)
at sun.reflect.DelegatingMethodAccessorImpl.invoke(DelegatingMethodAccessorImpl.java:43)
at java.lang.reflect.Method.invoke(Method.java:498)
at org.testng.internal.MethodInvocationHelper.invokeMethod(MethodInvocationHelper.java:132)
at org.testng.internal.TestInvoker.invokeMethod(TestInvoker.java:599)
at org.testng.internal.TestInvoker.invokeTestMethod(TestInvoker.java:174)
at org.testng.internal.MethodRunner.runInSequence(MethodRunner.java:46)
at org.testng.internal.TestInvoker$MethodInvocationAgent.invoke(TestInvoker.java:822)
at org.testng.internal.TestInvoker.invokeTestMethods(TestInvoker.java:147)
at org.testng.internal.TestMethodWorker.invokeTestMethods(TestMethodWorker.java:146)
at org.testng.internal.TestMethodWorker.run(TestMethodWorker.java:128)
at java.util.concurrent.ThreadPoolExecutor.runWorker(ThreadPoolExecutor.java:1149)
at java.util.concurrent.ThreadPoolExecutor$Worker.run(ThreadPoolExecutor.java:624)
at java.lang.Thread.run(Thread.java:748)
]]>
            </full-stacktrace>
          </exception> <!-- org.openqa.selenium.NoSuchElementException -->
          <reporter-output>
          </reporter-output>
        </test-method> <!-- randomNumberOfPassengers -->
        <test-method status="PASS" signature="teardownMethod(org.testng.ITestResult)[pri:0, instance:tests.DilmuRodSprint2@5427c60c]" name="teardownMethod" is-config="true" duration-ms="11419" started-at="2021-01-24T19:23:20 EST" finished-at="2021-01-24T19:23:31 EST">
          <params>
            <param index="0">
              <value>
                <![CDATA[[TestResult name=randomNumberOfPassengers status=FAILURE method=DilmuRodSprint2.randomNumberOfPassengers()[pri:0, instance:tests.DilmuRodSprint2@5427c60c] output={null}]]]>
              </value>
            </param>
          </params>
          <reporter-output>
          </reporter-output>
        </test-method> <!-- teardownMethod -->
        <test-method status="PASS" signature="setupMethod(java.lang.String)[pri:0, instance:tests.DilmuRodSprint2@5427c60c]" name="setupMethod" is-config="true" duration-ms="15809" started-at="2021-01-24T19:23:31 EST" finished-at="2021-01-24T19:23:47 EST">
          <params>
            <param index="0">
              <value is-null="true"/>
            </param>
          </params>
          <reporter-output>
          </reporter-output>
        </test-method> <!-- setupMethod -->
        <test-method status="PASS" signature="verifyAllLinksOnBookingPage()[pri:0, instance:tests.DilmuRodSprint2@5427c60c]" name="verifyAllLinksOnBookingPage" duration-ms="12771" started-at="2021-01-24T19:23:47 EST" finished-at="2021-01-24T19:24:00 EST">
          <reporter-output>
          </reporter-output>
        </test-method> <!-- verifyAllLinksOnBookingPage -->
        <test-method status="PASS" signature="teardownMethod(org.testng.ITestResult)[pri:0, instance:tests.DilmuRodSprint2@5427c60c]" name="teardownMethod" is-config="true" duration-ms="9845" started-at="2021-01-24T19:24:00 EST" finished-at="2021-01-24T19:24:10 EST">
          <params>
            <param index="0">
              <value>
                <![CDATA[[TestResult name=verifyAllLinksOnBookingPage status=SUCCESS method=DilmuRodSprint2.verifyAllLinksOnBookingPage()[pri:0, instance:tests.DilmuRodSprint2@5427c60c] output={null}]]]>
              </value>
            </param>
          </params>
          <reporter-output>
          </reporter-output>
        </test-method> <!-- teardownMethod -->
        <test-method status="PASS" signature="setupMethod(java.lang.String)[pri:0, instance:tests.DilmuRodSprint2@5427c60c]" name="setupMethod" is-config="true" duration-ms="16593" started-at="2021-01-24T19:24:10 EST" finished-at="2021-01-24T19:24:26 EST">
          <params>
            <param index="0">
              <value is-null="true"/>
            </param>
          </params>
          <reporter-output>
          </reporter-output>
        </test-method> <!-- setupMethod -->
        <test-method status="FAIL" signature="verifyThreeDifferentSearchResul(java.lang.String, java.lang.String, java.lang.String, java.lang.String, java.lang.String, java.lang.String, java.lang.String, java.lang.String)[pri:0, instance:tests.DilmuRodSprint2@5427c60c]" name="verifyThreeDifferentSearchResul" duration-ms="29653" started-at="2021-01-24T19:24:26 EST" data-provider="getMultipleData_1" finished-at="2021-01-24T19:24:56 EST">
          <params>
            <param index="0">
              <value>
                <![CDATA[ATL]]>
              </value>
            </param>
            <param index="1">
              <value>
                <![CDATA[MIA]]>
              </value>
            </param>
            <param index="2">
              <value>
                <![CDATA[March]]>
              </value>
            </param>
            <param index="3">
              <value>
                <![CDATA[1 ]]>
              </value>
            </param>
            <param index="4">
              <value>
                <![CDATA[March]]>
              </value>
            </param>
            <param index="5">
              <value>
                <![CDATA[May]]>
              </value>
            </param>
            <param index="6">
              <value>
                <![CDATA[15 ]]>
              </value>
            </param>
            <param index="7">
              <value>
                <![CDATA[May]]>
              </value>
            </param>
          </params>
          <exception class="java.lang.AssertionError">
            <message>
              <![CDATA[expected [true] but found [false]]]>
            </message>
            <full-stacktrace>
              <![CDATA[java.lang.AssertionError: expected [true] but found [false]
at org.testng.Assert.fail(Assert.java:99)
at org.testng.Assert.failNotEquals(Assert.java:1037)
at org.testng.Assert.assertTrue(Assert.java:45)
at org.testng.Assert.assertTrue(Assert.java:55)
at tests.DilmuRodSprint2.verifyThreeDifferentSearchResul(DilmuRodSprint2.java:203)
at sun.reflect.NativeMethodAccessorImpl.invoke0(Native Method)
at sun.reflect.NativeMethodAccessorImpl.invoke(NativeMethodAccessorImpl.java:62)
at sun.reflect.DelegatingMethodAccessorImpl.invoke(DelegatingMethodAccessorImpl.java:43)
at java.lang.reflect.Method.invoke(Method.java:498)
at org.testng.internal.MethodInvocationHelper.invokeMethod(MethodInvocationHelper.java:132)
at org.testng.internal.TestInvoker.invokeMethod(TestInvoker.java:599)
at org.testng.internal.TestInvoker.invokeTestMethod(TestInvoker.java:174)
at org.testng.internal.MethodRunner.runInSequence(MethodRunner.java:46)
at org.testng.internal.TestInvoker$MethodInvocationAgent.invoke(TestInvoker.java:822)
at org.testng.internal.TestInvoker.invokeTestMethods(TestInvoker.java:147)
at org.testng.internal.TestMethodWorker.invokeTestMethods(TestMethodWorker.java:146)
at org.testng.internal.TestMethodWorker.run(TestMethodWorker.java:128)
at java.util.concurrent.ThreadPoolExecutor.runWorker(ThreadPoolExecutor.java:1149)
at java.util.concurrent.ThreadPoolExecutor$Worker.run(ThreadPoolExecutor.java:624)
at java.lang.Thread.run(Thread.java:748)
]]>
            </full-stacktrace>
          </exception> <!-- java.lang.AssertionError -->
          <reporter-output>
          </reporter-output>
        </test-method> <!-- verifyThreeDifferentSearchResul -->
        <test-method status="PASS" signature="teardownMethod(org.testng.ITestResult)[pri:0, instance:tests.DilmuRodSprint2@5427c60c]" name="teardownMethod" is-config="true" duration-ms="2201" started-at="2021-01-24T19:24:56 EST" finished-at="2021-01-24T19:24:58 EST">
          <params>
            <param index="0">
              <value>
                <![CDATA[[TestResult name=verifyThreeDifferentSearchResul status=FAILURE method=DilmuRodSprint2.verifyThreeDifferentSearchResul(java.lang.String, java.lang.String, java.lang.String, java.lang.String, java.lang.String, java.lang.String, java.lang.String, java.lang.String)[pri:0, instance:tests.DilmuRodSprint2@5427c60c] output={null}]]]>
              </value>
            </param>
          </params>
          <reporter-output>
          </reporter-output>
        </test-method> <!-- teardownMethod -->
        <test-method status="PASS" signature="setupMethod(java.lang.String)[pri:0, instance:tests.DilmuRodSprint2@5427c60c]" name="setupMethod" is-config="true" duration-ms="13621" started-at="2021-01-24T19:24:58 EST" finished-at="2021-01-24T19:25:12 EST">
          <params>
            <param index="0">
              <value is-null="true"/>
            </param>
          </params>
          <reporter-output>
          </reporter-output>
        </test-method> <!-- setupMethod -->
        <test-method status="PASS" signature="verifyThreeDifferentSearchResults(java.lang.String, java.lang.String, java.lang.String, java.lang.String, java.lang.String, java.lang.String, java.lang.String, java.lang.String)[pri:0, instance:tests.DilmuRodSprint2@5427c60c]" name="verifyThreeDifferentSearchResults" duration-ms="18377" started-at="2021-01-24T19:25:12 EST" data-provider="getMultipleData" finished-at="2021-01-24T19:25:30 EST">
          <params>
            <param index="0">
              <value>
                <![CDATA[ATL]]>
              </value>
            </param>
            <param index="1">
              <value>
                <![CDATA[NYC]]>
              </value>
            </param>
            <param index="2">
              <value>
                <![CDATA[March]]>
              </value>
            </param>
            <param index="3">
              <value>
                <![CDATA[1 ]]>
              </value>
            </param>
            <param index="4">
              <value>
                <![CDATA[March]]>
              </value>
            </param>
            <param index="5">
              <value>
                <![CDATA[May]]>
              </value>
            </param>
            <param index="6">
              <value>
                <![CDATA[15 ]]>
              </value>
            </param>
            <param index="7">
              <value>
                <![CDATA[May]]>
              </value>
            </param>
          </params>
          <reporter-output>
          </reporter-output>
        </test-method> <!-- verifyThreeDifferentSearchResults -->
        <test-method status="PASS" signature="teardownMethod(org.testng.ITestResult)[pri:0, instance:tests.DilmuRodSprint2@5427c60c]" name="teardownMethod" is-config="true" duration-ms="911" started-at="2021-01-24T19:25:30 EST" finished-at="2021-01-24T19:25:31 EST">
          <params>
            <param index="0">
              <value>
                <![CDATA[[TestResult name=verifyThreeDifferentSearchResults status=SUCCESS method=DilmuRodSprint2.verifyThreeDifferentSearchResults(java.lang.String, java.lang.String, java.lang.String, java.lang.String, java.lang.String, java.lang.String, java.lang.String, java.lang.String)[pri:0, instance:tests.DilmuRodSprint2@5427c60c] output={null}]]]>
              </value>
            </param>
          </params>
          <reporter-output>
          </reporter-output>
        </test-method> <!-- teardownMethod -->
        <test-method status="PASS" signature="tearDownReport()[pri:0, instance:tests.DilmuRodSprint2@5427c60c]" name="tearDownReport" is-config="true" duration-ms="708" started-at="2021-01-24T19:28:12 EST" finished-at="2021-01-24T19:28:12 EST">
          <reporter-output>
          </reporter-output>
        </test-method> <!-- tearDownReport -->
      </class> <!-- tests.DilmuRodSprint2 -->
      <class name="tests.SanaSprint2">
        <test-method status="PASS" signature="setupMethod(java.lang.String)[pri:0, instance:tests.SanaSprint2@543e710e]" name="setupMethod" is-config="true" duration-ms="16831" started-at="2021-01-24T19:21:44 EST" finished-at="2021-01-24T19:22:01 EST">
          <params>
            <param index="0">
              <value is-null="true"/>
            </param>
          </params>
          <reporter-output>
          </reporter-output>
        </test-method> <!-- setupMethod -->
        <test-method status="PASS" signature="maxGiftCardAmount()[pri:0, instance:tests.SanaSprint2@543e710e]" name="maxGiftCardAmount" duration-ms="27841" started-at="2021-01-24T19:22:01 EST" finished-at="2021-01-24T19:22:29 EST">
          <reporter-output>
          </reporter-output>
        </test-method> <!-- maxGiftCardAmount -->
        <test-method status="PASS" signature="teardownMethod(org.testng.ITestResult)[pri:0, instance:tests.SanaSprint2@543e710e]" name="teardownMethod" is-config="true" duration-ms="3011" started-at="2021-01-24T19:22:29 EST" finished-at="2021-01-24T19:22:32 EST">
          <params>
            <param index="0">
              <value>
                <![CDATA[[TestResult name=maxGiftCardAmount status=SUCCESS method=SanaSprint2.maxGiftCardAmount()[pri:0, instance:tests.SanaSprint2@543e710e] output={null}]]]>
              </value>
            </param>
          </params>
          <reporter-output>
          </reporter-output>
        </test-method> <!-- teardownMethod -->
        <test-method status="PASS" signature="setupMethod(java.lang.String)[pri:0, instance:tests.SanaSprint2@543e710e]" name="setupMethod" is-config="true" duration-ms="14720" started-at="2021-01-24T19:22:32 EST" finished-at="2021-01-24T19:22:46 EST">
          <params>
            <param index="0">
              <value is-null="true"/>
            </param>
          </params>
          <reporter-output>
          </reporter-output>
        </test-method> <!-- setupMethod -->
        <test-method status="PASS" signature="minGiftCardAmount()[pri:0, instance:tests.SanaSprint2@543e710e]" name="minGiftCardAmount" duration-ms="25468" started-at="2021-01-24T19:22:46 EST" finished-at="2021-01-24T19:23:12 EST">
          <reporter-output>
          </reporter-output>
        </test-method> <!-- minGiftCardAmount -->
        <test-method status="PASS" signature="teardownMethod(org.testng.ITestResult)[pri:0, instance:tests.SanaSprint2@543e710e]" name="teardownMethod" is-config="true" duration-ms="1107" started-at="2021-01-24T19:23:12 EST" finished-at="2021-01-24T19:23:13 EST">
          <params>
            <param index="0">
              <value>
                <![CDATA[[TestResult name=minGiftCardAmount status=SUCCESS method=SanaSprint2.minGiftCardAmount()[pri:0, instance:tests.SanaSprint2@543e710e] output={null}]]]>
              </value>
            </param>
          </params>
          <reporter-output>
          </reporter-output>
        </test-method> <!-- teardownMethod -->
        <test-method status="PASS" signature="setupMethod(java.lang.String)[pri:0, instance:tests.SanaSprint2@543e710e]" name="setupMethod" is-config="true" duration-ms="14597" started-at="2021-01-24T19:23:13 EST" finished-at="2021-01-24T19:23:28 EST">
          <params>
            <param index="0">
              <value is-null="true"/>
            </param>
          </params>
          <reporter-output>
          </reporter-output>
        </test-method> <!-- setupMethod -->
        <test-method status="PASS" signature="mismatchEmails()[pri:0, instance:tests.SanaSprint2@543e710e]" name="mismatchEmails" duration-ms="32545" started-at="2021-01-24T19:23:28 EST" finished-at="2021-01-24T19:24:00 EST">
          <reporter-output>
          </reporter-output>
        </test-method> <!-- mismatchEmails -->
        <test-method status="PASS" signature="teardownMethod(org.testng.ITestResult)[pri:0, instance:tests.SanaSprint2@543e710e]" name="teardownMethod" is-config="true" duration-ms="4868" started-at="2021-01-24T19:24:00 EST" finished-at="2021-01-24T19:24:05 EST">
          <params>
            <param index="0">
              <value>
                <![CDATA[[TestResult name=mismatchEmails status=SUCCESS method=SanaSprint2.mismatchEmails()[pri:0, instance:tests.SanaSprint2@543e710e] output={null}]]]>
              </value>
            </param>
          </params>
          <reporter-output>
          </reporter-output>
        </test-method> <!-- teardownMethod -->
        <test-method status="PASS" signature="setupMethod(java.lang.String)[pri:0, instance:tests.SanaSprint2@543e710e]" name="setupMethod" is-config="true" duration-ms="18117" started-at="2021-01-24T19:24:05 EST" finished-at="2021-01-24T19:24:23 EST">
          <params>
            <param index="0">
              <value is-null="true"/>
            </param>
          </params>
          <reporter-output>
          </reporter-output>
        </test-method> <!-- setupMethod -->
        <test-method status="PASS" signature="negativeCreditCard()[pri:0, instance:tests.SanaSprint2@543e710e]" name="negativeCreditCard" duration-ms="40650" started-at="2021-01-24T19:24:23 EST" finished-at="2021-01-24T19:25:04 EST">
          <reporter-output>
          </reporter-output>
        </test-method> <!-- negativeCreditCard -->
        <test-method status="PASS" signature="teardownMethod(org.testng.ITestResult)[pri:0, instance:tests.SanaSprint2@543e710e]" name="teardownMethod" is-config="true" duration-ms="4305" started-at="2021-01-24T19:25:04 EST" finished-at="2021-01-24T19:25:08 EST">
          <params>
            <param index="0">
              <value>
                <![CDATA[[TestResult name=negativeCreditCard status=SUCCESS method=SanaSprint2.negativeCreditCard()[pri:0, instance:tests.SanaSprint2@543e710e] output={null}]]]>
              </value>
            </param>
          </params>
          <reporter-output>
          </reporter-output>
        </test-method> <!-- teardownMethod -->
        <test-method status="PASS" signature="setupMethod(java.lang.String)[pri:0, instance:tests.SanaSprint2@543e710e]" name="setupMethod" is-config="true" duration-ms="15807" started-at="2021-01-24T19:25:08 EST" finished-at="2021-01-24T19:25:24 EST">
          <params>
            <param index="0">
              <value is-null="true"/>
            </param>
          </params>
          <reporter-output>
          </reporter-output>
        </test-method> <!-- setupMethod -->
        <test-method status="PASS" signature="nonEngSenderName(java.lang.String, java.lang.String)[pri:0, instance:tests.SanaSprint2@543e710e]" name="nonEngSenderName" duration-ms="20807" started-at="2021-01-24T19:25:24 EST" data-provider="negSN" finished-at="2021-01-24T19:25:45 EST">
          <params>
            <param index="0">
              <value>
                <![CDATA[Testee]]>
              </value>
            </param>
            <param index="1">
              <value>
                <![CDATA[test cihaz]]>
              </value>
            </param>
          </params>
          <reporter-output>
          </reporter-output>
        </test-method> <!-- nonEngSenderName -->
        <test-method status="PASS" signature="teardownMethod(org.testng.ITestResult)[pri:0, instance:tests.SanaSprint2@543e710e]" name="teardownMethod" is-config="true" duration-ms="1098" started-at="2021-01-24T19:25:45 EST" finished-at="2021-01-24T19:25:46 EST">
          <params>
            <param index="0">
              <value>
                <![CDATA[[TestResult name=nonEngSenderName status=SUCCESS method=SanaSprint2.nonEngSenderName(java.lang.String, java.lang.String)[pri:0, instance:tests.SanaSprint2@543e710e] output={null}]]]>
              </value>
            </param>
          </params>
          <reporter-output>
          </reporter-output>
        </test-method> <!-- teardownMethod -->
        <test-method status="PASS" signature="setupMethod(java.lang.String)[pri:0, instance:tests.SanaSprint2@543e710e]" name="setupMethod" is-config="true" duration-ms="14924" started-at="2021-01-24T19:25:46 EST" finished-at="2021-01-24T19:26:01 EST">
          <params>
            <param index="0">
              <value is-null="true"/>
            </param>
          </params>
          <reporter-output>
          </reporter-output>
        </test-method> <!-- setupMethod -->
        <test-method status="PASS" signature="nonEngSenderName(java.lang.String, java.lang.String)[pri:0, instance:tests.SanaSprint2@543e710e]" name="nonEngSenderName" duration-ms="19472" started-at="2021-01-24T19:26:01 EST" data-provider="negSN" finished-at="2021-01-24T19:26:20 EST">
          <params>
            <param index="0">
              <value>
                <![CDATA[Testee]]>
              </value>
            </param>
            <param index="1">
              <value>
                <![CDATA[tester007]]>
              </value>
            </param>
          </params>
          <reporter-output>
          </reporter-output>
        </test-method> <!-- nonEngSenderName -->
        <test-method status="PASS" signature="teardownMethod(org.testng.ITestResult)[pri:0, instance:tests.SanaSprint2@543e710e]" name="teardownMethod" is-config="true" duration-ms="871" started-at="2021-01-24T19:26:20 EST" finished-at="2021-01-24T19:26:21 EST">
          <params>
            <param index="0">
              <value>
                <![CDATA[[TestResult name=nonEngSenderName status=SUCCESS method=SanaSprint2.nonEngSenderName(java.lang.String, java.lang.String)[pri:0, instance:tests.SanaSprint2@543e710e] output={null}]]]>
              </value>
            </param>
          </params>
          <reporter-output>
          </reporter-output>
        </test-method> <!-- teardownMethod -->
        <test-method status="PASS" signature="setupMethod(java.lang.String)[pri:0, instance:tests.SanaSprint2@543e710e]" name="setupMethod" is-config="true" duration-ms="13325" started-at="2021-01-24T19:26:21 EST" finished-at="2021-01-24T19:26:34 EST">
          <params>
            <param index="0">
              <value is-null="true"/>
            </param>
          </params>
          <reporter-output>
          </reporter-output>
        </test-method> <!-- setupMethod -->
        <test-method status="PASS" signature="nonEngSenderName(java.lang.String, java.lang.String)[pri:0, instance:tests.SanaSprint2@543e710e]" name="nonEngSenderName" duration-ms="16061" started-at="2021-01-24T19:26:34 EST" data-provider="negSN" finished-at="2021-01-24T19:26:50 EST">
          <params>
            <param index="0">
              <value>
                <![CDATA[Testee]]>
              </value>
            </param>
            <param index="1">
              <value>
                <![CDATA[]]>
              </value>
            </param>
          </params>
          <reporter-output>
          </reporter-output>
        </test-method> <!-- nonEngSenderName -->
        <test-method status="PASS" signature="teardownMethod(org.testng.ITestResult)[pri:0, instance:tests.SanaSprint2@543e710e]" name="teardownMethod" is-config="true" duration-ms="887" started-at="2021-01-24T19:26:50 EST" finished-at="2021-01-24T19:26:51 EST">
          <params>
            <param index="0">
              <value>
                <![CDATA[[TestResult name=nonEngSenderName status=SUCCESS method=SanaSprint2.nonEngSenderName(java.lang.String, java.lang.String)[pri:0, instance:tests.SanaSprint2@543e710e] output={null}]]]>
              </value>
            </param>
          </params>
          <reporter-output>
          </reporter-output>
        </test-method> <!-- teardownMethod -->
        <test-method status="PASS" signature="setupMethod(java.lang.String)[pri:0, instance:tests.SanaSprint2@543e710e]" name="setupMethod" is-config="true" duration-ms="14278" started-at="2021-01-24T19:26:51 EST" finished-at="2021-01-24T19:27:06 EST">
          <params>
            <param index="0">
              <value is-null="true"/>
            </param>
          </params>
          <reporter-output>
          </reporter-output>
        </test-method> <!-- setupMethod -->
        <test-method status="PASS" signature="nonEngSenderName(java.lang.String, java.lang.String)[pri:0, instance:tests.SanaSprint2@543e710e]" name="nonEngSenderName" duration-ms="18095" started-at="2021-01-24T19:27:06 EST" data-provider="negSN" finished-at="2021-01-24T19:27:24 EST">
          <params>
            <param index="0">
              <value>
                <![CDATA[Testee]]>
              </value>
            </param>
            <param index="1">
              <value>
                <![CDATA[]]>
              </value>
            </param>
          </params>
          <reporter-output>
          </reporter-output>
        </test-method> <!-- nonEngSenderName -->
        <test-method status="PASS" signature="teardownMethod(org.testng.ITestResult)[pri:0, instance:tests.SanaSprint2@543e710e]" name="teardownMethod" is-config="true" duration-ms="858" started-at="2021-01-24T19:27:24 EST" finished-at="2021-01-24T19:27:25 EST">
          <params>
            <param index="0">
              <value>
                <![CDATA[[TestResult name=nonEngSenderName status=SUCCESS method=SanaSprint2.nonEngSenderName(java.lang.String, java.lang.String)[pri:0, instance:tests.SanaSprint2@543e710e] output={null}]]]>
              </value>
            </param>
          </params>
          <reporter-output>
          </reporter-output>
        </test-method> <!-- teardownMethod -->
        <test-method status="PASS" signature="setupMethod(java.lang.String)[pri:0, instance:tests.SanaSprint2@543e710e]" name="setupMethod" is-config="true" duration-ms="12511" started-at="2021-01-24T19:27:25 EST" finished-at="2021-01-24T19:27:37 EST">
          <params>
            <param index="0">
              <value is-null="true"/>
            </param>
          </params>
          <reporter-output>
          </reporter-output>
        </test-method> <!-- setupMethod -->
        <test-method status="PASS" signature="nonEngSenderName(java.lang.String, java.lang.String)[pri:0, instance:tests.SanaSprint2@543e710e]" name="nonEngSenderName" duration-ms="18149" started-at="2021-01-24T19:27:37 EST" data-provider="negSN" finished-at="2021-01-24T19:27:55 EST">
          <params>
            <param index="0">
              <value>
                <![CDATA[Testee]]>
              </value>
            </param>
            <param index="1">
              <value>
                <![CDATA[000000]]>
              </value>
            </param>
          </params>
          <reporter-output>
          </reporter-output>
        </test-method> <!-- nonEngSenderName -->
        <test-method status="PASS" signature="teardownMethod(org.testng.ITestResult)[pri:0, instance:tests.SanaSprint2@543e710e]" name="teardownMethod" is-config="true" duration-ms="1021" started-at="2021-01-24T19:27:55 EST" finished-at="2021-01-24T19:27:56 EST">
          <params>
            <param index="0">
              <value>
                <![CDATA[[TestResult name=nonEngSenderName status=SUCCESS method=SanaSprint2.nonEngSenderName(java.lang.String, java.lang.String)[pri:0, instance:tests.SanaSprint2@543e710e] output={null}]]]>
              </value>
            </param>
          </params>
          <reporter-output>
          </reporter-output>
        </test-method> <!-- teardownMethod -->
        <test-method status="PASS" signature="setupMethod(java.lang.String)[pri:0, instance:tests.SanaSprint2@543e710e]" name="setupMethod" is-config="true" duration-ms="12380" started-at="2021-01-24T19:27:56 EST" finished-at="2021-01-24T19:28:09 EST">
          <params>
            <param index="0">
              <value is-null="true"/>
            </param>
          </params>
          <reporter-output>
          </reporter-output>
        </test-method> <!-- setupMethod -->
        <test-method status="PASS" signature="verifyGiftCardLink()[pri:0, instance:tests.SanaSprint2@543e710e]" name="verifyGiftCardLink" duration-ms="1788" started-at="2021-01-24T19:28:09 EST" finished-at="2021-01-24T19:28:10 EST">
          <reporter-output>
          </reporter-output>
        </test-method> <!-- verifyGiftCardLink -->
        <test-method status="PASS" signature="teardownMethod(org.testng.ITestResult)[pri:0, instance:tests.SanaSprint2@543e710e]" name="teardownMethod" is-config="true" duration-ms="892" started-at="2021-01-24T19:28:10 EST" finished-at="2021-01-24T19:28:11 EST">
          <params>
            <param index="0">
              <value>
                <![CDATA[[TestResult name=verifyGiftCardLink status=SUCCESS method=SanaSprint2.verifyGiftCardLink()[pri:0, instance:tests.SanaSprint2@543e710e] output={null}]]]>
              </value>
            </param>
          </params>
          <reporter-output>
          </reporter-output>
        </test-method> <!-- teardownMethod -->
      </class> <!-- tests.SanaSprint2 -->
      <class name="tests.KaterinaSprint2">
        <test-method status="PASS" signature="setupMethod(java.lang.String)[pri:0, instance:tests.KaterinaSprint2@57f23557]" name="setupMethod" is-config="true" duration-ms="29654" started-at="2021-01-24T19:21:44 EST" finished-at="2021-01-24T19:22:14 EST">
          <params>
            <param index="0">
              <value is-null="true"/>
            </param>
          </params>
          <reporter-output>
          </reporter-output>
        </test-method> <!-- setupMethod -->
        <test-method status="PASS" signature="cityFullNameBookingPage(java.lang.String, java.lang.String, java.lang.String, java.lang.String, java.lang.String, java.lang.String)[pri:0, instance:tests.KaterinaSprint2@57f23557]" name="cityFullNameBookingPage" duration-ms="5917" started-at="2021-01-24T19:22:14 EST" data-provider="getCity" finished-at="2021-01-24T19:22:20 EST">
          <params>
            <param index="0">
              <value>
                <![CDATA[Atlanta]]>
              </value>
            </param>
            <param index="1">
              <value>
                <![CDATA[Atlanta]]>
              </value>
            </param>
            <param index="2">
              <value>
                <![CDATA[Washington]]>
              </value>
            </param>
            <param index="3">
              <value>
                <![CDATA[Washington]]>
              </value>
            </param>
            <param index="4">
              <value>
                <![CDATA[Atlanta]]>
              </value>
            </param>
            <param index="5">
              <value>
                <![CDATA[Washington]]>
              </value>
            </param>
          </params>
          <reporter-output>
          </reporter-output>
        </test-method> <!-- cityFullNameBookingPage -->
        <test-method status="PASS" signature="teardownMethod(org.testng.ITestResult)[pri:0, instance:tests.KaterinaSprint2@57f23557]" name="teardownMethod" is-config="true" duration-ms="1901" started-at="2021-01-24T19:22:20 EST" finished-at="2021-01-24T19:22:22 EST">
          <params>
            <param index="0">
              <value>
                <![CDATA[[TestResult name=cityFullNameBookingPage status=SUCCESS method=KaterinaSprint2.cityFullNameBookingPage(java.lang.String, java.lang.String, java.lang.String, java.lang.String, java.lang.String, java.lang.String)[pri:0, instance:tests.KaterinaSprint2@57f23557] output={null}]]]>
              </value>
            </param>
          </params>
          <reporter-output>
          </reporter-output>
        </test-method> <!-- teardownMethod -->
        <test-method status="PASS" signature="setupMethod(java.lang.String)[pri:0, instance:tests.KaterinaSprint2@57f23557]" name="setupMethod" is-config="true" duration-ms="14318" started-at="2021-01-24T19:22:22 EST" finished-at="2021-01-24T19:22:36 EST">
          <params>
            <param index="0">
              <value is-null="true"/>
            </param>
          </params>
          <reporter-output>
          </reporter-output>
        </test-method> <!-- setupMethod -->
        <test-method status="PASS" signature="datesBookingPage(java.lang.String, java.lang.String, java.lang.String, java.lang.String, java.lang.String, java.lang.String, java.lang.String, java.lang.String)[pri:0, instance:tests.KaterinaSprint2@57f23557]" name="datesBookingPage" duration-ms="18100" started-at="2021-01-24T19:22:36 EST" data-provider="getDates" finished-at="2021-01-24T19:22:54 EST">
          <params>
            <param index="0">
              <value>
                <![CDATA[ATL]]>
              </value>
            </param>
            <param index="1">
              <value>
                <![CDATA[IAD]]>
              </value>
            </param>
            <param index="2">
              <value>
                <![CDATA[February]]>
              </value>
            </param>
            <param index="3">
              <value>
                <![CDATA[1 ]]>
              </value>
            </param>
            <param index="4">
              <value>
                <![CDATA[February]]>
              </value>
            </param>
            <param index="5">
              <value>
                <![CDATA[March]]>
              </value>
            </param>
            <param index="6">
              <value>
                <![CDATA[1 ]]>
              </value>
            </param>
            <param index="7">
              <value>
                <![CDATA[March]]>
              </value>
            </param>
          </params>
          <reporter-output>
          </reporter-output>
        </test-method> <!-- datesBookingPage -->
        <test-method status="PASS" signature="teardownMethod(org.testng.ITestResult)[pri:0, instance:tests.KaterinaSprint2@57f23557]" name="teardownMethod" is-config="true" duration-ms="5977" started-at="2021-01-24T19:22:54 EST" finished-at="2021-01-24T19:23:00 EST">
          <params>
            <param index="0">
              <value>
                <![CDATA[[TestResult name=datesBookingPage status=SUCCESS method=KaterinaSprint2.datesBookingPage(java.lang.String, java.lang.String, java.lang.String, java.lang.String, java.lang.String, java.lang.String, java.lang.String, java.lang.String)[pri:0, instance:tests.KaterinaSprint2@57f23557] output={null}]]]>
              </value>
            </param>
          </params>
          <reporter-output>
          </reporter-output>
        </test-method> <!-- teardownMethod -->
        <test-method status="PASS" signature="setupMethod(java.lang.String)[pri:0, instance:tests.KaterinaSprint2@57f23557]" name="setupMethod" is-config="true" duration-ms="14001" started-at="2021-01-24T19:23:00 EST" finished-at="2021-01-24T19:23:14 EST">
          <params>
            <param index="0">
              <value is-null="true"/>
            </param>
          </params>
          <reporter-output>
          </reporter-output>
        </test-method> <!-- setupMethod -->
        <test-method status="PASS" signature="feedbackBookingPage(java.lang.String)[pri:0, instance:tests.KaterinaSprint2@57f23557]" name="feedbackBookingPage" duration-ms="9145" started-at="2021-01-24T19:23:14 EST" finished-at="2021-01-24T19:23:23 EST">
          <params>
            <param index="0">
              <value>
                <![CDATA[Awesome!]]>
              </value>
            </param>
          </params>
          <reporter-output>
          </reporter-output>
        </test-method> <!-- feedbackBookingPage -->
        <test-method status="PASS" signature="teardownMethod(org.testng.ITestResult)[pri:0, instance:tests.KaterinaSprint2@57f23557]" name="teardownMethod" is-config="true" duration-ms="1904" started-at="2021-01-24T19:23:23 EST" finished-at="2021-01-24T19:23:25 EST">
          <params>
            <param index="0">
              <value>
                <![CDATA[[TestResult name=feedbackBookingPage status=SUCCESS method=KaterinaSprint2.feedbackBookingPage(java.lang.String)[pri:0, instance:tests.KaterinaSprint2@57f23557] output={null}]]]>
              </value>
            </param>
          </params>
          <reporter-output>
          </reporter-output>
        </test-method> <!-- teardownMethod -->
        <test-method status="PASS" signature="setupMethod(java.lang.String)[pri:0, instance:tests.KaterinaSprint2@57f23557]" name="setupMethod" is-config="true" duration-ms="16153" started-at="2021-01-24T19:23:25 EST" finished-at="2021-01-24T19:23:41 EST">
          <params>
            <param index="0">
              <value is-null="true"/>
            </param>
          </params>
          <reporter-output>
          </reporter-output>
        </test-method> <!-- setupMethod -->
        <test-method status="FAIL" signature="modifyResultPage()[pri:0, instance:tests.KaterinaSprint2@57f23557]" name="modifyResultPage" duration-ms="22428" started-at="2021-01-24T19:23:41 EST" finished-at="2021-01-24T19:24:04 EST">
          <exception class="org.openqa.selenium.StaleElementReferenceException">
            <message>
              <![CDATA[stale element reference: element is not attached to the page document
  (Session info: chrome=87.0.4280.141)
For documentation on this error, please visit: https://www.seleniumhq.org/exceptions/stale_element_reference.html
Build info: version: '3.141.59', revision: 'e82be7d358', time: '2018-11-14T08:17:03'
System info: host: 'LAPTOP-MC2FHNDC', ip: '192.168.1.102', os.name: 'Windows 10', os.arch: 'amd64', os.version: '10.0', java.version: '1.8.0_261'
Driver info: org.openqa.selenium.chrome.ChromeDriver
Capabilities {acceptInsecureCerts: false, browserName: chrome, browserVersion: 87.0.4280.141, chrome: {chromedriverVersion: 87.0.4280.88 (89e2380a3e36c..., userDataDir: C:\Users\eesha\AppData\Loca...}, goog:chromeOptions: {debuggerAddress: localhost:58344}, javascriptEnabled: true, networkConnectionEnabled: false, pageLoadStrategy: normal, platform: WINDOWS, platformName: WINDOWS, proxy: Proxy(), setWindowRect: true, strictFileInteractability: false, timeouts: {implicit: 0, pageLoad: 300000, script: 30000}, unhandledPromptBehavior: dismiss and notify, webauthn:virtualAuthenticators: true}
Session ID: 0b022f18c2a5ffaa73fb05f9956feaa7]]>
            </message>
            <full-stacktrace>
              <![CDATA[org.openqa.selenium.StaleElementReferenceException: stale element reference: element is not attached to the page document
  (Session info: chrome=87.0.4280.141)
For documentation on this error, please visit: https://www.seleniumhq.org/exceptions/stale_element_reference.html
Build info: version: '3.141.59', revision: 'e82be7d358', time: '2018-11-14T08:17:03'
System info: host: 'LAPTOP-MC2FHNDC', ip: '192.168.1.102', os.name: 'Windows 10', os.arch: 'amd64', os.version: '10.0', java.version: '1.8.0_261'
Driver info: org.openqa.selenium.chrome.ChromeDriver
Capabilities {acceptInsecureCerts: false, browserName: chrome, browserVersion: 87.0.4280.141, chrome: {chromedriverVersion: 87.0.4280.88 (89e2380a3e36c..., userDataDir: C:\Users\eesha\AppData\Loca...}, goog:chromeOptions: {debuggerAddress: localhost:58344}, javascriptEnabled: true, networkConnectionEnabled: false, pageLoadStrategy: normal, platform: WINDOWS, platformName: WINDOWS, proxy: Proxy(), setWindowRect: true, strictFileInteractability: false, timeouts: {implicit: 0, pageLoad: 300000, script: 30000}, unhandledPromptBehavior: dismiss and notify, webauthn:virtualAuthenticators: true}
Session ID: 0b022f18c2a5ffaa73fb05f9956feaa7
at sun.reflect.NativeConstructorAccessorImpl.newInstance0(Native Method)
at sun.reflect.NativeConstructorAccessorImpl.newInstance(NativeConstructorAccessorImpl.java:62)
at sun.reflect.DelegatingConstructorAccessorImpl.newInstance(DelegatingConstructorAccessorImpl.java:45)
at java.lang.reflect.Constructor.newInstance(Constructor.java:423)
at org.openqa.selenium.remote.http.W3CHttpResponseCodec.createException(W3CHttpResponseCodec.java:187)
at org.openqa.selenium.remote.http.W3CHttpResponseCodec.decode(W3CHttpResponseCodec.java:122)
at org.openqa.selenium.remote.http.W3CHttpResponseCodec.decode(W3CHttpResponseCodec.java:49)
at org.openqa.selenium.remote.HttpCommandExecutor.execute(HttpCommandExecutor.java:158)
at org.openqa.selenium.remote.service.DriverCommandExecutor.execute(DriverCommandExecutor.java:83)
at org.openqa.selenium.remote.RemoteWebDriver.execute(RemoteWebDriver.java:552)
at org.openqa.selenium.remote.RemoteWebElement.execute(RemoteWebElement.java:285)
at org.openqa.selenium.remote.RemoteWebElement.click(RemoteWebElement.java:84)
at sun.reflect.GeneratedMethodAccessor1.invoke(Unknown Source)
at sun.reflect.DelegatingMethodAccessorImpl.invoke(DelegatingMethodAccessorImpl.java:43)
at java.lang.reflect.Method.invoke(Method.java:498)
at org.openqa.selenium.support.pagefactory.internal.LocatingElementHandler.invoke(LocatingElementHandler.java:51)
at com.sun.proxy.$Proxy14.click(Unknown Source)
at tests.KaterinaSprint2.modifyResultPage(KaterinaSprint2.java:225)
at sun.reflect.NativeMethodAccessorImpl.invoke0(Native Method)
at sun.reflect.NativeMethodAccessorImpl.invoke(NativeMethodAccessorImpl.java:62)
at sun.reflect.DelegatingMethodAccessorImpl.invoke(DelegatingMethodAccessorImpl.java:43)
at java.lang.reflect.Method.invoke(Method.java:498)
at org.testng.internal.MethodInvocationHelper.invokeMethod(MethodInvocationHelper.java:132)
at org.testng.internal.TestInvoker.invokeMethod(TestInvoker.java:599)
at org.testng.internal.TestInvoker.invokeTestMethod(TestInvoker.java:174)
at org.testng.internal.MethodRunner.runInSequence(MethodRunner.java:46)
at org.testng.internal.TestInvoker$MethodInvocationAgent.invoke(TestInvoker.java:822)
at org.testng.internal.TestInvoker.invokeTestMethods(TestInvoker.java:147)
at org.testng.internal.TestMethodWorker.invokeTestMethods(TestMethodWorker.java:146)
at org.testng.internal.TestMethodWorker.run(TestMethodWorker.java:128)
at java.util.concurrent.ThreadPoolExecutor.runWorker(ThreadPoolExecutor.java:1149)
at java.util.concurrent.ThreadPoolExecutor$Worker.run(ThreadPoolExecutor.java:624)
at java.lang.Thread.run(Thread.java:748)
]]>
            </full-stacktrace>
          </exception> <!-- org.openqa.selenium.StaleElementReferenceException -->
          <reporter-output>
          </reporter-output>
        </test-method> <!-- modifyResultPage -->
        <test-method status="PASS" signature="teardownMethod(org.testng.ITestResult)[pri:0, instance:tests.KaterinaSprint2@57f23557]" name="teardownMethod" is-config="true" duration-ms="7226" started-at="2021-01-24T19:24:04 EST" finished-at="2021-01-24T19:24:11 EST">
          <params>
            <param index="0">
              <value>
                <![CDATA[[TestResult name=modifyResultPage status=FAILURE method=KaterinaSprint2.modifyResultPage()[pri:0, instance:tests.KaterinaSprint2@57f23557] output={null}]]]>
              </value>
            </param>
          </params>
          <reporter-output>
          </reporter-output>
        </test-method> <!-- teardownMethod -->
        <test-method status="PASS" signature="setupMethod(java.lang.String)[pri:0, instance:tests.KaterinaSprint2@57f23557]" name="setupMethod" is-config="true" duration-ms="19580" started-at="2021-01-24T19:24:11 EST" finished-at="2021-01-24T19:24:30 EST">
          <params>
            <param index="0">
              <value is-null="true"/>
            </param>
          </params>
          <reporter-output>
          </reporter-output>
        </test-method> <!-- setupMethod -->
        <test-method status="FAIL" signature="priceSliderResultsPage()[pri:0, instance:tests.KaterinaSprint2@57f23557]" name="priceSliderResultsPage" duration-ms="34217" started-at="2021-01-24T19:24:30 EST" finished-at="2021-01-24T19:25:05 EST">
          <exception class="org.openqa.selenium.NoSuchElementException">
            <message>
              <![CDATA[no such element: Unable to locate element: {"method":"xpath","selector":"//*[@id="maincontent"]/div[1]/div/div[1]/div[3]/button"}
  (Session info: chrome=87.0.4280.141)
For documentation on this error, please visit: https://www.seleniumhq.org/exceptions/no_such_element.html
Build info: version: '3.141.59', revision: 'e82be7d358', time: '2018-11-14T08:17:03'
System info: host: 'LAPTOP-MC2FHNDC', ip: '192.168.1.102', os.name: 'Windows 10', os.arch: 'amd64', os.version: '10.0', java.version: '1.8.0_261'
Driver info: org.openqa.selenium.chrome.ChromeDriver
Capabilities {acceptInsecureCerts: false, browserName: chrome, browserVersion: 87.0.4280.141, chrome: {chromedriverVersion: 87.0.4280.88 (89e2380a3e36c..., userDataDir: C:\Users\eesha\AppData\Loca...}, goog:chromeOptions: {debuggerAddress: localhost:58896}, javascriptEnabled: true, networkConnectionEnabled: false, pageLoadStrategy: normal, platform: WINDOWS, platformName: WINDOWS, proxy: Proxy(), setWindowRect: true, strictFileInteractability: false, timeouts: {implicit: 0, pageLoad: 300000, script: 30000}, unhandledPromptBehavior: dismiss and notify, webauthn:virtualAuthenticators: true}
Session ID: cd4f19ea69d9e4f1cf35a05b91013d9b
*** Element info: {Using=xpath, value=//*[@id="maincontent"]/div[1]/div/div[1]/div[3]/button}]]>
            </message>
            <full-stacktrace>
              <![CDATA[org.openqa.selenium.NoSuchElementException: no such element: Unable to locate element: {"method":"xpath","selector":"//*[@id="maincontent"]/div[1]/div/div[1]/div[3]/button"}
  (Session info: chrome=87.0.4280.141)
For documentation on this error, please visit: https://www.seleniumhq.org/exceptions/no_such_element.html
Build info: version: '3.141.59', revision: 'e82be7d358', time: '2018-11-14T08:17:03'
System info: host: 'LAPTOP-MC2FHNDC', ip: '192.168.1.102', os.name: 'Windows 10', os.arch: 'amd64', os.version: '10.0', java.version: '1.8.0_261'
Driver info: org.openqa.selenium.chrome.ChromeDriver
Capabilities {acceptInsecureCerts: false, browserName: chrome, browserVersion: 87.0.4280.141, chrome: {chromedriverVersion: 87.0.4280.88 (89e2380a3e36c..., userDataDir: C:\Users\eesha\AppData\Loca...}, goog:chromeOptions: {debuggerAddress: localhost:58896}, javascriptEnabled: true, networkConnectionEnabled: false, pageLoadStrategy: normal, platform: WINDOWS, platformName: WINDOWS, proxy: Proxy(), setWindowRect: true, strictFileInteractability: false, timeouts: {implicit: 0, pageLoad: 300000, script: 30000}, unhandledPromptBehavior: dismiss and notify, webauthn:virtualAuthenticators: true}
Session ID: cd4f19ea69d9e4f1cf35a05b91013d9b
*** Element info: {Using=xpath, value=//*[@id="maincontent"]/div[1]/div/div[1]/div[3]/button}
at sun.reflect.NativeConstructorAccessorImpl.newInstance0(Native Method)
at sun.reflect.NativeConstructorAccessorImpl.newInstance(NativeConstructorAccessorImpl.java:62)
at sun.reflect.DelegatingConstructorAccessorImpl.newInstance(DelegatingConstructorAccessorImpl.java:45)
at java.lang.reflect.Constructor.newInstance(Constructor.java:423)
at org.openqa.selenium.remote.http.W3CHttpResponseCodec.createException(W3CHttpResponseCodec.java:187)
at org.openqa.selenium.remote.http.W3CHttpResponseCodec.decode(W3CHttpResponseCodec.java:122)
at org.openqa.selenium.remote.http.W3CHttpResponseCodec.decode(W3CHttpResponseCodec.java:49)
at org.openqa.selenium.remote.HttpCommandExecutor.execute(HttpCommandExecutor.java:158)
at org.openqa.selenium.remote.service.DriverCommandExecutor.execute(DriverCommandExecutor.java:83)
at org.openqa.selenium.remote.RemoteWebDriver.execute(RemoteWebDriver.java:552)
at org.openqa.selenium.remote.RemoteWebDriver.findElement(RemoteWebDriver.java:323)
at org.openqa.selenium.remote.RemoteWebDriver.findElementByXPath(RemoteWebDriver.java:428)
at org.openqa.selenium.By$ByXPath.findElement(By.java:353)
at org.openqa.selenium.remote.RemoteWebDriver.findElement(RemoteWebDriver.java:315)
at org.openqa.selenium.support.pagefactory.DefaultElementLocator.findElement(DefaultElementLocator.java:69)
at org.openqa.selenium.support.pagefactory.internal.LocatingElementHandler.invoke(LocatingElementHandler.java:38)
at com.sun.proxy.$Proxy14.click(Unknown Source)
at tests.KaterinaSprint2.priceSliderResultsPage(KaterinaSprint2.java:47)
at sun.reflect.NativeMethodAccessorImpl.invoke0(Native Method)
at sun.reflect.NativeMethodAccessorImpl.invoke(NativeMethodAccessorImpl.java:62)
at sun.reflect.DelegatingMethodAccessorImpl.invoke(DelegatingMethodAccessorImpl.java:43)
at java.lang.reflect.Method.invoke(Method.java:498)
at org.testng.internal.MethodInvocationHelper.invokeMethod(MethodInvocationHelper.java:132)
at org.testng.internal.TestInvoker.invokeMethod(TestInvoker.java:599)
at org.testng.internal.TestInvoker.invokeTestMethod(TestInvoker.java:174)
at org.testng.internal.MethodRunner.runInSequence(MethodRunner.java:46)
at org.testng.internal.TestInvoker$MethodInvocationAgent.invoke(TestInvoker.java:822)
at org.testng.internal.TestInvoker.invokeTestMethods(TestInvoker.java:147)
at org.testng.internal.TestMethodWorker.invokeTestMethods(TestMethodWorker.java:146)
at org.testng.internal.TestMethodWorker.run(TestMethodWorker.java:128)
at java.util.concurrent.ThreadPoolExecutor.runWorker(ThreadPoolExecutor.java:1149)
at java.util.concurrent.ThreadPoolExecutor$Worker.run(ThreadPoolExecutor.java:624)
at java.lang.Thread.run(Thread.java:748)
]]>
            </full-stacktrace>
          </exception> <!-- org.openqa.selenium.NoSuchElementException -->
          <reporter-output>
          </reporter-output>
        </test-method> <!-- priceSliderResultsPage -->
        <test-method status="PASS" signature="teardownMethod(org.testng.ITestResult)[pri:0, instance:tests.KaterinaSprint2@57f23557]" name="teardownMethod" is-config="true" duration-ms="4554" started-at="2021-01-24T19:25:05 EST" finished-at="2021-01-24T19:25:09 EST">
          <params>
            <param index="0">
              <value>
                <![CDATA[[TestResult name=priceSliderResultsPage status=FAILURE method=KaterinaSprint2.priceSliderResultsPage()[pri:0, instance:tests.KaterinaSprint2@57f23557] output={null}]]]>
              </value>
            </param>
          </params>
          <reporter-output>
          </reporter-output>
        </test-method> <!-- teardownMethod -->
        <test-method status="PASS" signature="setupMethod(java.lang.String)[pri:0, instance:tests.KaterinaSprint2@57f23557]" name="setupMethod" is-config="true" duration-ms="18558" started-at="2021-01-24T19:25:09 EST" finished-at="2021-01-24T19:25:28 EST">
          <params>
            <param index="0">
              <value is-null="true"/>
            </param>
          </params>
          <reporter-output>
          </reporter-output>
        </test-method> <!-- setupMethod -->
        <test-method status="FAIL" signature="productExpResultsPage()[pri:0, instance:tests.KaterinaSprint2@57f23557]" name="productExpResultsPage" duration-ms="43600" started-at="2021-01-24T19:25:28 EST" finished-at="2021-01-24T19:26:11 EST">
          <exception class="org.openqa.selenium.NoSuchElementException">
            <message>
              <![CDATA[no such element: Unable to locate element: {"method":"css selector","selector":"#button0"}
  (Session info: chrome=87.0.4280.141)
For documentation on this error, please visit: https://www.seleniumhq.org/exceptions/no_such_element.html
Build info: version: '3.141.59', revision: 'e82be7d358', time: '2018-11-14T08:17:03'
System info: host: 'LAPTOP-MC2FHNDC', ip: '192.168.1.102', os.name: 'Windows 10', os.arch: 'amd64', os.version: '10.0', java.version: '1.8.0_261'
Driver info: org.openqa.selenium.chrome.ChromeDriver
Capabilities {acceptInsecureCerts: false, browserName: chrome, browserVersion: 87.0.4280.141, chrome: {chromedriverVersion: 87.0.4280.88 (89e2380a3e36c..., userDataDir: C:\Users\eesha\AppData\Loca...}, goog:chromeOptions: {debuggerAddress: localhost:59478}, javascriptEnabled: true, networkConnectionEnabled: false, pageLoadStrategy: normal, platform: WINDOWS, platformName: WINDOWS, proxy: Proxy(), setWindowRect: true, strictFileInteractability: false, timeouts: {implicit: 0, pageLoad: 300000, script: 30000}, unhandledPromptBehavior: dismiss and notify, webauthn:virtualAuthenticators: true}
Session ID: 536aef13c0bf0e779bf16cdbb8d69f38
*** Element info: {Using=id, value=button0}]]>
            </message>
            <full-stacktrace>
              <![CDATA[org.openqa.selenium.NoSuchElementException: no such element: Unable to locate element: {"method":"css selector","selector":"#button0"}
  (Session info: chrome=87.0.4280.141)
For documentation on this error, please visit: https://www.seleniumhq.org/exceptions/no_such_element.html
Build info: version: '3.141.59', revision: 'e82be7d358', time: '2018-11-14T08:17:03'
System info: host: 'LAPTOP-MC2FHNDC', ip: '192.168.1.102', os.name: 'Windows 10', os.arch: 'amd64', os.version: '10.0', java.version: '1.8.0_261'
Driver info: org.openqa.selenium.chrome.ChromeDriver
Capabilities {acceptInsecureCerts: false, browserName: chrome, browserVersion: 87.0.4280.141, chrome: {chromedriverVersion: 87.0.4280.88 (89e2380a3e36c..., userDataDir: C:\Users\eesha\AppData\Loca...}, goog:chromeOptions: {debuggerAddress: localhost:59478}, javascriptEnabled: true, networkConnectionEnabled: false, pageLoadStrategy: normal, platform: WINDOWS, platformName: WINDOWS, proxy: Proxy(), setWindowRect: true, strictFileInteractability: false, timeouts: {implicit: 0, pageLoad: 300000, script: 30000}, unhandledPromptBehavior: dismiss and notify, webauthn:virtualAuthenticators: true}
Session ID: 536aef13c0bf0e779bf16cdbb8d69f38
*** Element info: {Using=id, value=button0}
at sun.reflect.NativeConstructorAccessorImpl.newInstance0(Native Method)
at sun.reflect.NativeConstructorAccessorImpl.newInstance(NativeConstructorAccessorImpl.java:62)
at sun.reflect.DelegatingConstructorAccessorImpl.newInstance(DelegatingConstructorAccessorImpl.java:45)
at java.lang.reflect.Constructor.newInstance(Constructor.java:423)
at org.openqa.selenium.remote.http.W3CHttpResponseCodec.createException(W3CHttpResponseCodec.java:187)
at org.openqa.selenium.remote.http.W3CHttpResponseCodec.decode(W3CHttpResponseCodec.java:122)
at org.openqa.selenium.remote.http.W3CHttpResponseCodec.decode(W3CHttpResponseCodec.java:49)
at org.openqa.selenium.remote.HttpCommandExecutor.execute(HttpCommandExecutor.java:158)
at org.openqa.selenium.remote.service.DriverCommandExecutor.execute(DriverCommandExecutor.java:83)
at org.openqa.selenium.remote.RemoteWebDriver.execute(RemoteWebDriver.java:552)
at org.openqa.selenium.remote.RemoteWebDriver.findElement(RemoteWebDriver.java:323)
at org.openqa.selenium.remote.RemoteWebDriver.findElementById(RemoteWebDriver.java:372)
at org.openqa.selenium.By$ById.findElement(By.java:188)
at org.openqa.selenium.remote.RemoteWebDriver.findElement(RemoteWebDriver.java:315)
at org.openqa.selenium.support.pagefactory.DefaultElementLocator.findElement(DefaultElementLocator.java:69)
at org.openqa.selenium.support.pagefactory.internal.LocatingElementHandler.invoke(LocatingElementHandler.java:38)
at com.sun.proxy.$Proxy14.click(Unknown Source)
at tests.KaterinaSprint2.productExpResultsPage(KaterinaSprint2.java:179)
at sun.reflect.NativeMethodAccessorImpl.invoke0(Native Method)
at sun.reflect.NativeMethodAccessorImpl.invoke(NativeMethodAccessorImpl.java:62)
at sun.reflect.DelegatingMethodAccessorImpl.invoke(DelegatingMethodAccessorImpl.java:43)
at java.lang.reflect.Method.invoke(Method.java:498)
at org.testng.internal.MethodInvocationHelper.invokeMethod(MethodInvocationHelper.java:132)
at org.testng.internal.TestInvoker.invokeMethod(TestInvoker.java:599)
at org.testng.internal.TestInvoker.invokeTestMethod(TestInvoker.java:174)
at org.testng.internal.MethodRunner.runInSequence(MethodRunner.java:46)
at org.testng.internal.TestInvoker$MethodInvocationAgent.invoke(TestInvoker.java:822)
at org.testng.internal.TestInvoker.invokeTestMethods(TestInvoker.java:147)
at org.testng.internal.TestMethodWorker.invokeTestMethods(TestMethodWorker.java:146)
at org.testng.internal.TestMethodWorker.run(TestMethodWorker.java:128)
at java.util.concurrent.ThreadPoolExecutor.runWorker(ThreadPoolExecutor.java:1149)
at java.util.concurrent.ThreadPoolExecutor$Worker.run(ThreadPoolExecutor.java:624)
at java.lang.Thread.run(Thread.java:748)
]]>
            </full-stacktrace>
          </exception> <!-- org.openqa.selenium.NoSuchElementException -->
          <reporter-output>
          </reporter-output>
        </test-method> <!-- productExpResultsPage -->
        <test-method status="PASS" signature="teardownMethod(org.testng.ITestResult)[pri:0, instance:tests.KaterinaSprint2@57f23557]" name="teardownMethod" is-config="true" duration-ms="1703" started-at="2021-01-24T19:26:11 EST" finished-at="2021-01-24T19:26:13 EST">
          <params>
            <param index="0">
              <value>
                <![CDATA[[TestResult name=productExpResultsPage status=FAILURE method=KaterinaSprint2.productExpResultsPage()[pri:0, instance:tests.KaterinaSprint2@57f23557] output={null}]]]>
              </value>
            </param>
          </params>
          <reporter-output>
          </reporter-output>
        </test-method> <!-- teardownMethod -->
      </class> <!-- tests.KaterinaSprint2 -->
    </test> <!--  Running multiple classes -->
  </suite> <!-- Running multiple classes -->
  <suite name="Failed suite [Crossbrowser Tests]" duration-ms="28865" started-at="2021-01-24T19:28:12 EST" finished-at="2021-01-24T19:28:41 EST">
    <groups>
    </groups>
    <test name="Firefox Test(failed)" duration-ms="28865" started-at="2021-01-24T19:28:12 EST" finished-at="2021-01-24T19:28:41 EST">
      <class name="tests.KaterinaSprint2">
        <test-method status="PASS" signature="setUpReport()[pri:0, instance:tests.KaterinaSprint2@1188e820]" name="setUpReport" is-config="true" duration-ms="2" started-at="2021-01-24T19:28:12 EST" finished-at="2021-01-24T19:28:12 EST">
          <reporter-output>
          </reporter-output>
        </test-method> <!-- setUpReport -->
        <test-method status="PASS" signature="setupMethod(java.lang.String)[pri:0, instance:tests.KaterinaSprint2@1188e820]" name="setupMethod" is-config="true" duration-ms="14502" started-at="2021-01-24T19:28:12 EST" finished-at="2021-01-24T19:28:27 EST">
          <params>
            <param index="0">
              <value>
                <![CDATA[firefox]]>
              </value>
            </param>
          </params>
          <reporter-output>
          </reporter-output>
        </test-method> <!-- setupMethod -->
        <test-method status="PASS" signature="datesBookingPage(java.lang.String, java.lang.String, java.lang.String, java.lang.String, java.lang.String, java.lang.String, java.lang.String, java.lang.String)[pri:0, instance:tests.KaterinaSprint2@1188e820]" name="datesBookingPage" duration-ms="11781" started-at="2021-01-24T19:28:27 EST" data-provider="getDates" finished-at="2021-01-24T19:28:39 EST">
          <params>
            <param index="0">
              <value>
                <![CDATA[ATL]]>
              </value>
            </param>
            <param index="1">
              <value>
                <![CDATA[IAD]]>
              </value>
            </param>
            <param index="2">
              <value>
                <![CDATA[February]]>
              </value>
            </param>
            <param index="3">
              <value>
                <![CDATA[1 ]]>
              </value>
            </param>
            <param index="4">
              <value>
                <![CDATA[February]]>
              </value>
            </param>
            <param index="5">
              <value>
                <![CDATA[March]]>
              </value>
            </param>
            <param index="6">
              <value>
                <![CDATA[1 ]]>
              </value>
            </param>
            <param index="7">
              <value>
                <![CDATA[March]]>
              </value>
            </param>
          </params>
          <reporter-output>
          </reporter-output>
        </test-method> <!-- datesBookingPage -->
        <test-method status="PASS" signature="teardownMethod(org.testng.ITestResult)[pri:0, instance:tests.KaterinaSprint2@1188e820]" name="teardownMethod" is-config="true" duration-ms="2577" started-at="2021-01-24T19:28:39 EST" finished-at="2021-01-24T19:28:41 EST">
          <params>
            <param index="0">
              <value>
                <![CDATA[[TestResult name=datesBookingPage status=SUCCESS method=KaterinaSprint2.datesBookingPage(java.lang.String, java.lang.String, java.lang.String, java.lang.String, java.lang.String, java.lang.String, java.lang.String, java.lang.String)[pri:0, instance:tests.KaterinaSprint2@1188e820] output={null}]]]>
              </value>
            </param>
          </params>
          <reporter-output>
          </reporter-output>
        </test-method> <!-- teardownMethod -->
        <test-method status="PASS" signature="tearDownReport()[pri:0, instance:tests.KaterinaSprint2@1188e820]" name="tearDownReport" is-config="true" duration-ms="132" started-at="2021-01-24T19:28:41 EST" finished-at="2021-01-24T19:28:41 EST">
          <reporter-output>
          </reporter-output>
        </test-method> <!-- tearDownReport -->
      </class> <!-- tests.KaterinaSprint2 -->
    </test> <!-- Firefox Test(failed) -->
  </suite> <!-- Failed suite [Crossbrowser Tests] -->
</testng-results>
