<?xml version="1.0" encoding="UTF-8"?>
<!-- Generated by org.testng.reporters.JUnitXMLReporter -->
<testsuite hostname="LAPTOP-MC2FHNDC" ignored="0" name="Chrome Test" tests="6" failures="0" timestamp="2021-01-24T14:36:52 EST" time="188.573" errors="0">
  <testcase name="cityFullNameBookingPage" time="3.973" classname="tests.KaterinaSprint2"/>
  <testcase name="datesBookingPage" time="10.67" classname="tests.KaterinaSprint2"/>
  <testcase name="feedbackBookingPage" time="4.087" classname="tests.KaterinaSprint2"/>
  <testcase name="modifyResultPage" time="27.94" classname="tests.KaterinaSprint2"/>
  <testcase name="priceSliderResultsPage" time="25.036" classname="tests.KaterinaSprint2"/>
  <testcase name="productExpResultsPage" time="27.02" classname="tests.KaterinaSprint2"/>
</testsuite> <!-- Chrome Test -->
