<?xml version="1.0" encoding="UTF-8"?>
<!-- Generated by org.testng.reporters.JUnitXMLReporter -->
<testsuite hostname="LAPTOP-MC2FHNDC" ignored="0" name="Edge Test" tests="6" failures="0" timestamp="2021-01-21T14:59:56 EST" time="198.628" errors="0">
  <testcase name="cityFullNameBookingPage" time="8.036" classname="tests.KaterinaSprint2"/>
  <testcase name="datesBookingPage" time="12.47" classname="tests.KaterinaSprint2"/>
  <testcase name="feedbackBookingPage" time="5.446" classname="tests.KaterinaSprint2"/>
  <testcase name="modifyResultPage" time="29.023" classname="tests.KaterinaSprint2"/>
  <testcase name="priceSliderResultsPage" time="25.308" classname="tests.KaterinaSprint2"/>
  <testcase name="productExpResultsPage" time="23.203" classname="tests.KaterinaSprint2"/>
</testsuite> <!-- Edge Test -->
