<?xml version="1.0" encoding="UTF-8"?>
<!-- Generated by org.testng.reporters.JUnitXMLReporter -->
<testsuite hostname="LAPTOP-MC2FHNDC" ignored="0" name="Edge Test" tests="6" failures="0" timestamp="2021-01-24T14:36:54 EST" time="191.398" errors="0">
  <testcase name="cityFullNameBookingPage" time="3.599" classname="tests.KaterinaSprint2"/>
  <testcase name="datesBookingPage" time="12.105" classname="tests.KaterinaSprint2"/>
  <testcase name="feedbackBookingPage" time="5.466" classname="tests.KaterinaSprint2"/>
  <testcase name="modifyResultPage" time="26.565" classname="tests.KaterinaSprint2"/>
  <testcase name="priceSliderResultsPage" time="26.052" classname="tests.KaterinaSprint2"/>
  <testcase name="productExpResultsPage" time="24.283" classname="tests.KaterinaSprint2"/>
</testsuite> <!-- Edge Test -->
