<?xml version="1.0" encoding="UTF-8"?>
<!-- Generated by org.testng.reporters.JUnitXMLReporter -->
<testsuite hostname="LAPTOP-MC2FHNDC" ignored="0" name="Firefox Test" tests="6" failures="0" timestamp="2021-01-21T14:59:53 EST" time="195.037" errors="0">
  <testcase name="cityFullNameBookingPage" time="4.748" classname="tests.KaterinaSprint2"/>
  <testcase name="datesBookingPage" time="12.648" classname="tests.KaterinaSprint2"/>
  <testcase name="feedbackBookingPage" time="5.475" classname="tests.KaterinaSprint2"/>
  <testcase name="modifyResultPage" time="27.863" classname="tests.KaterinaSprint2"/>
  <testcase name="priceSliderResultsPage" time="26.25" classname="tests.KaterinaSprint2"/>
  <testcase name="productExpResultsPage" time="26.492" classname="tests.KaterinaSprint2"/>
</testsuite> <!-- Firefox Test -->
